#
# There is insufficient memory for the Java Runtime Environment to continue.
# Native memory allocation (malloc) failed to allocate 1957616 bytes for Chunk::new
# Possible reasons:
#   The system is out of physical RAM or swap space
#   The process is running with CompressedOops enabled, and the Java Heap may be blocking the growth of the native heap
# Possible solutions:
#   Reduce memory load on the system
#   Increase physical memory or swap space
#   Check if swap backing store is full
#   Decrease Java heap size (-Xmx/-Xms)
#   Decrease number of Java threads
#   Decrease Java thread stack sizes (-Xss)
#   Set larger code cache with -XX:ReservedCodeCacheSize=
#   JVM is running with Unscaled Compressed Oops mode in which the Java heap is
#     placed in the first 4GB address space. The Java Heap base address is the
#     maximum limit for the native heap growth. Please use -XX:HeapBaseMinAddress
#     to set the Java Heap base and to place the Java Heap above 4GB virtual address.
# This output file may be truncated or incomplete.
#
#  Out of Memory Error (./src/hotspot/share/memory/arena.cpp:195), pid=7028, tid=19164
#
# JRE version: OpenJDK Runtime Environment Zulu15.44+13-CA (15.0.9+5) (build 15.0.9+5-MTS)
# Java VM: OpenJDK 64-Bit Server VM Zulu15.44+13-CA (15.0.9+5-MTS, mixed mode, sharing, tiered, compressed oops, g1 gc, windows-amd64)
# No core dump will be written. Minidumps are not enabled by default on client versions of Windows
#

---------------  S U M M A R Y ------------

Command Line: --add-opens=java.base/java.util=ALL-UNNAMED --add-opens=java.base/java.lang=ALL-UNNAMED --add-opens=java.base/java.lang.invoke=ALL-UNNAMED --add-opens=java.base/java.util=ALL-UNNAMED --add-opens=java.prefs/java.util.prefs=ALL-UNNAMED --add-opens=java.prefs/java.util.prefs=ALL-UNNAMED --add-opens=java.base/java.nio.charset=ALL-UNNAMED --add-opens=java.base/java.net=ALL-UNNAMED --add-opens=java.base/java.util.concurrent.atomic=ALL-UNNAMED -Xmx2048m -Dfile.encoding=UTF-8 -Duser.country=US -Duser.language=en -Duser.variant org.gradle.launcher.daemon.bootstrap.GradleDaemon 7.0.2

Host: AMD Ryzen 5 3500U with Radeon Vega Mobile Gfx  , 8 cores, 5G,  Windows 11 , 64 bit Build 22000 (10.0.22000.708)
Time: Mon Nov  7 13:36:53 2022 SE Asia Standard Time elapsed time: 20.572175 seconds (0d 0h 0m 20s)

---------------  T H R E A D  ---------------

Current thread (0x0000023a888f7070):  JavaThread "C2 CompilerThread2" daemon [_thread_in_native, id=19164, stack(0x000000d71fd00000,0x000000d71fe00000)]


Current CompileTask:
C2:  20572 3937       4       java.lang.invoke.MethodType::makeImpl (108 bytes)

Stack: [0x000000d71fd00000,0x000000d71fe00000]
Native frames: (J=compiled Java code, j=interpreted, Vv=VM code, C=native code)
V  [jvm.dll+0x60036a]
V  [jvm.dll+0x79fd79]
V  [jvm.dll+0x7a14d3]
V  [jvm.dll+0x7a1b23]
V  [jvm.dll+0x1fc658]
V  [jvm.dll+0x996ca]
V  [jvm.dll+0x99dbc]
V  [jvm.dll+0x310a08]
V  [jvm.dll+0x2d9ea8]
V  [jvm.dll+0x2d920a]
V  [jvm.dll+0x1d22f9]
V  [jvm.dll+0x1d1738]
V  [jvm.dll+0x1646e7]
V  [jvm.dll+0x1e05b4]
V  [jvm.dll+0x1de6fb]
V  [jvm.dll+0x7648fd]
V  [jvm.dll+0x75d7fa]
V  [jvm.dll+0x5ff116]
C  [ucrtbase.dll+0x26c0c]
C  [KERNEL32.DLL+0x154e0]
C  [ntdll.dll+0x485b]


---------------  P R O C E S S  ---------------

Threads class SMR info:
_java_thread_list=0x0000023a8a582a50, length=39, elements={
0x0000023ae864f170, 0x0000023a874e6b90, 0x0000023a874ebe00, 0x0000023a87500db0,
0x0000023a87502780, 0x0000023a875038e0, 0x0000023a87508370, 0x0000023a8750da20,
0x0000023a8752d3b0, 0x0000023a87f3f1e0, 0x0000023a87f6a920, 0x0000023a899ea620,
0x0000023a895a5820, 0x0000023a88c879e0, 0x0000023a88b3fa30, 0x0000023a882352b0,
0x0000023a88cd45d0, 0x0000023a88609830, 0x0000023a891ea9c0, 0x0000023a88a1aec0,
0x0000023a88bfd580, 0x0000023a88bfd0b0, 0x0000023a88bfda50, 0x0000023a88bfe8c0,
0x0000023a8c19bb30, 0x0000023a8c19b190, 0x0000023a8c19e680, 0x0000023a8c19c4d0,
0x0000023a8c19f9c0, 0x0000023a8c19f4f0, 0x0000023a8c19c000, 0x0000023a8c19b660,
0x0000023a8c1a0360, 0x0000023a8c19ce70, 0x0000023a8c19a320, 0x0000023a888f7580,
0x0000023a8c19dce0, 0x0000023a888f7070, 0x0000023a8c19fe90
}

Java Threads: ( => current thread )
  0x0000023ae864f170 JavaThread "main" [_thread_blocked, id=14496, stack(0x000000d71c900000,0x000000d71ca00000)]
  0x0000023a874e6b90 JavaThread "Reference Handler" daemon [_thread_blocked, id=9772, stack(0x000000d71d000000,0x000000d71d100000)]
  0x0000023a874ebe00 JavaThread "Finalizer" daemon [_thread_blocked, id=308, stack(0x000000d71d100000,0x000000d71d200000)]
  0x0000023a87500db0 JavaThread "Signal Dispatcher" daemon [_thread_blocked, id=17984, stack(0x000000d71d200000,0x000000d71d300000)]
  0x0000023a87502780 JavaThread "Attach Listener" daemon [_thread_blocked, id=6208, stack(0x000000d71d300000,0x000000d71d400000)]
  0x0000023a875038e0 JavaThread "Service Thread" daemon [_thread_blocked, id=1044, stack(0x000000d71d400000,0x000000d71d500000)]
  0x0000023a87508370 JavaThread "C2 CompilerThread0" daemon [_thread_in_native, id=13240, stack(0x000000d71d500000,0x000000d71d600000)]
  0x0000023a8750da20 JavaThread "C1 CompilerThread0" daemon [_thread_blocked, id=19804, stack(0x000000d71d600000,0x000000d71d700000)]
  0x0000023a8752d3b0 JavaThread "Sweeper thread" daemon [_thread_blocked, id=17300, stack(0x000000d71d700000,0x000000d71d800000)]
  0x0000023a87f3f1e0 JavaThread "Common-Cleaner" daemon [_thread_blocked, id=3208, stack(0x000000d71d800000,0x000000d71d900000)]
  0x0000023a87f6a920 JavaThread "Notification Thread" daemon [_thread_blocked, id=14408, stack(0x000000d71d900000,0x000000d71da00000)]
  0x0000023a899ea620 JavaThread "Daemon health stats" [_thread_blocked, id=18140, stack(0x000000d71dc00000,0x000000d71dd00000)]
  0x0000023a895a5820 JavaThread "Incoming local TCP Connector on port 58526" [_thread_in_native, id=1512, stack(0x000000d71dd00000,0x000000d71de00000)]
  0x0000023a88c879e0 JavaThread "Daemon periodic checks" [_thread_blocked, id=9748, stack(0x000000d71de00000,0x000000d71df00000)]
  0x0000023a88b3fa30 JavaThread "Daemon" [_thread_blocked, id=15644, stack(0x000000d71df00000,0x000000d71e000000)]
  0x0000023a882352b0 JavaThread "Handler for socket connection from /127.0.0.1:58526 to /127.0.0.1:58527" [_thread_in_native, id=16416, stack(0x000000d71e000000,0x000000d71e100000)]
  0x0000023a88cd45d0 JavaThread "Cancel handler" [_thread_blocked, id=14188, stack(0x000000d71e100000,0x000000d71e200000)]
  0x0000023a88609830 JavaThread "Daemon worker" [_thread_in_vm, id=20224, stack(0x000000d71e200000,0x000000d71e300000)]
  0x0000023a891ea9c0 JavaThread "Asynchronous log dispatcher for DefaultDaemonConnection: socket connection from /127.0.0.1:58526 to /127.0.0.1:58527" [_thread_blocked, id=16880, stack(0x000000d71e300000,0x000000d71e400000)]
  0x0000023a88a1aec0 JavaThread "Stdin handler" [_thread_blocked, id=1828, stack(0x000000d71e400000,0x000000d71e500000)]
  0x0000023a88bfd580 JavaThread "Daemon client event forwarder" [_thread_blocked, id=9836, stack(0x000000d71e500000,0x000000d71e600000)]
  0x0000023a88bfd0b0 JavaThread "Cache worker for file hash cache (C:\Users\ha phun\.gradle\caches\7.0.2\fileHashes)" [_thread_blocked, id=12044, stack(0x000000d71e600000,0x000000d71e700000)]
  0x0000023a88bfda50 JavaThread "File lock request listener" [_thread_in_native, id=6072, stack(0x000000d71e700000,0x000000d71e800000)]
  0x0000023a88bfe8c0 JavaThread "Cache worker for journal cache (C:\Users\ha phun\.gradle\caches\journal-1)" [_thread_blocked, id=16876, stack(0x000000d71e800000,0x000000d71e900000)]
  0x0000023a8c19bb30 JavaThread "Cache worker for file hash cache (C:\Users\ha phun\Desktop\Vietshare\Vietshare\.gradle\7.0.2\fileHashes)" [_thread_blocked, id=9632, stack(0x000000d71ef00000,0x000000d71f000000)]
  0x0000023a8c19b190 JavaThread "File watcher server" daemon [_thread_in_native, id=9472, stack(0x000000d71f000000,0x000000d71f100000)]
  0x0000023a8c19e680 JavaThread "File watcher consumer" daemon [_thread_blocked, id=14652, stack(0x000000d71f100000,0x000000d71f200000)]
  0x0000023a8c19c4d0 JavaThread "Cache worker for checksums cache (C:\Users\ha phun\Desktop\Vietshare\Vietshare\.gradle\checksums)" [_thread_blocked, id=7032, stack(0x000000d71f200000,0x000000d71f300000)]
  0x0000023a8c19f9c0 JavaThread "Cache worker for cache directory md-supplier (C:\Users\ha phun\.gradle\caches\7.0.2\md-supplier)" [_thread_blocked, id=18124, stack(0x000000d71f300000,0x000000d71f400000)]
  0x0000023a8c19f4f0 JavaThread "Cache worker for cache directory md-rule (C:\Users\ha phun\.gradle\caches\7.0.2\md-rule)" [_thread_blocked, id=9732, stack(0x000000d71f500000,0x000000d71f600000)]
  0x0000023a8c19c000 JavaThread "Cache worker for execution history cache (C:\Users\ha phun\.gradle\caches\7.0.2\executionHistory)" [_thread_blocked, id=15960, stack(0x000000d71f700000,0x000000d71f800000)]
  0x0000023a8c19b660 JavaThread "jar transforms" [_thread_blocked, id=16840, stack(0x000000d71f900000,0x000000d71fa00000)]
  0x0000023a8c1a0360 JavaThread "jar transforms Thread 2" [_thread_blocked, id=6860, stack(0x000000d71fa00000,0x000000d71fb00000)]
  0x0000023a8c19ce70 JavaThread "Cache worker for file content cache (C:\Users\ha phun\.gradle\caches\7.0.2\fileContent)" [_thread_blocked, id=13384, stack(0x000000d71fb00000,0x000000d71fc00000)]
  0x0000023a8c19a320 JavaThread "Cache worker for dependencies-accessors (C:\Users\ha phun\Desktop\Vietshare\Vietshare\.gradle\7.0.2\dependencies-accessors)" [_thread_blocked, id=8668, stack(0x000000d71fc00000,0x000000d71fd00000)]
  0x0000023a888f7580 JavaThread "C2 CompilerThread1" daemon [_thread_in_native, id=5172, stack(0x000000d71f400000,0x000000d71f500000)]
  0x0000023a8c19dce0 JavaThread "jar transforms Thread 3" [_thread_blocked, id=15640, stack(0x000000d71f800000,0x000000d71f900000)]
=>0x0000023a888f7070 JavaThread "C2 CompilerThread2" daemon [_thread_in_native, id=19164, stack(0x000000d71fd00000,0x000000d71fe00000)]
  0x0000023a8c19fe90 JavaThread "Cache worker for Build Output Cleanup Cache (C:\Users\ha phun\Desktop\Vietshare\Vietshare\.gradle\buildOutputCleanup)" [_thread_blocked, id=10440, stack(0x000000d71fe00000,0x000000d71ff00000)]

Other Threads:
  0x0000023a874e2ec0 VMThread "VM Thread" [stack: 0x000000d71cf00000,0x000000d71d000000] [id=10356]
  0x0000023a87f6fa20 WatcherThread [stack: 0x000000d71da00000,0x000000d71db00000] [id=9280]
  0x0000023ae868e2e0 GCTaskThread "GC Thread#0" [stack: 0x000000d71ca00000,0x000000d71cb00000] [id=9164]
  0x0000023a87f2d7a0 GCTaskThread "GC Thread#1" [stack: 0x000000d71db00000,0x000000d71dc00000] [id=19660]
  0x0000023a891193f0 GCTaskThread "GC Thread#2" [stack: 0x000000d71e900000,0x000000d71ea00000] [id=10604]
  0x0000023a8911a0b0 GCTaskThread "GC Thread#3" [stack: 0x000000d71ea00000,0x000000d71eb00000] [id=19504]
  0x0000023a8911a3e0 GCTaskThread "GC Thread#4" [stack: 0x000000d71eb00000,0x000000d71ec00000] [id=16412]
  0x0000023a89119a50 GCTaskThread "GC Thread#5" [stack: 0x000000d71ec00000,0x000000d71ed00000] [id=9564]
  0x0000023a89118a60 GCTaskThread "GC Thread#6" [stack: 0x000000d71ed00000,0x000000d71ee00000] [id=14320]
  0x0000023a89119d80 GCTaskThread "GC Thread#7" [stack: 0x000000d71ee00000,0x000000d71ef00000] [id=19416]
  0x0000023ae869f590 ConcurrentGCThread "G1 Main Marker" [stack: 0x000000d71cb00000,0x000000d71cc00000] [id=12988]
  0x0000023ae86a1670 ConcurrentGCThread "G1 Conc#0" [stack: 0x000000d71cc00000,0x000000d71cd00000] [id=12880]
  0x0000023a8aa0db50 ConcurrentGCThread "G1 Conc#1" [stack: 0x000000d71f600000,0x000000d71f700000] [id=20388]
  0x0000023ae8712fe0 ConcurrentGCThread "G1 Refine#0" [stack: 0x000000d71cd00000,0x000000d71ce00000] [id=14484]
  0x0000023ae8713920 ConcurrentGCThread "G1 Young RemSet Sampling" [stack: 0x000000d71ce00000,0x000000d71cf00000] [id=17388]

Threads with active compile tasks:
C2 CompilerThread0    20613 4034       4       java.util.stream.AbstractPipeline::wrapAndCopyInto (18 bytes)
C2 CompilerThread1    20613 3870       4       org.codehaus.groovy.reflection.CachedMethod::compareTo (25 bytes)
C2 CompilerThread2    20613 3937       4       java.lang.invoke.MethodType::makeImpl (108 bytes)

VM state: not at safepoint (normal execution)

VM Mutex/Monitor currently owned by a thread: None

Heap address: 0x0000000080000000, size: 2048 MB, Compressed Oops mode: 32-bit
CDS archive(s) mapped at: [0x0000000800000000-0x0000000800b50000-0x0000000800b50000), size 11862016, SharedBaseAddress: 0x0000000800000000, ArchiveRelocationMode: 0.
Compressed class space mapped at: 0x0000000800b50000-0x0000000840b50000, size: 1073741824
Narrow klass base: 0x0000000800000000, Narrow klass shift: 3, Narrow klass range: 0x100000000

GC Precious Log:
 CPUs: 8 total, 8 available
 Memory: 6091M
 Large Page Support: Disabled
 NUMA Support: Disabled
 Compressed Oops: Enabled (32-bit)
 Heap Region Size: 1M
 Heap Min Capacity: 8M
 Heap Initial Capacity: 96M
 Heap Max Capacity: 2G
 Pre-touch: Disabled
 Parallel Workers: 8
 Concurrent Workers: 2
 Concurrent Refinement Workers: 8
 Periodic GC: Disabled

Heap:
 garbage-first heap   total 71680K, used 44542K [0x0000000080000000, 0x0000000100000000)
  region size 1024K, 18 young (18432K), 3 survivors (3072K)
 Metaspace       used 37112K, capacity 37798K, committed 38096K, reserved 1083392K
  class space    used 4958K, capacity 5157K, committed 5248K, reserved 1048576K

Heap Regions: E=young(eden), S=young(survivor), O=old, HS=humongous(starts), HC=humongous(continues), CS=collection set, F=free, OA=open archive, CA=closed archive, TAMS=top-at-mark-start (previous, next)
|   0|0x0000000080000000, 0x0000000080100000, 0x0000000080100000|100%| O|  |TAMS 0x0000000080100000, 0x0000000080000000| Untracked 
|   1|0x0000000080100000, 0x0000000080200000, 0x0000000080200000|100%| O|  |TAMS 0x0000000080200000, 0x0000000080100000| Untracked 
|   2|0x0000000080200000, 0x0000000080300000, 0x0000000080300000|100%| O|  |TAMS 0x0000000080300000, 0x0000000080200000| Untracked 
|   3|0x0000000080300000, 0x0000000080400000, 0x0000000080400000|100%|HS|  |TAMS 0x0000000080400000, 0x0000000080300000| Complete 
|   4|0x0000000080400000, 0x0000000080500000, 0x0000000080500000|100%|HC|  |TAMS 0x0000000080500000, 0x0000000080400000| Complete 
|   5|0x0000000080500000, 0x0000000080600000, 0x0000000080600000|100%|HC|  |TAMS 0x0000000080600000, 0x0000000080500000| Complete 
|   6|0x0000000080600000, 0x0000000080700000, 0x0000000080700000|100%| O|  |TAMS 0x0000000080700000, 0x0000000080600000| Untracked 
|   7|0x0000000080700000, 0x0000000080800000, 0x0000000080800000|100%| O|  |TAMS 0x0000000080800000, 0x0000000080700000| Untracked 
|   8|0x0000000080800000, 0x0000000080900000, 0x0000000080900000|100%| O|  |TAMS 0x0000000080900000, 0x0000000080800000| Untracked 
|   9|0x0000000080900000, 0x0000000080a00000, 0x0000000080a00000|100%| O|  |TAMS 0x0000000080a00000, 0x0000000080900000| Untracked 
|  10|0x0000000080a00000, 0x0000000080b00000, 0x0000000080b00000|100%| O|  |TAMS 0x0000000080b00000, 0x0000000080a00000| Untracked 
|  11|0x0000000080b00000, 0x0000000080c00000, 0x0000000080c00000|100%| O|  |TAMS 0x0000000080c00000, 0x0000000080b00000| Untracked 
|  12|0x0000000080c00000, 0x0000000080d00000, 0x0000000080d00000|100%| O|  |TAMS 0x0000000080d00000, 0x0000000080c00000| Untracked 
|  13|0x0000000080d00000, 0x0000000080e00000, 0x0000000080e00000|100%| O|  |TAMS 0x0000000080e00000, 0x0000000080d00000| Untracked 
|  14|0x0000000080e00000, 0x0000000080f00000, 0x0000000080f00000|100%| O|  |TAMS 0x0000000080f00000, 0x0000000080e00000| Untracked 
|  15|0x0000000080f00000, 0x0000000081000000, 0x0000000081000000|100%| O|  |TAMS 0x0000000081000000, 0x0000000080f00000| Untracked 
|  16|0x0000000081000000, 0x00000000810acc00, 0x0000000081100000| 67%| O|  |TAMS 0x00000000810acc00, 0x0000000081000000| Untracked 
|  17|0x0000000081100000, 0x0000000081200000, 0x0000000081200000|100%| O|  |TAMS 0x0000000081200000, 0x0000000081100000| Untracked 
|  18|0x0000000081200000, 0x0000000081300000, 0x0000000081300000|100%| O|  |TAMS 0x0000000081300000, 0x0000000081200000| Untracked 
|  19|0x0000000081300000, 0x0000000081400000, 0x0000000081400000|100%| O|  |TAMS 0x0000000081400000, 0x0000000081300000| Untracked 
|  20|0x0000000081400000, 0x0000000081500000, 0x0000000081500000|100%| O|  |TAMS 0x0000000081500000, 0x0000000081400000| Untracked 
|  21|0x0000000081500000, 0x0000000081576e00, 0x0000000081600000| 46%| O|  |TAMS 0x0000000081576e00, 0x0000000081500000| Untracked 
|  22|0x0000000081600000, 0x0000000081600000, 0x0000000081700000|  0%| F|  |TAMS 0x0000000081600000, 0x0000000081600000| Untracked 
|  23|0x0000000081700000, 0x0000000081700000, 0x0000000081800000|  0%| F|  |TAMS 0x0000000081700000, 0x0000000081700000| Untracked 
|  24|0x0000000081800000, 0x0000000081800000, 0x0000000081900000|  0%| F|  |TAMS 0x0000000081800000, 0x0000000081800000| Untracked 
|  25|0x0000000081900000, 0x0000000081900000, 0x0000000081a00000|  0%| F|  |TAMS 0x0000000081900000, 0x0000000081900000| Untracked 
|  26|0x0000000081a00000, 0x0000000081a00000, 0x0000000081b00000|  0%| F|  |TAMS 0x0000000081a00000, 0x0000000081a00000| Untracked 
|  27|0x0000000081b00000, 0x0000000081b00000, 0x0000000081c00000|  0%| F|  |TAMS 0x0000000081b00000, 0x0000000081b00000| Untracked 
|  28|0x0000000081c00000, 0x0000000081d00000, 0x0000000081d00000|100%| O|  |TAMS 0x0000000081d00000, 0x0000000081c00000| Untracked 
|  29|0x0000000081d00000, 0x0000000081e00000, 0x0000000081e00000|100%| O|  |TAMS 0x0000000081e00000, 0x0000000081d00000| Untracked 
|  30|0x0000000081e00000, 0x0000000081f00000, 0x0000000081f00000|100%| O|  |TAMS 0x0000000081f00000, 0x0000000081e00000| Untracked 
|  31|0x0000000081f00000, 0x0000000082000000, 0x0000000082000000|100%| O|  |TAMS 0x0000000082000000, 0x0000000081f00000| Untracked 
|  32|0x0000000082000000, 0x0000000082100000, 0x0000000082100000|100%| O|  |TAMS 0x0000000082100000, 0x0000000082000000| Untracked 
|  33|0x0000000082100000, 0x0000000082200000, 0x0000000082200000|100%| O|  |TAMS 0x0000000082200000, 0x0000000082100000| Untracked 
|  34|0x0000000082200000, 0x0000000082200000, 0x0000000082300000|  0%| F|  |TAMS 0x0000000082200000, 0x0000000082200000| Untracked 
|  35|0x0000000082300000, 0x0000000082300000, 0x0000000082400000|  0%| F|  |TAMS 0x0000000082300000, 0x0000000082300000| Untracked 
|  36|0x0000000082400000, 0x0000000082400000, 0x0000000082500000|  0%| F|  |TAMS 0x0000000082400000, 0x0000000082400000| Untracked 
|  37|0x0000000082500000, 0x0000000082500000, 0x0000000082600000|  0%| F|  |TAMS 0x0000000082500000, 0x0000000082500000| Untracked 
|  38|0x0000000082600000, 0x0000000082600000, 0x0000000082700000|  0%| F|  |TAMS 0x0000000082600000, 0x0000000082600000| Untracked 
|  39|0x0000000082700000, 0x0000000082700000, 0x0000000082800000|  0%| F|  |TAMS 0x0000000082700000, 0x0000000082700000| Untracked 
|  40|0x0000000082800000, 0x0000000082800000, 0x0000000082900000|  0%| F|  |TAMS 0x0000000082800000, 0x0000000082800000| Untracked 
|  41|0x0000000082900000, 0x0000000082900000, 0x0000000082a00000|  0%| F|  |TAMS 0x0000000082900000, 0x0000000082900000| Untracked 
|  42|0x0000000082a00000, 0x0000000082a00000, 0x0000000082b00000|  0%| F|  |TAMS 0x0000000082a00000, 0x0000000082a00000| Untracked 
|  43|0x0000000082b00000, 0x0000000082b00000, 0x0000000082c00000|  0%| F|  |TAMS 0x0000000082b00000, 0x0000000082b00000| Untracked 
|  44|0x0000000082c00000, 0x0000000082c00000, 0x0000000082d00000|  0%| F|  |TAMS 0x0000000082c00000, 0x0000000082c00000| Untracked 
|  45|0x0000000082d00000, 0x0000000082d00000, 0x0000000082e00000|  0%| F|  |TAMS 0x0000000082d00000, 0x0000000082d00000| Untracked 
|  46|0x0000000082e00000, 0x0000000082e00000, 0x0000000082f00000|  0%| F|  |TAMS 0x0000000082e00000, 0x0000000082e00000| Untracked 
|  47|0x0000000082f00000, 0x0000000082f00000, 0x0000000083000000|  0%| F|  |TAMS 0x0000000082f00000, 0x0000000082f00000| Untracked 
|  48|0x0000000083000000, 0x0000000083000000, 0x0000000083100000|  0%| F|  |TAMS 0x0000000083000000, 0x0000000083000000| Untracked 
|  49|0x0000000083100000, 0x0000000083100000, 0x0000000083200000|  0%| F|  |TAMS 0x0000000083100000, 0x0000000083100000| Untracked 
|  50|0x0000000083200000, 0x0000000083200000, 0x0000000083300000|  0%| F|  |TAMS 0x0000000083200000, 0x0000000083200000| Untracked 
|  51|0x0000000083300000, 0x0000000083300000, 0x0000000083400000|  0%| F|  |TAMS 0x0000000083300000, 0x0000000083300000| Untracked 
|  52|0x0000000083400000, 0x00000000834ea2f8, 0x0000000083500000| 91%| E|  |TAMS 0x0000000083400000, 0x0000000083400000| Complete 
|  53|0x0000000083500000, 0x000000008355c0c0, 0x0000000083600000| 35%| S|CS|TAMS 0x0000000083500000, 0x0000000083500000| Complete 
|  54|0x0000000083600000, 0x0000000083700000, 0x0000000083700000|100%| S|CS|TAMS 0x0000000083600000, 0x0000000083600000| Complete 
|  55|0x0000000083700000, 0x0000000083800000, 0x0000000083800000|100%| S|CS|TAMS 0x0000000083700000, 0x0000000083700000| Complete 
|  56|0x0000000083800000, 0x0000000083900000, 0x0000000083900000|100%| E|CS|TAMS 0x0000000083800000, 0x0000000083800000| Complete 
|  57|0x0000000083900000, 0x0000000083a00000, 0x0000000083a00000|100%| E|CS|TAMS 0x0000000083900000, 0x0000000083900000| Complete 
|  58|0x0000000083a00000, 0x0000000083b00000, 0x0000000083b00000|100%| E|CS|TAMS 0x0000000083a00000, 0x0000000083a00000| Complete 
|  59|0x0000000083b00000, 0x0000000083c00000, 0x0000000083c00000|100%| E|CS|TAMS 0x0000000083b00000, 0x0000000083b00000| Complete 
|  60|0x0000000083c00000, 0x0000000083d00000, 0x0000000083d00000|100%| E|CS|TAMS 0x0000000083c00000, 0x0000000083c00000| Complete 
|  61|0x0000000083d00000, 0x0000000083e00000, 0x0000000083e00000|100%| E|CS|TAMS 0x0000000083d00000, 0x0000000083d00000| Complete 
|  62|0x0000000083e00000, 0x0000000083f00000, 0x0000000083f00000|100%| E|CS|TAMS 0x0000000083e00000, 0x0000000083e00000| Complete 
|  63|0x0000000083f00000, 0x0000000084000000, 0x0000000084000000|100%| E|CS|TAMS 0x0000000083f00000, 0x0000000083f00000| Complete 
|  64|0x0000000084000000, 0x0000000084100000, 0x0000000084100000|100%| E|CS|TAMS 0x0000000084000000, 0x0000000084000000| Complete 
|  65|0x0000000084100000, 0x0000000084200000, 0x0000000084200000|100%| E|CS|TAMS 0x0000000084100000, 0x0000000084100000| Complete 
|  66|0x0000000084200000, 0x0000000084300000, 0x0000000084300000|100%| E|CS|TAMS 0x0000000084200000, 0x0000000084200000| Complete 
|  67|0x0000000084300000, 0x0000000084400000, 0x0000000084400000|100%| E|CS|TAMS 0x0000000084300000, 0x0000000084300000| Complete 
|  68|0x0000000084400000, 0x0000000084500000, 0x0000000084500000|100%| E|CS|TAMS 0x0000000084400000, 0x0000000084400000| Complete 
|  95|0x0000000085f00000, 0x0000000086000000, 0x0000000086000000|100%| E|CS|TAMS 0x0000000085f00000, 0x0000000085f00000| Complete 

Card table byte_map: [0x0000023a80400000,0x0000023a80800000] _byte_map_base: 0x0000023a80000000

Marking Bits (Prev, Next): (CMBitMap*) 0x0000023ae868ead0, (CMBitMap*) 0x0000023ae868eb10
 Prev Bits: [0x0000023a80c00000, 0x0000023a82c00000)
 Next Bits: [0x0000023a82c00000, 0x0000023a84c00000)

Polling page: 0x0000023ae7e30000

Metaspace:

Usage:
  Non-class:     31.88 MB capacity,    31.42 MB ( 99%) used,   414.67 KB (  1%) free+waste,    55.38 KB ( <1%) overhead. 
      Class:      5.04 MB capacity,     4.85 MB ( 96%) used,   171.52 KB (  3%) free+waste,    23.13 KB ( <1%) overhead. 
       Both:     36.91 MB capacity,    36.26 MB ( 98%) used,   586.19 KB (  2%) free+waste,    78.50 KB ( <1%) overhead. 

Virtual space:
  Non-class space:       34.00 MB reserved,      32.08 MB ( 94%) committed 
      Class space:        1.00 GB reserved,       5.13 MB ( <1%) committed 
             Both:        1.03 GB reserved,      37.20 MB (  4%) committed 

Chunk freelists:
   Non-Class:  79.00 KB
       Class:  27.00 KB
        Both:  106.00 KB

MaxMetaspaceSize: 17179869184.00 GB
CompressedClassSpaceSize: 1.00 GB

CodeHeap 'non-profiled nmethods': size=120000Kb used=2312Kb max_used=2312Kb free=117687Kb
 bounds [0x0000023af8680000, 0x0000023af88f0000, 0x0000023affbb0000]
CodeHeap 'profiled nmethods': size=120000Kb used=8032Kb max_used=8032Kb free=111968Kb
 bounds [0x0000023af1150000, 0x0000023af1930000, 0x0000023af8680000]
CodeHeap 'non-nmethods': size=5760Kb used=2312Kb max_used=2357Kb free=3447Kb
 bounds [0x0000023af0bb0000, 0x0000023af0e20000, 0x0000023af1150000]
 total_blobs=4811 nmethods=4027 adapters=696
 compilation: enabled
              stopped_count=0, restarted_count=0
 full_count=0

Compilation events (20 events):
Event: 20.484 Thread 0x0000023a8750da20 4019       3       java.lang.invoke.InvokerBytecodeGenerator::className (23 bytes)
Event: 20.485 Thread 0x0000023a87508370 nmethod 4008 0x0000023af88b7c10 code [0x0000023af88b7dc0, 0x0000023af88b8948]
Event: 20.485 Thread 0x0000023a87508370 3956       4       java.lang.invoke.MethodTypeForm::canonicalize (233 bytes)
Event: 20.486 Thread 0x0000023a8750da20 nmethod 4019 0x0000023af191ec90 code [0x0000023af191eea0, 0x0000023af191f3e8]
Event: 20.486 Thread 0x0000023a87508370 nmethod 3956 0x0000023af88b8d90 code [0x0000023af88b8f20, 0x0000023af88b8ff8]
Event: 20.487 Thread 0x0000023a87508370 4003       4       jdk.internal.org.objectweb.asm.MethodWriter::visitVarInsn (302 bytes)
Event: 20.495 Thread 0x0000023a87508370 nmethod 4003 0x0000023af88b9110 code [0x0000023af88b92e0, 0x0000023af88b9910]
Event: 20.495 Thread 0x0000023a87508370 3938       4       java.lang.invoke.MethodType$ConcurrentWeakInternSet::get (47 bytes)
Event: 20.521 Thread 0x0000023a87508370 nmethod 3938 0x0000023af88b9d90 code [0x0000023af88b9f80, 0x0000023af88baf48]
Event: 20.521 Thread 0x0000023a87508370 4020       4       java.net.URLStreamHandler::toExternalForm (156 bytes)
Event: 20.542 Thread 0x0000023a8750da20 4022       3       java.util.regex.Pattern$TreeInfo::reset (21 bytes)
Event: 20.542 Thread 0x0000023a8750da20 nmethod 4022 0x0000023af191f610 code [0x0000023af191f7a0, 0x0000023af191f8b8]
Event: 20.543 Thread 0x0000023a8750da20 4023       3       java.util.regex.Pattern$TreeInfo::<init> (9 bytes)
Event: 20.543 Thread 0x0000023a8750da20 nmethod 4023 0x0000023af191f990 code [0x0000023af191fb40, 0x0000023af191fd18]
Event: 20.555 Thread 0x0000023a8750da20 4025       3       java.util.concurrent.atomic.AtomicReferenceArray::<init> (13 bytes)
Event: 20.556 Thread 0x0000023a8750da20 nmethod 4025 0x0000023af191fe10 code [0x0000023af191ffc0, 0x0000023af1920218]
Event: 20.565 Thread 0x0000023a8750da20 4026       1       com.google.common.cache.LocalCache$StrongEntry::getValueReference (5 bytes)
Event: 20.565 Thread 0x0000023a8750da20 nmethod 4026 0x0000023af88bb510 code [0x0000023af88bb6a0, 0x0000023af88bb758]
Event: 20.565 Thread 0x0000023a8750da20 4027       1       com.google.common.cache.CacheBuilder$3::read (2 bytes)
Event: 20.565 Thread 0x0000023a8750da20 nmethod 4027 0x0000023af88bb810 code [0x0000023af88bb9a0, 0x0000023af88bba58]

GC Heap History (16 events):
Event: 9.006 GC heap before
{Heap before GC invocations=0 (full 0):
 garbage-first heap   total 98304K, used 28672K [0x0000000080000000, 0x0000000100000000)
  region size 1024K, 23 young (23552K), 0 survivors (0K)
 Metaspace       used 3352K, capacity 6118K, committed 6400K, reserved 1056768K
  class space    used 409K, capacity 674K, committed 768K, reserved 1048576K
}
Event: 9.019 GC heap after
{Heap after GC invocations=1 (full 0):
 garbage-first heap   total 98304K, used 8976K [0x0000000080000000, 0x0000000100000000)
  region size 1024K, 3 young (3072K), 3 survivors (3072K)
 Metaspace       used 3352K, capacity 6118K, committed 6400K, reserved 1056768K
  class space    used 409K, capacity 674K, committed 768K, reserved 1048576K
}
Event: 13.667 GC heap before
{Heap before GC invocations=1 (full 0):
 garbage-first heap   total 98304K, used 35600K [0x0000000080000000, 0x0000000100000000)
  region size 1024K, 28 young (28672K), 3 survivors (3072K)
 Metaspace       used 4266K, capacity 6633K, committed 6912K, reserved 1056768K
  class space    used 503K, capacity 739K, committed 768K, reserved 1048576K
}
Event: 13.674 GC heap after
{Heap after GC invocations=2 (full 0):
 garbage-first heap   total 98304K, used 12051K [0x0000000080000000, 0x0000000100000000)
  region size 1024K, 3 young (3072K), 3 survivors (3072K)
 Metaspace       used 4266K, capacity 6633K, committed 6912K, reserved 1056768K
  class space    used 503K, capacity 739K, committed 768K, reserved 1048576K
}
Event: 16.384 GC heap before
{Heap before GC invocations=2 (full 0):
 garbage-first heap   total 98304K, used 65299K [0x0000000080000000, 0x0000000100000000)
  region size 1024K, 55 young (56320K), 3 survivors (3072K)
 Metaspace       used 14041K, capacity 14391K, committed 14720K, reserved 1062912K
  class space    used 1960K, capacity 2093K, committed 2176K, reserved 1048576K
}
Event: 16.390 GC heap after
{Heap after GC invocations=3 (full 0):
 garbage-first heap   total 98304K, used 17073K [0x0000000080000000, 0x0000000100000000)
  region size 1024K, 7 young (7168K), 7 survivors (7168K)
 Metaspace       used 14041K, capacity 14391K, committed 14720K, reserved 1062912K
  class space    used 1960K, capacity 2093K, committed 2176K, reserved 1048576K
}
Event: 17.646 GC heap before
{Heap before GC invocations=3 (full 0):
 garbage-first heap   total 98304K, used 62129K [0x0000000080000000, 0x0000000100000000)
  region size 1024K, 52 young (53248K), 7 survivors (7168K)
 Metaspace       used 20653K, capacity 21134K, committed 21296K, reserved 1067008K
  class space    used 2993K, capacity 3143K, committed 3200K, reserved 1048576K
}
Event: 17.654 GC heap after
{Heap after GC invocations=4 (full 0):
 garbage-first heap   total 98304K, used 19871K [0x0000000080000000, 0x0000000100000000)
  region size 1024K, 3 young (3072K), 3 survivors (3072K)
 Metaspace       used 20653K, capacity 21134K, committed 21296K, reserved 1067008K
  class space    used 2993K, capacity 3143K, committed 3200K, reserved 1048576K
}
Event: 18.680 GC heap before
{Heap before GC invocations=5 (full 0):
 garbage-first heap   total 71680K, used 59807K [0x0000000080000000, 0x0000000100000000)
  region size 1024K, 42 young (43008K), 3 survivors (3072K)
 Metaspace       used 27566K, capacity 28121K, committed 28208K, reserved 1073152K
  class space    used 3770K, capacity 3959K, committed 3968K, reserved 1048576K
}
Event: 18.688 GC heap after
{Heap after GC invocations=6 (full 0):
 garbage-first heap   total 71680K, used 24710K [0x0000000080000000, 0x0000000100000000)
  region size 1024K, 6 young (6144K), 6 survivors (6144K)
 Metaspace       used 27566K, capacity 28121K, committed 28208K, reserved 1073152K
  class space    used 3770K, capacity 3959K, committed 3968K, reserved 1048576K
}
Event: 19.235 GC heap before
{Heap before GC invocations=6 (full 0):
 garbage-first heap   total 71680K, used 54406K [0x0000000080000000, 0x0000000100000000)
  region size 1024K, 33 young (33792K), 6 survivors (6144K)
 Metaspace       used 30287K, capacity 30804K, committed 31152K, reserved 1077248K
  class space    used 4058K, capacity 4232K, committed 4352K, reserved 1048576K
}
Event: 19.242 GC heap after
{Heap after GC invocations=7 (full 0):
 garbage-first heap   total 71680K, used 27903K [0x0000000080000000, 0x0000000100000000)
  region size 1024K, 4 young (4096K), 4 survivors (4096K)
 Metaspace       used 30287K, capacity 30804K, committed 31152K, reserved 1077248K
  class space    used 4058K, capacity 4232K, committed 4352K, reserved 1048576K
}
Event: 19.803 GC heap before
{Heap before GC invocations=7 (full 0):
 garbage-first heap   total 71680K, used 51455K [0x0000000080000000, 0x0000000100000000)
  region size 1024K, 28 young (28672K), 4 survivors (4096K)
 Metaspace       used 33214K, capacity 33818K, committed 34096K, reserved 1079296K
  class space    used 4485K, capacity 4654K, committed 4736K, reserved 1048576K
}
Event: 19.807 GC heap after
{Heap after GC invocations=8 (full 0):
 garbage-first heap   total 71680K, used 29674K [0x0000000080000000, 0x0000000100000000)
  region size 1024K, 2 young (2048K), 2 survivors (2048K)
 Metaspace       used 33214K, capacity 33818K, committed 34096K, reserved 1079296K
  class space    used 4485K, capacity 4654K, committed 4736K, reserved 1048576K
}
Event: 20.161 GC heap before
{Heap before GC invocations=8 (full 0):
 garbage-first heap   total 71680K, used 44010K [0x0000000080000000, 0x0000000100000000)
  region size 1024K, 16 young (16384K), 2 survivors (2048K)
 Metaspace       used 35238K, capacity 35859K, committed 35920K, reserved 1081344K
  class space    used 4690K, capacity 4863K, committed 4864K, reserved 1048576K
}
Event: 20.165 GC heap after
{Heap after GC invocations=9 (full 0):
 garbage-first heap   total 71680K, used 30206K [0x0000000080000000, 0x0000000100000000)
  region size 1024K, 3 young (3072K), 3 survivors (3072K)
 Metaspace       used 35238K, capacity 35859K, committed 35920K, reserved 1081344K
  class space    used 4690K, capacity 4863K, committed 4864K, reserved 1048576K
}

Deoptimization events (20 events):
Event: 19.900 Thread 0x0000023a88609830 Uncommon trap: trap_request=0xffffff45 fr.pc=0x0000023af884b094 relative=0x0000000000005bb4
Event: 19.900 Thread 0x0000023a88609830 Uncommon trap: reason=unstable_if action=reinterpret pc=0x0000023af884b094 method=java.net.URLClassLoader.defineClass(Ljava/lang/String;Ljdk/internal/loader/Resource;)Ljava/lang/Class; @ 21 c2
Event: 19.900 Thread 0x0000023a88609830 DEOPT PACKING pc=0x0000023af884b094 sp=0x000000d71e2fa550
Event: 19.900 Thread 0x0000023a88609830 DEOPT UNPACKING pc=0x0000023af0bfe42f sp=0x000000d71e2fa330 mode 2
Event: 20.071 Thread 0x0000023a88609830 Uncommon trap: trap_request=0xffffff45 fr.pc=0x0000023af8884e94 relative=0x00000000000001d4
Event: 20.071 Thread 0x0000023a88609830 Uncommon trap: reason=unstable_if action=reinterpret pc=0x0000023af8884e94 method=java.net.URI$Parser.scan(IILjava/lang/String;)I @ 26 c2
Event: 20.071 Thread 0x0000023a88609830 DEOPT PACKING pc=0x0000023af8884e94 sp=0x000000d71e2f8db0
Event: 20.071 Thread 0x0000023a88609830 DEOPT UNPACKING pc=0x0000023af0bfe42f sp=0x000000d71e2f8d40 mode 2
Event: 20.071 Thread 0x0000023a88609830 Uncommon trap: trap_request=0xffffff45 fr.pc=0x0000023af86d4b74 relative=0x0000000000000134
Event: 20.071 Thread 0x0000023a88609830 Uncommon trap: reason=unstable_if action=reinterpret pc=0x0000023af86d4b74 method=java.net.URI.match(CJJ)Z @ 45 c2
Event: 20.071 Thread 0x0000023a88609830 DEOPT PACKING pc=0x0000023af86d4b74 sp=0x000000d71e2f8b20
Event: 20.071 Thread 0x0000023a88609830 DEOPT UNPACKING pc=0x0000023af0bfe42f sp=0x000000d71e2f8a58 mode 2
Event: 20.074 Thread 0x0000023a88609830 Uncommon trap: trap_request=0xffffff45 fr.pc=0x0000023af86a3c24 relative=0x00000000000000a4
Event: 20.074 Thread 0x0000023a88609830 Uncommon trap: reason=unstable_if action=reinterpret pc=0x0000023af86a3c24 method=java.net.URI.match(CJJ)Z @ 45 c2
Event: 20.074 Thread 0x0000023a88609830 DEOPT PACKING pc=0x0000023af86a3c24 sp=0x000000d71e2f8ab0
Event: 20.074 Thread 0x0000023a88609830 DEOPT UNPACKING pc=0x0000023af0bfe42f sp=0x000000d71e2f8a60 mode 2
Event: 20.374 Thread 0x0000023a88609830 Uncommon trap: trap_request=0xffffff45 fr.pc=0x0000023af87958a8 relative=0x0000000000001388
Event: 20.374 Thread 0x0000023a88609830 Uncommon trap: reason=unstable_if action=reinterpret pc=0x0000023af87958a8 method=jdk.internal.org.objectweb.asm.Frame.execute(IILjdk/internal/org/objectweb/asm/Symbol;Ljdk/internal/org/objectweb/asm/SymbolTable;)V @ 1 c2
Event: 20.374 Thread 0x0000023a88609830 DEOPT PACKING pc=0x0000023af87958a8 sp=0x000000d71e2f7780
Event: 20.374 Thread 0x0000023a88609830 DEOPT UNPACKING pc=0x0000023af0bfe42f sp=0x000000d71e2f7760 mode 2

Classes unloaded (0 events):
No events

Classes redefined (0 events):
No events

Internal exceptions (20 events):
Event: 20.032 Thread 0x0000023a88609830 Exception <a 'java/lang/ClassNotFoundException'{0x0000000083d63578}: org/gradle/api/internal/artifacts/dsl/dependencies/DefaultDependencyHandlerBeanInfo> (0x0000000083d63578) 
thrown [./src/hotspot/share/classfile/systemDictionary.cpp, line 295]
Event: 20.033 Thread 0x0000023a88609830 Exception <a 'java/lang/ClassNotFoundException'{0x0000000083d785e0}: org/gradle/api/internal/artifacts/dsl/dependencies/DefaultDependencyHandlerCustomizer> (0x0000000083d785e0) 
thrown [./src/hotspot/share/classfile/systemDictionary.cpp, line 295]
Event: 20.038 Thread 0x0000023a88609830 Exception <a 'java/lang/ClassNotFoundException'{0x0000000083db3c90}: org/gradle/api/internal/artifacts/dsl/dependencies/DefaultDependencyHandler_DecoratedCustomizer> (0x0000000083db3c90) 
thrown [./src/hotspot/share/classfile/systemDictionary.cpp, line 295]
Event: 20.058 Thread 0x0000023a88609830 Exception <a 'java/lang/NoSuchMethodError'{0x0000000083c944a8}: 'java.lang.Object java.lang.invoke.DirectMethodHandle$Holder.newInvokeSpecial(java.lang.Object, java.lang.Object, int, java.lang.Object)'> (0x0000000083c944a8) 
thrown [./src/hotspot/share/interpreter/linkResolver.cpp, line 782]
Event: 20.059 Thread 0x0000023a88609830 Exception <a 'java/lang/NoSuchMethodError'{0x0000000083c98e80}: 'java.lang.Object java.lang.invoke.DirectMethodHandle$Holder.invokeSpecial(java.lang.Object, java.lang.Object, java.lang.Object, int, java.lang.Object)'> (0x0000000083c98e80) 
thrown [./src/hotspot/share/interpreter/linkResolver.cpp, line 782]
Event: 20.137 Thread 0x0000023a88609830 Exception <a 'java/lang/NoSuchMethodError'{0x000000008396b820}: 'java.lang.Object java.lang.invoke.DirectMethodHandle$Holder.newInvokeSpecial(java.lang.Object, int, java.lang.Object)'> (0x000000008396b820) 
thrown [./src/hotspot/share/interpreter/linkResolver.cpp, line 782]
Event: 20.371 Thread 0x0000023a88609830 Exception <a 'java/lang/NoSuchMethodError'{0x0000000083f9bfb0}: 'java.lang.Object java.lang.invoke.DelegatingMethodHandle$Holder.reinvoke_L(java.lang.Object, java.lang.Object, java.lang.Object, java.lang.Object, java.lang.Object, java.lang.Object, java.lang.Object, java.lang.Object, java.lang.Object, java.lang.Object, java.lang.Object, java.lang.Object, java.lang.Object, java.lang.Object, java.lang.Object, java.lang.Object, java.lang.Object, java.lang.Object, java.lang.Object, java.lang.Object, java.lang.O
Event: 20.372 Thread 0x0000023a88609830 Exception <a 'java/lang/NoSuchMethodError'{0x0000000083fa7cf0}: 'java.lang.Object java.lang.invoke.DirectMethodHandle$Holder.invokeSpecial(java.lang.Object, java.lang.Object, java.lang.Object, java.lang.Object, java.lang.Object, java.lang.Object, java.lang.Object, java.lang.Object, java.lang.Object, java.lang.Object, java.lang.Object, java.lang.Object, java.lang.Object, java.lang.Object, java.lang.Object, java.lang.Object, java.lang.Object, java.lang.Object, java.lang.Object, java.lang.Object, java.lang.Ob
Event: 20.372 Thread 0x0000023a88609830 Exception <a 'java/lang/NoSuchMethodError'{0x0000000083faddb8}: 'java.lang.Object java.lang.invoke.Invokers$Holder.invoker(java.lang.Object, java.lang.Object, java.lang.Object, java.lang.Object, java.lang.Object, java.lang.Object, java.lang.Object, java.lang.Object, java.lang.Object, java.lang.Object, java.lang.Object, java.lang.Object, java.lang.Object, java.lang.Object, java.lang.Object, java.lang.Object, java.lang.Object, java.lang.Object, java.lang.Object, java.lang.Object, java.lang.Object)'> (0x00000
Event: 20.373 Thread 0x0000023a88609830 Exception <a 'java/lang/NoSuchMethodError'{0x0000000083fb4f18}: 'java.lang.Object java.lang.invoke.DelegatingMethodHandle$Holder.delegate(java.lang.Object, java.lang.Object, java.lang.Object, java.lang.Object, java.lang.Object, java.lang.Object, java.lang.Object, java.lang.Object, java.lang.Object, java.lang.Object, java.lang.Object, java.lang.Object, java.lang.Object, java.lang.Object, java.lang.Object, java.lang.Object, java.lang.Object, java.lang.Object, java.lang.Object, java.lang.Object, java.lang.Obj
Event: 20.394 Thread 0x0000023a88609830 Exception <a 'java/lang/NoSuchMethodError'{0x0000000083e2f4d8}: 'java.lang.Object java.lang.invoke.DirectMethodHandle$Holder.invokeStatic(java.lang.Object, java.lang.Object, java.lang.Object, java.lang.Object, java.lang.Object, java.lang.Object, java.lang.Object, java.lang.Object, java.lang.Object, java.lang.Object, java.lang.Object, java.lang.Object, java.lang.Object, java.lang.Object, java.lang.Object, java.lang.Object, java.lang.Object)'> (0x0000000083e2f4d8) 
thrown [./src/hotspot/share/interpreter/lin
Event: 20.398 Thread 0x0000023a88609830 Exception <a 'java/lang/NoSuchMethodError'{0x0000000083e57728}: 'java.lang.Object java.lang.invoke.DirectMethodHandle$Holder.invokeStatic(java.lang.Object, java.lang.Object, java.lang.Object, java.lang.Object, java.lang.Object, java.lang.Object, java.lang.Object, java.lang.Object, java.lang.Object, java.lang.Object, java.lang.Object, java.lang.Object, java.lang.Object, java.lang.Object, java.lang.Object, java.lang.Object, java.lang.Object, java.lang.Object)'> (0x0000000083e57728) 
thrown [./src/hotspot/sha
Event: 20.402 Thread 0x0000023a88609830 Exception <a 'java/lang/NoSuchMethodError'{0x0000000083e807a8}: 'java.lang.Object java.lang.invoke.DirectMethodHandle$Holder.invokeStatic(java.lang.Object, java.lang.Object, java.lang.Object, java.lang.Object, java.lang.Object, java.lang.Object, java.lang.Object, java.lang.Object, java.lang.Object, java.lang.Object, java.lang.Object, java.lang.Object, java.lang.Object, java.lang.Object, java.lang.Object, java.lang.Object, java.lang.Object, java.lang.Object, java.lang.Object)'> (0x0000000083e807a8) 
thrown 
Event: 20.405 Thread 0x0000023a88609830 Exception <a 'java/lang/NoSuchMethodError'{0x0000000083eaa7e0}: 'java.lang.Object java.lang.invoke.DirectMethodHandle$Holder.invokeStatic(java.lang.Object, java.lang.Object, java.lang.Object, java.lang.Object, java.lang.Object, java.lang.Object, java.lang.Object, java.lang.Object, java.lang.Object, java.lang.Object, java.lang.Object, java.lang.Object, java.lang.Object, java.lang.Object, java.lang.Object, java.lang.Object, java.lang.Object, java.lang.Object, java.lang.Object, java.lang.Object)'> (0x00000000
Event: 20.409 Thread 0x0000023a88609830 Exception <a 'java/lang/NoSuchMethodError'{0x0000000083ed5178}: 'java.lang.Object java.lang.invoke.DirectMethodHandle$Holder.invokeStatic(java.lang.Object, java.lang.Object, java.lang.Object, java.lang.Object, java.lang.Object, java.lang.Object, java.lang.Object, java.lang.Object, java.lang.Object, java.lang.Object, java.lang.Object, java.lang.Object, java.lang.Object, java.lang.Object, java.lang.Object, java.lang.Object, java.lang.Object, java.lang.Object, java.lang.Object, java.lang.Object, java.lang.Obj
Event: 20.412 Thread 0x0000023a88609830 Exception <a 'java/lang/NoSuchMethodError'{0x0000000083d05b08}: 'java.lang.Object java.lang.invoke.DirectMethodHandle$Holder.invokeStatic(java.lang.Object, java.lang.Object, java.lang.Object, java.lang.Object, java.lang.Object, java.lang.Object, java.lang.Object, java.lang.Object, java.lang.Object, java.lang.Object, java.lang.Object, java.lang.Object, java.lang.Object, java.lang.Object, java.lang.Object, java.lang.Object, java.lang.Object, java.lang.Object, java.lang.Object, java.lang.Object, java.lang.Obj
Event: 20.415 Thread 0x0000023a88609830 Exception <a 'java/lang/NoSuchMethodError'{0x0000000083d33040}: 'java.lang.Object java.lang.invoke.DirectMethodHandle$Holder.invokeStatic(java.lang.Object, java.lang.Object, java.lang.Object, java.lang.Object, java.lang.Object, java.lang.Object, java.lang.Object, java.lang.Object, java.lang.Object, java.lang.Object, java.lang.Object, java.lang.Object, java.lang.Object, java.lang.Object, java.lang.Object, java.lang.Object, java.lang.Object, java.lang.Object, java.lang.Object, java.lang.Object, java.lang.Obj
Event: 20.418 Thread 0x0000023a88609830 Exception <a 'java/lang/NoSuchMethodError'{0x0000000083d61e68}: 'java.lang.Object java.lang.invoke.DirectMethodHandle$Holder.invokeStatic(java.lang.Object, java.lang.Object, java.lang.Object, java.lang.Object, java.lang.Object, java.lang.Object, java.lang.Object, java.lang.Object, java.lang.Object, java.lang.Object, java.lang.Object, java.lang.Object, java.lang.Object, java.lang.Object, java.lang.Object, java.lang.Object, java.lang.Object, java.lang.Object, java.lang.Object, java.lang.Object, java.lang.Obj
Event: 20.483 Thread 0x0000023a88609830 Exception <a 'java/lang/IncompatibleClassChangeError'{0x0000000083b72060}: Found class java.lang.Object, but interface was expected> (0x0000000083b72060) 
thrown [./src/hotspot/share/interpreter/linkResolver.cpp, line 848]
Event: 20.484 Thread 0x0000023a88609830 Exception <a 'java/lang/NoSuchMethodError'{0x0000000083b7a658}: 'int java.lang.invoke.DirectMethodHandle$Holder.invokeSpecialIFC(java.lang.Object, java.lang.Object, java.lang.Object, java.lang.Object, java.lang.Object)'> (0x0000000083b7a658) 
thrown [./src/hotspot/share/interpreter/linkResolver.cpp, line 782]

Events (20 events):
Event: 20.396 loading class java/lang/invoke/BoundMethodHandle$Species_LLLLLLLLLLLLLLL
Event: 20.396 loading class java/lang/invoke/BoundMethodHandle$Species_LLLLLLLLLLLLLLL done
Event: 20.400 loading class java/lang/invoke/BoundMethodHandle$Species_LLLLLLLLLLLLLLLL
Event: 20.400 loading class java/lang/invoke/BoundMethodHandle$Species_LLLLLLLLLLLLLLLL done
Event: 20.404 loading class java/lang/invoke/BoundMethodHandle$Species_LLLLLLLLLLLLLLLLL
Event: 20.404 loading class java/lang/invoke/BoundMethodHandle$Species_LLLLLLLLLLLLLLLLL done
Event: 20.407 loading class java/lang/invoke/BoundMethodHandle$Species_LLLLLLLLLLLLLLLLLL
Event: 20.407 loading class java/lang/invoke/BoundMethodHandle$Species_LLLLLLLLLLLLLLLLLL done
Event: 20.410 loading class java/lang/invoke/BoundMethodHandle$Species_LLLLLLLLLLLLLLLLLLL
Event: 20.410 loading class java/lang/invoke/BoundMethodHandle$Species_LLLLLLLLLLLLLLLLLLL done
Event: 20.414 loading class java/lang/invoke/BoundMethodHandle$Species_LLLLLLLLLLLLLLLLLLLL
Event: 20.414 loading class java/lang/invoke/BoundMethodHandle$Species_LLLLLLLLLLLLLLLLLLLL done
Event: 20.417 loading class java/lang/invoke/BoundMethodHandle$Species_LLLLLLLLLLLLLLLLLLLLL
Event: 20.417 loading class java/lang/invoke/BoundMethodHandle$Species_LLLLLLLLLLLLLLLLLLLLL done
Event: 20.481 loading class java/util/Collections$ReverseComparator
Event: 20.481 loading class java/util/Collections$ReverseComparator done
Event: 20.482 loading class java/util/Comparators$NaturalOrderComparator
Event: 20.482 loading class java/util/Comparators$NaturalOrderComparator done
Event: 20.482 loading class java/util/Collections$ReverseComparator2
Event: 20.482 loading class java/util/Collections$ReverseComparator2 done


Dynamic libraries:
0x00007ff709a30000 - 0x00007ff709a3d000 	C:\Users\ha phun\.jdks\azul-15.0.9\bin\java.exe
0x00007ffbf88a0000 - 0x00007ffbf8aa9000 	C:\WINDOWS\SYSTEM32\ntdll.dll
0x00007ffbf7080000 - 0x00007ffbf713d000 	C:\WINDOWS\System32\KERNEL32.DLL
0x00007ffbf5d70000 - 0x00007ffbf60eb000 	C:\WINDOWS\System32\KERNELBASE.dll
0x00007ffbf60f0000 - 0x00007ffbf6201000 	C:\WINDOWS\System32\ucrtbase.dll
0x00007ffbd42f0000 - 0x00007ffbd4308000 	C:\Users\ha phun\.jdks\azul-15.0.9\bin\jli.dll
0x00007ffbf7690000 - 0x00007ffbf783d000 	C:\WINDOWS\System32\USER32.dll
0x00007ffbf6630000 - 0x00007ffbf6656000 	C:\WINDOWS\System32\win32u.dll
0x00007ffbf74b0000 - 0x00007ffbf74d9000 	C:\WINDOWS\System32\GDI32.dll
0x00007ffbd3c40000 - 0x00007ffbd3c55000 	C:\Users\ha phun\.jdks\azul-15.0.9\bin\VCRUNTIME140.dll
0x00007ffbf6510000 - 0x00007ffbf6628000 	C:\WINDOWS\System32\gdi32full.dll
0x00007ffbf6290000 - 0x00007ffbf632d000 	C:\WINDOWS\System32\msvcp_win.dll
0x00007ffbe4b60000 - 0x00007ffbe4e05000 	C:\WINDOWS\WinSxS\amd64_microsoft.windows.common-controls_6595b64144ccf1df_6.0.22000.120_none_9d947278b86cc467\COMCTL32.dll
0x00007ffbf7840000 - 0x00007ffbf78e3000 	C:\WINDOWS\System32\msvcrt.dll
0x00007ffbf7a40000 - 0x00007ffbf7a71000 	C:\WINDOWS\System32\IMM32.DLL
0x00007ffbab170000 - 0x00007ffbab20b000 	C:\Users\ha phun\.jdks\azul-15.0.9\bin\msvcp140.dll
0x00007ffb88210000 - 0x00007ffb88daa000 	C:\Users\ha phun\.jdks\azul-15.0.9\bin\server\jvm.dll
0x00007ffbf6fc0000 - 0x00007ffbf706e000 	C:\WINDOWS\System32\ADVAPI32.dll
0x00007ffbf7410000 - 0x00007ffbf74ae000 	C:\WINDOWS\System32\sechost.dll
0x00007ffbf82d0000 - 0x00007ffbf83f0000 	C:\WINDOWS\System32\RPCRT4.dll
0x00007ffbf6720000 - 0x00007ffbf6728000 	C:\WINDOWS\System32\PSAPI.DLL
0x00007ffbf2c90000 - 0x00007ffbf2c99000 	C:\WINDOWS\SYSTEM32\WSOCK32.dll
0x00007ffbf7e80000 - 0x00007ffbf7eef000 	C:\WINDOWS\System32\WS2_32.dll
0x00007ffbef290000 - 0x00007ffbef2c3000 	C:\WINDOWS\SYSTEM32\WINMM.dll
0x00007ffbec4b0000 - 0x00007ffbec4ba000 	C:\WINDOWS\SYSTEM32\VERSION.dll
0x00007ffbf4df0000 - 0x00007ffbf4e08000 	C:\WINDOWS\SYSTEM32\kernel.appcore.dll
0x00007ffbe4ad0000 - 0x00007ffbe4ada000 	C:\Users\ha phun\.jdks\azul-15.0.9\bin\jimage.dll
0x00007ffbf3700000 - 0x00007ffbf3921000 	C:\WINDOWS\SYSTEM32\DBGHELP.DLL
0x00007ffbdc170000 - 0x00007ffbdc1a1000 	C:\WINDOWS\SYSTEM32\dbgcore.DLL
0x00007ffbf6210000 - 0x00007ffbf628f000 	C:\WINDOWS\System32\bcryptPrimitives.dll
0x00007ffbc7060000 - 0x00007ffbc7085000 	C:\Users\ha phun\.jdks\azul-15.0.9\bin\java.dll
0x00007ffbf6730000 - 0x00007ffbf6ee8000 	C:\WINDOWS\System32\SHELL32.dll
0x00007ffbf3e60000 - 0x00007ffbf46c5000 	C:\WINDOWS\SYSTEM32\windows.storage.dll
0x00007ffbf7f50000 - 0x00007ffbf82c7000 	C:\WINDOWS\System32\combase.dll
0x00007ffbf3cf0000 - 0x00007ffbf3e56000 	C:\WINDOWS\SYSTEM32\wintypes.dll
0x00007ffbf7320000 - 0x00007ffbf740a000 	C:\WINDOWS\System32\SHCORE.dll
0x00007ffbf6ef0000 - 0x00007ffbf6f4d000 	C:\WINDOWS\System32\shlwapi.dll
0x00007ffbf5ca0000 - 0x00007ffbf5cc1000 	C:\WINDOWS\SYSTEM32\profapi.dll
0x00007ffbcf090000 - 0x00007ffbcf0a9000 	C:\Users\ha phun\.jdks\azul-15.0.9\bin\net.dll
0x00007ffbeef90000 - 0x00007ffbef09c000 	C:\WINDOWS\SYSTEM32\WINHTTP.dll
0x00007ffbf5290000 - 0x00007ffbf52f7000 	C:\WINDOWS\system32\mswsock.dll
0x00007ffbcc1d0000 - 0x00007ffbcc1e2000 	C:\Users\ha phun\.jdks\azul-15.0.9\bin\nio.dll
0x00007ffbca010000 - 0x00007ffbca028000 	C:\Users\ha phun\.jdks\azul-15.0.9\bin\zip.dll
0x00007ffbe4880000 - 0x00007ffbe4890000 	C:\Users\ha phun\.jdks\azul-15.0.9\bin\verify.dll
0x00007ffbccbb0000 - 0x00007ffbccbd7000 	C:\Users\ha phun\.gradle\native\8bec1ad78214c89d9ad589b4d07fe93259594b29d510b10fafb7a158f7737e5d\windows-amd64\native-platform.dll
0x00007ffba9110000 - 0x00007ffba924d000 	C:\Users\ha phun\.gradle\native\53dbd7edfb1c66fb8903c78663c9afc45aea4f116125fa6feffd364cf09443e8\windows-amd64\native-platform-file-events.dll
0x00007ffbe4840000 - 0x00007ffbe4849000 	C:\Users\ha phun\.jdks\azul-15.0.9\bin\management.dll
0x00007ffbe3890000 - 0x00007ffbe389b000 	C:\Users\ha phun\.jdks\azul-15.0.9\bin\management_ext.dll
0x00007ffbf54d0000 - 0x00007ffbf54e8000 	C:\WINDOWS\SYSTEM32\CRYPTSP.dll
0x00007ffbf4d50000 - 0x00007ffbf4d85000 	C:\WINDOWS\system32\rsaenh.dll
0x00007ffbf5380000 - 0x00007ffbf53a9000 	C:\WINDOWS\SYSTEM32\USERENV.dll
0x00007ffbf5660000 - 0x00007ffbf5687000 	C:\WINDOWS\SYSTEM32\bcrypt.dll
0x00007ffbf54f0000 - 0x00007ffbf54fc000 	C:\WINDOWS\SYSTEM32\CRYPTBASE.dll
0x00007ffbf4920000 - 0x00007ffbf494d000 	C:\WINDOWS\SYSTEM32\IPHLPAPI.DLL
0x00007ffbf78f0000 - 0x00007ffbf78f9000 	C:\WINDOWS\System32\NSI.dll
0x00007ffbeec20000 - 0x00007ffbeec39000 	C:\WINDOWS\SYSTEM32\dhcpcsvc6.DLL
0x00007ffbef650000 - 0x00007ffbef66e000 	C:\WINDOWS\SYSTEM32\dhcpcsvc.DLL
0x00007ffbf4950000 - 0x00007ffbf4a38000 	C:\WINDOWS\SYSTEM32\DNSAPI.dll

dbghelp: loaded successfully - version: 4.0.5 - missing functions: none
symbol engine: initialized successfully - sym options: 0x614 - pdb path: .;C:\Users\ha phun\.jdks\azul-15.0.9\bin;C:\WINDOWS\SYSTEM32;C:\WINDOWS\WinSxS\amd64_microsoft.windows.common-controls_6595b64144ccf1df_6.0.22000.120_none_9d947278b86cc467;C:\Users\ha phun\.jdks\azul-15.0.9\bin\server;C:\Users\ha phun\.gradle\native\8bec1ad78214c89d9ad589b4d07fe93259594b29d510b10fafb7a158f7737e5d\windows-amd64;C:\Users\ha phun\.gradle\native\53dbd7edfb1c66fb8903c78663c9afc45aea4f116125fa6feffd364cf09443e8\windows-amd64

VM Arguments:
jvm_args: --add-opens=java.base/java.util=ALL-UNNAMED --add-opens=java.base/java.lang=ALL-UNNAMED --add-opens=java.base/java.lang.invoke=ALL-UNNAMED --add-opens=java.base/java.util=ALL-UNNAMED --add-opens=java.prefs/java.util.prefs=ALL-UNNAMED --add-opens=java.prefs/java.util.prefs=ALL-UNNAMED --add-opens=java.base/java.nio.charset=ALL-UNNAMED --add-opens=java.base/java.net=ALL-UNNAMED --add-opens=java.base/java.util.concurrent.atomic=ALL-UNNAMED -Xmx2048m -Dfile.encoding=UTF-8 -Duser.country=US -Duser.language=en -Duser.variant 
java_command: org.gradle.launcher.daemon.bootstrap.GradleDaemon 7.0.2
java_class_path (initial): C:\Users\ha phun\.gradle\wrapper\dists\gradle-7.0.2-bin\857tjihv64xamwrf0h14cai3r\gradle-7.0.2\lib\gradle-launcher-7.0.2.jar
Launcher Type: SUN_STANDARD

[Global flags]
     intx CICompilerCount                          = 4                                         {product} {ergonomic}
     uint ConcGCThreads                            = 2                                         {product} {ergonomic}
     uint G1ConcRefinementThreads                  = 8                                         {product} {ergonomic}
   size_t G1HeapRegionSize                         = 1048576                                   {product} {ergonomic}
    uintx GCDrainStackTargetSize                   = 64                                        {product} {ergonomic}
   size_t InitialHeapSize                          = 100663296                                 {product} {ergonomic}
   size_t MarkStackSize                            = 4194304                                   {product} {ergonomic}
   size_t MaxHeapSize                              = 2147483648                                {product} {command line}
   size_t MaxNewSize                               = 1287651328                                {product} {ergonomic}
   size_t MinHeapDeltaBytes                        = 1048576                                   {product} {ergonomic}
   size_t MinHeapSize                              = 8388608                                   {product} {ergonomic}
    uintx NonNMethodCodeHeapSize                   = 5839372                                {pd product} {ergonomic}
    uintx NonProfiledCodeHeapSize                  = 122909434                              {pd product} {ergonomic}
    uintx ProfiledCodeHeapSize                     = 122909434                              {pd product} {ergonomic}
    uintx ReservedCodeCacheSize                    = 251658240                              {pd product} {ergonomic}
     bool SegmentedCodeCache                       = true                                      {product} {ergonomic}
   size_t SoftMaxHeapSize                          = 2147483648                             {manageable} {ergonomic}
     bool UseCompressedClassPointers               = true                                 {lp64_product} {ergonomic}
     bool UseCompressedOops                        = true                                 {lp64_product} {ergonomic}
     bool UseG1GC                                  = true                                      {product} {ergonomic}
     bool UseLargePagesIndividualAllocation        = false                                  {pd product} {ergonomic}

Logging:
Log output configuration:
 #0: stdout all=warning uptime,level,tags
 #1: stderr all=off uptime,level,tags

Environment Variables:
PATH=C:\Windows\system32;C:\Windows;C:\Windows\System32\Wbem;C:\Windows\System32\WindowsPowerShell\v1.0\;C:\Windows\System32\OpenSSH\;C:\Program Files\dotnet\;C:\WINDOWS\system32;C:\WINDOWS;C:\WINDOWS\System32\Wbem;C:\WINDOWS\System32\WindowsPowerShell\v1.0\;C:\WINDOWS\System32\OpenSSH\;C:\Program Files\Microsoft SQL Server\Client SDK\ODBC\170\Tools\Binn\;C:\Program Files (x86)\Microsoft SQL Server\150\Tools\Binn\;C:\Program Files\Microsoft SQL Server\150\Tools\Binn\;C:\Program Files\Microsoft SQL Server\150\DTS\Binn\;C:\Program Files (x86)\Microsoft SQL Server\150\DTS\Binn\;C:\Program Files\Azure Data Studio\bin;C:\Program Files\Git\cmd;C:\Users\ha phun\AppData\Local\Microsoft\WindowsApps;C:\Users\ha phun\.dotnet\tools;;C:\Users\ha phun\AppData\Local\Programs\Microsoft VS Code\bin;C:\Program Files\Azure Data Studio\bin
USERNAME=ha phun
OS=Windows_NT
PROCESSOR_IDENTIFIER=AMD64 Family 23 Model 24 Stepping 1, AuthenticAMD



---------------  S Y S T E M  ---------------

OS:
 Windows 11 , 64 bit Build 22000 (10.0.22000.708)
OS uptime: 4 days 21:43 hours

CPU: total 8 (initial active 8) (8 cores per cpu, 2 threads per core) family 23 model 24 stepping 1 microcode 0x0, cmov, cx8, fxsr, mmx, sse, sse2, sse3, ssse3, sse4.1, sse4.2, popcnt, vzeroupper, avx, avx2, aes, clmul, 3dnowpref, lzcnt, sse4a, ht, tsc, tscinvbit, tscinv, bmi1, bmi2, adx, sha, fma, clflush, clflushopt

Memory: 4k page, system-wide physical 6091M (888M free)
TotalPageFile size 14091M (AvailPageFile size 5M)
current process WorkingSet (physical memory assigned to process): 226M, peak: 233M
current process commit charge ("private bytes"): 273M, peak: 279M

vm_info: OpenJDK 64-Bit Server VM (15.0.9+5-MTS) for windows-amd64 JRE (15.0.9+5-MTS) (Zulu15.44+13-CA), built on Oct  7 2022 09:58:48 by "zulu_re" with MS VC++ 15.9 (VS2017)

END.
