#
# There is insufficient memory for the Java Runtime Environment to continue.
# Native memory allocation (malloc) failed to allocate 2252736 bytes for Chunk::new
# Possible reasons:
#   The system is out of physical RAM or swap space
#   The process is running with CompressedOops enabled, and the Java Heap may be blocking the growth of the native heap
# Possible solutions:
#   Reduce memory load on the system
#   Increase physical memory or swap space
#   Check if swap backing store is full
#   Decrease Java heap size (-Xmx/-Xms)
#   Decrease number of Java threads
#   Decrease Java thread stack sizes (-Xss)
#   Set larger code cache with -XX:ReservedCodeCacheSize=
#   JVM is running with Unscaled Compressed Oops mode in which the Java heap is
#     placed in the first 4GB address space. The Java Heap base address is the
#     maximum limit for the native heap growth. Please use -XX:HeapBaseMinAddress
#     to set the Java Heap base and to place the Java Heap above 4GB virtual address.
# This output file may be truncated or incomplete.
#
#  Out of Memory Error (./src/hotspot/share/memory/arena.cpp:195), pid=10020, tid=2504
#
# JRE version: OpenJDK Runtime Environment Zulu15.44+13-CA (15.0.9+5) (build 15.0.9+5-MTS)
# Java VM: OpenJDK 64-Bit Server VM Zulu15.44+13-CA (15.0.9+5-MTS, mixed mode, sharing, tiered, compressed oops, g1 gc, windows-amd64)
# No core dump will be written. Minidumps are not enabled by default on client versions of Windows
#

---------------  S U M M A R Y ------------

Command Line: --add-opens=java.base/java.util=ALL-UNNAMED --add-opens=java.base/java.lang=ALL-UNNAMED --add-opens=java.base/java.lang.invoke=ALL-UNNAMED --add-opens=java.base/java.util=ALL-UNNAMED --add-opens=java.prefs/java.util.prefs=ALL-UNNAMED --add-opens=java.prefs/java.util.prefs=ALL-UNNAMED --add-opens=java.base/java.nio.charset=ALL-UNNAMED --add-opens=java.base/java.net=ALL-UNNAMED --add-opens=java.base/java.util.concurrent.atomic=ALL-UNNAMED -Xmx2048m -Dfile.encoding=UTF-8 -Duser.country=US -Duser.language=en -Duser.variant org.gradle.launcher.daemon.bootstrap.GradleDaemon 7.0.2

Host: AMD Ryzen 5 3500U with Radeon Vega Mobile Gfx  , 8 cores, 5G,  Windows 11 , 64 bit Build 22000 (10.0.22000.708)
Time: Mon Nov  7 13:59:44 2022 SE Asia Standard Time elapsed time: 12.130053 seconds (0d 0h 0m 12s)

---------------  T H R E A D  ---------------

Current thread (0x00000206f5c61da0):  JavaThread "C2 CompilerThread0" daemon [_thread_in_native, id=2504, stack(0x0000008270d00000,0x0000008270e00000)]


Current CompileTask:
C2:  12130 5847       4       org.objectweb.asm.Frame::execute (2318 bytes)

Stack: [0x0000008270d00000,0x0000008270e00000]
Native frames: (J=compiled Java code, j=interpreted, Vv=VM code, C=native code)
V  [jvm.dll+0x60036a]
V  [jvm.dll+0x79fd79]
V  [jvm.dll+0x7a14d3]
V  [jvm.dll+0x7a1b23]
V  [jvm.dll+0x1fc658]
V  [jvm.dll+0x996ca]
V  [jvm.dll+0x99dbc]
V  [jvm.dll+0x310a65]
V  [jvm.dll+0x2d9ea8]
V  [jvm.dll+0x2d920a]
V  [jvm.dll+0x1d22f9]
V  [jvm.dll+0x1d1738]
V  [jvm.dll+0x1646e7]
V  [jvm.dll+0x1e05b4]
V  [jvm.dll+0x1de6fb]
V  [jvm.dll+0x7648fd]
V  [jvm.dll+0x75d7fa]
V  [jvm.dll+0x5ff116]
C  [ucrtbase.dll+0x26c0c]
C  [KERNEL32.DLL+0x154e0]
C  [ntdll.dll+0x485b]


---------------  P R O C E S S  ---------------

Threads class SMR info:
_java_thread_list=0x00000206f9044750, length=51, elements={
0x00000206d6daef60, 0x00000206f5c38370, 0x00000206f5c3ce40, 0x00000206f5c52540,
0x00000206f5c52ff0, 0x00000206f5c53aa0, 0x00000206f5c61da0, 0x00000206f5c67c80,
0x00000206f5c6a590, 0x00000206f6693410, 0x00000206f663adb0, 0x00000206f9121470,
0x00000206f8bedf50, 0x00000206f811c020, 0x00000206f7bab510, 0x00000206f8187a00,
0x00000206f74bac50, 0x00000206f821fb70, 0x00000206f69ee480, 0x00000206f85dee50,
0x00000206f84a6f30, 0x00000206f84a9a80, 0x00000206f84a95b0, 0x00000206f84a7da0,
0x00000206f84a8740, 0x00000206f84a8c10, 0x00000206f84a90e0, 0x00000206f84a60c0,
0x00000206f84a6590, 0x00000206f84a6a60, 0x00000206f84a8270, 0x00000206f6aeb0a0,
0x00000206f6aeba40, 0x00000206f6ae8ef0, 0x00000206f6ae8080, 0x00000206f6ae6870,
0x00000206f6ae9d60, 0x00000206f6ae7210, 0x00000206f6aebf10, 0x00000206f6aec3e0,
0x00000206f6ae93c0, 0x00000206f6aea700, 0x00000206f6aeabd0, 0x00000206f6ae5060,
0x00000206f6ae5530, 0x00000206f6ae63a0, 0x00000206f6ae76e0, 0x00000206f6ae7bb0,
0x00000206f6ae8550, 0x00000206f6ae8a20, 0x00000206f81301b0
}

Java Threads: ( => current thread )
  0x00000206d6daef60 JavaThread "main" [_thread_blocked, id=6440, stack(0x0000008270100000,0x0000008270200000)]
  0x00000206f5c38370 JavaThread "Reference Handler" daemon [_thread_blocked, id=6620, stack(0x0000008270800000,0x0000008270900000)]
  0x00000206f5c3ce40 JavaThread "Finalizer" daemon [_thread_blocked, id=8000, stack(0x0000008270900000,0x0000008270a00000)]
  0x00000206f5c52540 JavaThread "Signal Dispatcher" daemon [_thread_blocked, id=6704, stack(0x0000008270a00000,0x0000008270b00000)]
  0x00000206f5c52ff0 JavaThread "Attach Listener" daemon [_thread_blocked, id=19332, stack(0x0000008270b00000,0x0000008270c00000)]
  0x00000206f5c53aa0 JavaThread "Service Thread" daemon [_thread_blocked, id=20228, stack(0x0000008270c00000,0x0000008270d00000)]
=>0x00000206f5c61da0 JavaThread "C2 CompilerThread0" daemon [_thread_in_native, id=2504, stack(0x0000008270d00000,0x0000008270e00000)]
  0x00000206f5c67c80 JavaThread "C1 CompilerThread0" daemon [_thread_blocked, id=7752, stack(0x0000008270e00000,0x0000008270f00000)]
  0x00000206f5c6a590 JavaThread "Sweeper thread" daemon [_thread_blocked, id=18556, stack(0x0000008270f00000,0x0000008271000000)]
  0x00000206f6693410 JavaThread "Common-Cleaner" daemon [_thread_blocked, id=19928, stack(0x0000008271000000,0x0000008271100000)]
  0x00000206f663adb0 JavaThread "Notification Thread" daemon [_thread_blocked, id=13560, stack(0x0000008271100000,0x0000008271200000)]
  0x00000206f9121470 JavaThread "Daemon health stats" [_thread_blocked, id=7320, stack(0x0000008271500000,0x0000008271600000)]
  0x00000206f8bedf50 JavaThread "Incoming local TCP Connector on port 59773" [_thread_in_native, id=8164, stack(0x0000008271300000,0x0000008271400000)]
  0x00000206f811c020 JavaThread "Daemon periodic checks" [_thread_blocked, id=6312, stack(0x0000008271600000,0x0000008271700000)]
  0x00000206f7bab510 JavaThread "Daemon" [_thread_blocked, id=8740, stack(0x0000008271700000,0x0000008271800000)]
  0x00000206f8187a00 JavaThread "Handler for socket connection from /127.0.0.1:59773 to /127.0.0.1:59774" [_thread_in_native, id=11760, stack(0x0000008271800000,0x0000008271900000)]
  0x00000206f74bac50 JavaThread "Cancel handler" [_thread_blocked, id=17580, stack(0x0000008271900000,0x0000008271a00000)]
  0x00000206f821fb70 JavaThread "Daemon worker" [_thread_in_vm, id=9436, stack(0x0000008271a00000,0x0000008271b00000)]
  0x00000206f69ee480 JavaThread "Asynchronous log dispatcher for DefaultDaemonConnection: socket connection from /127.0.0.1:59773 to /127.0.0.1:59774" [_thread_blocked, id=2708, stack(0x0000008271b00000,0x0000008271c00000)]
  0x00000206f85dee50 JavaThread "Stdin handler" [_thread_blocked, id=19340, stack(0x0000008271c00000,0x0000008271d00000)]
  0x00000206f84a6f30 JavaThread "Daemon client event forwarder" [_thread_blocked, id=5728, stack(0x0000008271d00000,0x0000008271e00000)]
  0x00000206f84a9a80 JavaThread "Cache worker for file hash cache (C:\Users\ha phun\.gradle\caches\7.0.2\fileHashes)" [_thread_blocked, id=18476, stack(0x0000008271e00000,0x0000008271f00000)]
  0x00000206f84a95b0 JavaThread "File lock request listener" [_thread_in_native, id=10332, stack(0x0000008271f00000,0x0000008272000000)]
  0x00000206f84a7da0 JavaThread "Cache worker for journal cache (C:\Users\ha phun\.gradle\caches\journal-1)" [_thread_blocked, id=15408, stack(0x0000008272000000,0x0000008272100000)]
  0x00000206f84a8740 JavaThread "Cache worker for file hash cache (C:\Users\ha phun\Desktop\Vietshare\Vietshare\.gradle\7.0.2\fileHashes)" [_thread_blocked, id=1784, stack(0x0000008272800000,0x0000008272900000)]
  0x00000206f84a8c10 JavaThread "File watcher server" daemon [_thread_in_native, id=7468, stack(0x0000008272900000,0x0000008272a00000)]
  0x00000206f84a90e0 JavaThread "File watcher consumer" daemon [_thread_blocked, id=1812, stack(0x0000008272a00000,0x0000008272b00000)]
  0x00000206f84a60c0 JavaThread "Cache worker for checksums cache (C:\Users\ha phun\Desktop\Vietshare\Vietshare\.gradle\checksums)" [_thread_blocked, id=6816, stack(0x0000008272b00000,0x0000008272c00000)]
  0x00000206f84a6590 JavaThread "Cache worker for cache directory md-supplier (C:\Users\ha phun\.gradle\caches\7.0.2\md-supplier)" [_thread_blocked, id=17040, stack(0x0000008272c00000,0x0000008272d00000)]
  0x00000206f84a6a60 JavaThread "Cache worker for cache directory md-rule (C:\Users\ha phun\.gradle\caches\7.0.2\md-rule)" [_thread_blocked, id=17796, stack(0x0000008272d00000,0x0000008272e00000)]
  0x00000206f84a8270 JavaThread "Cache worker for execution history cache (C:\Users\ha phun\.gradle\caches\7.0.2\executionHistory)" [_thread_blocked, id=16832, stack(0x0000008272f00000,0x0000008273000000)]
  0x00000206f6aeb0a0 JavaThread "jar transforms" [_thread_blocked, id=14764, stack(0x0000008273000000,0x0000008273100000)]
  0x00000206f6aeba40 JavaThread "jar transforms Thread 2" [_thread_blocked, id=7556, stack(0x0000008273100000,0x0000008273200000)]
  0x00000206f6ae8ef0 JavaThread "Cache worker for file content cache (C:\Users\ha phun\.gradle\caches\7.0.2\fileContent)" [_thread_blocked, id=1232, stack(0x0000008273200000,0x0000008273300000)]
  0x00000206f6ae8080 JavaThread "Cache worker for dependencies-accessors (C:\Users\ha phun\Desktop\Vietshare\Vietshare\.gradle\7.0.2\dependencies-accessors)" [_thread_blocked, id=19412, stack(0x0000008273300000,0x0000008273400000)]
  0x00000206f6ae6870 JavaThread "jar transforms Thread 3" [_thread_blocked, id=16984, stack(0x0000008273400000,0x0000008273500000)]
  0x00000206f6ae9d60 JavaThread "Cache worker for Build Output Cleanup Cache (C:\Users\ha phun\Desktop\Vietshare\Vietshare\.gradle\buildOutputCleanup)" [_thread_blocked, id=13696, stack(0x0000008273500000,0x0000008273600000)]
  0x00000206f6ae7210 JavaThread "Build operations" [_thread_blocked, id=20248, stack(0x0000008273600000,0x0000008273700000)]
  0x00000206f6aebf10 JavaThread "Build operations Thread 2" [_thread_blocked, id=13428, stack(0x0000008273700000,0x0000008273800000)]
  0x00000206f6aec3e0 JavaThread "Build operations Thread 3" [_thread_blocked, id=15652, stack(0x0000008273800000,0x0000008273900000)]
  0x00000206f6ae93c0 JavaThread "Build operations Thread 4" [_thread_blocked, id=15440, stack(0x0000008273900000,0x0000008273a00000)]
  0x00000206f6aea700 JavaThread "Build operations Thread 5" [_thread_blocked, id=9892, stack(0x0000008273a00000,0x0000008273b00000)]
  0x00000206f6aeabd0 JavaThread "Build operations Thread 6" [_thread_blocked, id=9744, stack(0x0000008273b00000,0x0000008273c00000)]
  0x00000206f6ae5060 JavaThread "Build operations Thread 7" [_thread_blocked, id=9884, stack(0x0000008273c00000,0x0000008273d00000)]
  0x00000206f6ae5530 JavaThread "Build operations Thread 8" [_thread_blocked, id=18588, stack(0x0000008273d00000,0x0000008273e00000)]
  0x00000206f6ae63a0 JavaThread "jar transforms Thread 4" [_thread_blocked, id=9708, stack(0x0000008273e00000,0x0000008273f00000)]
  0x00000206f6ae76e0 JavaThread "jar transforms Thread 5" [_thread_blocked, id=7788, stack(0x0000008273f00000,0x0000008274000000)]
  0x00000206f6ae7bb0 JavaThread "jar transforms Thread 6" [_thread_blocked, id=17064, stack(0x0000008274000000,0x0000008274100000)]
  0x00000206f6ae8550 JavaThread "jar transforms Thread 7" [_thread_blocked, id=16428, stack(0x0000008274100000,0x0000008274200000)]
  0x00000206f6ae8a20 JavaThread "jar transforms Thread 8" [_thread_blocked, id=11852, stack(0x0000008274200000,0x0000008274300000)]
  0x00000206f81301b0 JavaThread "Memory manager" [_thread_blocked, id=1808, stack(0x0000008272700000,0x0000008272800000)]

Other Threads:
  0x00000206f5c34e40 VMThread "VM Thread" [stack: 0x0000008270700000,0x0000008270800000] [id=19184]
  0x00000206f663b690 WatcherThread [stack: 0x0000008271200000,0x0000008271300000] [id=18492]
  0x00000206d6dee0d0 GCTaskThread "GC Thread#0" [stack: 0x0000008270200000,0x0000008270300000] [id=6256]
  0x00000206f7240fa0 GCTaskThread "GC Thread#1" [stack: 0x0000008271400000,0x0000008271500000] [id=17436]
  0x00000206f723dca0 GCTaskThread "GC Thread#2" [stack: 0x0000008272100000,0x0000008272200000] [id=15452]
  0x00000206f723dfd0 GCTaskThread "GC Thread#3" [stack: 0x0000008272200000,0x0000008272300000] [id=15932]
  0x00000206f723efc0 GCTaskThread "GC Thread#4" [stack: 0x0000008272300000,0x0000008272400000] [id=6324]
  0x00000206f723f620 GCTaskThread "GC Thread#5" [stack: 0x0000008272400000,0x0000008272500000] [id=2544]
  0x00000206f723e300 GCTaskThread "GC Thread#6" [stack: 0x0000008272500000,0x0000008272600000] [id=14396]
  0x00000206f723f2f0 GCTaskThread "GC Thread#7" [stack: 0x0000008272600000,0x0000008272700000] [id=3440]
  0x00000206d6dffb20 ConcurrentGCThread "G1 Main Marker" [stack: 0x0000008270300000,0x0000008270400000] [id=2624]
  0x00000206d6e01500 ConcurrentGCThread "G1 Conc#0" [stack: 0x0000008270400000,0x0000008270500000] [id=10568]
  0x00000206f723e960 ConcurrentGCThread "G1 Conc#1" [stack: 0x0000008272e00000,0x0000008272f00000] [id=17120]
  0x00000206d6e77ea0 ConcurrentGCThread "G1 Refine#0" [stack: 0x0000008270500000,0x0000008270600000] [id=13760]
  0x00000206d6e787e0 ConcurrentGCThread "G1 Young RemSet Sampling" [stack: 0x0000008270600000,0x0000008270700000] [id=16176]

Threads with active compile tasks:
C2 CompilerThread0    12171 5847       4       org.objectweb.asm.Frame::execute (2318 bytes)

VM state: not at safepoint (normal execution)

VM Mutex/Monitor currently owned by a thread: None

Heap address: 0x0000000080000000, size: 2048 MB, Compressed Oops mode: 32-bit
CDS archive(s) mapped at: [0x0000000800000000-0x0000000800b50000-0x0000000800b50000), size 11862016, SharedBaseAddress: 0x0000000800000000, ArchiveRelocationMode: 0.
Compressed class space mapped at: 0x0000000800b50000-0x0000000840b50000, size: 1073741824
Narrow klass base: 0x0000000800000000, Narrow klass shift: 3, Narrow klass range: 0x100000000

GC Precious Log:
 CPUs: 8 total, 8 available
 Memory: 6091M
 Large Page Support: Disabled
 NUMA Support: Disabled
 Compressed Oops: Enabled (32-bit)
 Heap Region Size: 1M
 Heap Min Capacity: 8M
 Heap Initial Capacity: 96M
 Heap Max Capacity: 2G
 Pre-touch: Disabled
 Parallel Workers: 8
 Concurrent Workers: 2
 Concurrent Refinement Workers: 8
 Periodic GC: Disabled

Heap:
 garbage-first heap   total 80896K, used 52416K [0x0000000080000000, 0x0000000100000000)
  region size 1024K, 11 young (11264K), 2 survivors (2048K)
 Metaspace       used 49204K, capacity 50006K, committed 50128K, reserved 1093632K
  class space    used 6421K, capacity 6704K, committed 6784K, reserved 1048576K

Heap Regions: E=young(eden), S=young(survivor), O=old, HS=humongous(starts), HC=humongous(continues), CS=collection set, F=free, OA=open archive, CA=closed archive, TAMS=top-at-mark-start (previous, next)
|   0|0x0000000080000000, 0x0000000080100000, 0x0000000080100000|100%| O|  |TAMS 0x0000000080100000, 0x0000000080000000| Untracked 
|   1|0x0000000080100000, 0x0000000080200000, 0x0000000080200000|100%| O|  |TAMS 0x0000000080200000, 0x0000000080100000| Untracked 
|   2|0x0000000080200000, 0x0000000080300000, 0x0000000080300000|100%| O|  |TAMS 0x0000000080300000, 0x0000000080200000| Untracked 
|   3|0x0000000080300000, 0x0000000080400000, 0x0000000080400000|100%|HS|  |TAMS 0x0000000080400000, 0x0000000080300000| Complete 
|   4|0x0000000080400000, 0x0000000080500000, 0x0000000080500000|100%|HC|  |TAMS 0x0000000080500000, 0x0000000080400000| Complete 
|   5|0x0000000080500000, 0x0000000080600000, 0x0000000080600000|100%|HC|  |TAMS 0x0000000080600000, 0x0000000080500000| Complete 
|   6|0x0000000080600000, 0x0000000080700000, 0x0000000080700000|100%| O|  |TAMS 0x0000000080700000, 0x0000000080600000| Untracked 
|   7|0x0000000080700000, 0x0000000080800000, 0x0000000080800000|100%| O|  |TAMS 0x0000000080800000, 0x0000000080700000| Untracked 
|   8|0x0000000080800000, 0x0000000080900000, 0x0000000080900000|100%| O|  |TAMS 0x0000000080900000, 0x0000000080800000| Untracked 
|   9|0x0000000080900000, 0x0000000080a00000, 0x0000000080a00000|100%| O|  |TAMS 0x0000000080a00000, 0x0000000080900000| Untracked 
|  10|0x0000000080a00000, 0x0000000080b00000, 0x0000000080b00000|100%| O|  |TAMS 0x0000000080b00000, 0x0000000080a00000| Untracked 
|  11|0x0000000080b00000, 0x0000000080c00000, 0x0000000080c00000|100%| O|  |TAMS 0x0000000080c00000, 0x0000000080b00000| Untracked 
|  12|0x0000000080c00000, 0x0000000080d00000, 0x0000000080d00000|100%| O|  |TAMS 0x0000000080d00000, 0x0000000080c00000| Untracked 
|  13|0x0000000080d00000, 0x0000000080e00000, 0x0000000080e00000|100%| O|  |TAMS 0x0000000080e00000, 0x0000000080d00000| Untracked 
|  14|0x0000000080e00000, 0x0000000080f00000, 0x0000000080f00000|100%| O|  |TAMS 0x0000000080f00000, 0x0000000080e00000| Untracked 
|  15|0x0000000080f00000, 0x0000000081000000, 0x0000000081000000|100%| O|  |TAMS 0x0000000081000000, 0x0000000080f00000| Untracked 
|  16|0x0000000081000000, 0x000000008108b600, 0x0000000081100000| 54%| O|  |TAMS 0x000000008108b600, 0x0000000081000000| Untracked 
|  17|0x0000000081100000, 0x0000000081200000, 0x0000000081200000|100%| O|  |TAMS 0x0000000081200000, 0x0000000081100000| Untracked 
|  18|0x0000000081200000, 0x0000000081300000, 0x0000000081300000|100%| O|  |TAMS 0x0000000081300000, 0x0000000081200000| Untracked 
|  19|0x0000000081300000, 0x0000000081400000, 0x0000000081400000|100%| O|  |TAMS 0x0000000081400000, 0x0000000081300000| Untracked 
|  20|0x0000000081400000, 0x0000000081500000, 0x0000000081500000|100%| O|  |TAMS 0x0000000081500000, 0x0000000081400000| Untracked 
|  21|0x0000000081500000, 0x0000000081600000, 0x0000000081600000|100%| O|  |TAMS 0x0000000081600000, 0x0000000081500000| Untracked 
|  22|0x0000000081600000, 0x0000000081700000, 0x0000000081700000|100%| O|  |TAMS 0x0000000081700000, 0x0000000081600000| Untracked 
|  23|0x0000000081700000, 0x0000000081800000, 0x0000000081800000|100%|HS|  |TAMS 0x0000000081800000, 0x0000000081700000| Complete 
|  24|0x0000000081800000, 0x0000000081900000, 0x0000000081900000|100%|HS|  |TAMS 0x0000000081900000, 0x0000000081800000| Complete 
|  25|0x0000000081900000, 0x0000000081a00000, 0x0000000081a00000|100%| O|  |TAMS 0x0000000081a00000, 0x0000000081900000| Untracked 
|  26|0x0000000081a00000, 0x0000000081b00000, 0x0000000081b00000|100%| O|  |TAMS 0x0000000081b00000, 0x0000000081a00000| Untracked 
|  27|0x0000000081b00000, 0x0000000081c00000, 0x0000000081c00000|100%| O|  |TAMS 0x0000000081c00000, 0x0000000081b00000| Untracked 
|  28|0x0000000081c00000, 0x0000000081d00000, 0x0000000081d00000|100%| O|  |TAMS 0x0000000081d00000, 0x0000000081c00000| Untracked 
|  29|0x0000000081d00000, 0x0000000081e00000, 0x0000000081e00000|100%| O|  |TAMS 0x0000000081e00000, 0x0000000081d00000| Untracked 
|  30|0x0000000081e00000, 0x0000000081f00000, 0x0000000081f00000|100%| O|  |TAMS 0x0000000081f00000, 0x0000000081e00000| Untracked 
|  31|0x0000000081f00000, 0x0000000082000000, 0x0000000082000000|100%| O|  |TAMS 0x0000000082000000, 0x0000000081f00000| Untracked 
|  32|0x0000000082000000, 0x0000000082100000, 0x0000000082100000|100%| O|  |TAMS 0x0000000082100000, 0x0000000082000000| Untracked 
|  33|0x0000000082100000, 0x0000000082200000, 0x0000000082200000|100%| O|  |TAMS 0x0000000082200000, 0x0000000082100000| Untracked 
|  34|0x0000000082200000, 0x0000000082300000, 0x0000000082300000|100%| O|  |TAMS 0x0000000082300000, 0x0000000082200000| Untracked 
|  35|0x0000000082300000, 0x0000000082400000, 0x0000000082400000|100%|HS|  |TAMS 0x0000000082400000, 0x0000000082300000| Complete 
|  36|0x0000000082400000, 0x0000000082500000, 0x0000000082500000|100%|HC|  |TAMS 0x0000000082500000, 0x0000000082400000| Complete 
|  37|0x0000000082500000, 0x0000000082600000, 0x0000000082600000|100%| O|  |TAMS 0x0000000082600000, 0x0000000082500000| Untracked 
|  38|0x0000000082600000, 0x0000000082700000, 0x0000000082700000|100%| O|  |TAMS 0x0000000082700000, 0x0000000082600000| Untracked 
|  39|0x0000000082700000, 0x0000000082800000, 0x0000000082800000|100%| O|  |TAMS 0x0000000082800000, 0x0000000082700000| Untracked 
|  40|0x0000000082800000, 0x0000000082900000, 0x0000000082900000|100%| O|  |TAMS 0x0000000082900000, 0x0000000082800000| Untracked 
|  41|0x0000000082900000, 0x0000000082a00000, 0x0000000082a00000|100%| O|  |TAMS 0x0000000082a00000, 0x0000000082900000| Untracked 
|  42|0x0000000082a00000, 0x0000000082ae3000, 0x0000000082b00000| 88%| O|  |TAMS 0x0000000082ae3000, 0x0000000082a00000| Untracked 
|  43|0x0000000082b00000, 0x0000000082b00000, 0x0000000082c00000|  0%| F|  |TAMS 0x0000000082b00000, 0x0000000082b00000| Untracked 
|  44|0x0000000082c00000, 0x0000000082c00000, 0x0000000082d00000|  0%| F|  |TAMS 0x0000000082c00000, 0x0000000082c00000| Untracked 
|  45|0x0000000082d00000, 0x0000000082d00000, 0x0000000082e00000|  0%| F|  |TAMS 0x0000000082d00000, 0x0000000082d00000| Untracked 
|  46|0x0000000082e00000, 0x0000000082e00000, 0x0000000082f00000|  0%| F|  |TAMS 0x0000000082e00000, 0x0000000082e00000| Untracked 
|  47|0x0000000082f00000, 0x0000000082f00000, 0x0000000083000000|  0%| F|  |TAMS 0x0000000082f00000, 0x0000000082f00000| Untracked 
|  48|0x0000000083000000, 0x0000000083000000, 0x0000000083100000|  0%| F|  |TAMS 0x0000000083000000, 0x0000000083000000| Untracked 
|  49|0x0000000083100000, 0x0000000083100000, 0x0000000083200000|  0%| F|  |TAMS 0x0000000083100000, 0x0000000083100000| Untracked 
|  50|0x0000000083200000, 0x0000000083200000, 0x0000000083300000|  0%| F|  |TAMS 0x0000000083200000, 0x0000000083200000| Untracked 
|  51|0x0000000083300000, 0x0000000083300000, 0x0000000083400000|  0%| F|  |TAMS 0x0000000083300000, 0x0000000083300000| Untracked 
|  52|0x0000000083400000, 0x0000000083400000, 0x0000000083500000|  0%| F|  |TAMS 0x0000000083400000, 0x0000000083400000| Untracked 
|  53|0x0000000083500000, 0x0000000083500000, 0x0000000083600000|  0%| F|  |TAMS 0x0000000083500000, 0x0000000083500000| Untracked 
|  54|0x0000000083600000, 0x0000000083600000, 0x0000000083700000|  0%| F|  |TAMS 0x0000000083600000, 0x0000000083600000| Untracked 
|  55|0x0000000083700000, 0x00000000837c1a28, 0x0000000083800000| 75%| S|CS|TAMS 0x0000000083700000, 0x0000000083700000| Complete 
|  56|0x0000000083800000, 0x0000000083900000, 0x0000000083900000|100%| S|CS|TAMS 0x0000000083800000, 0x0000000083800000| Complete 
|  57|0x0000000083900000, 0x0000000083900000, 0x0000000083a00000|  0%| F|  |TAMS 0x0000000083900000, 0x0000000083900000| Untracked 
|  58|0x0000000083a00000, 0x0000000083a00000, 0x0000000083b00000|  0%| F|  |TAMS 0x0000000083a00000, 0x0000000083a00000| Untracked 
|  59|0x0000000083b00000, 0x0000000083b00000, 0x0000000083c00000|  0%| F|  |TAMS 0x0000000083b00000, 0x0000000083b00000| Untracked 
|  60|0x0000000083c00000, 0x0000000083c00000, 0x0000000083d00000|  0%| F|  |TAMS 0x0000000083c00000, 0x0000000083c00000| Untracked 
|  61|0x0000000083d00000, 0x0000000083d00000, 0x0000000083e00000|  0%| F|  |TAMS 0x0000000083d00000, 0x0000000083d00000| Untracked 
|  62|0x0000000083e00000, 0x0000000083e00000, 0x0000000083f00000|  0%| F|  |TAMS 0x0000000083e00000, 0x0000000083e00000| Untracked 
|  63|0x0000000083f00000, 0x0000000083f00000, 0x0000000084000000|  0%| F|  |TAMS 0x0000000083f00000, 0x0000000083f00000| Untracked 
|  64|0x0000000084000000, 0x0000000084000000, 0x0000000084100000|  0%| F|  |TAMS 0x0000000084000000, 0x0000000084000000| Untracked 
|  65|0x0000000084100000, 0x0000000084100000, 0x0000000084200000|  0%| F|  |TAMS 0x0000000084100000, 0x0000000084100000| Untracked 
|  66|0x0000000084200000, 0x0000000084200000, 0x0000000084300000|  0%| F|  |TAMS 0x0000000084200000, 0x0000000084200000| Untracked 
|  67|0x0000000084300000, 0x0000000084300000, 0x0000000084400000|  0%| F|  |TAMS 0x0000000084300000, 0x0000000084300000| Untracked 
|  68|0x0000000084400000, 0x0000000084400000, 0x0000000084500000|  0%| F|  |TAMS 0x0000000084400000, 0x0000000084400000| Untracked 
|  69|0x0000000084500000, 0x0000000084500000, 0x0000000084600000|  0%| F|  |TAMS 0x0000000084500000, 0x0000000084500000| Untracked 
|  70|0x0000000084600000, 0x000000008467ad48, 0x0000000084700000| 47%| E|  |TAMS 0x0000000084600000, 0x0000000084600000| Complete 
|  71|0x0000000084700000, 0x0000000084800000, 0x0000000084800000|100%| E|  |TAMS 0x0000000084700000, 0x0000000084700000| Complete 
|  72|0x0000000084800000, 0x0000000084900000, 0x0000000084900000|100%| E|CS|TAMS 0x0000000084800000, 0x0000000084800000| Complete 
|  73|0x0000000084900000, 0x0000000084a00000, 0x0000000084a00000|100%| E|CS|TAMS 0x0000000084900000, 0x0000000084900000| Complete 
|  74|0x0000000084a00000, 0x0000000084b00000, 0x0000000084b00000|100%| E|CS|TAMS 0x0000000084a00000, 0x0000000084a00000| Complete 
|  75|0x0000000084b00000, 0x0000000084c00000, 0x0000000084c00000|100%| E|CS|TAMS 0x0000000084b00000, 0x0000000084b00000| Complete 
|  76|0x0000000084c00000, 0x0000000084d00000, 0x0000000084d00000|100%| E|CS|TAMS 0x0000000084c00000, 0x0000000084c00000| Complete 
|  77|0x0000000084d00000, 0x0000000084e00000, 0x0000000084e00000|100%| E|CS|TAMS 0x0000000084d00000, 0x0000000084d00000| Complete 
|  95|0x0000000085f00000, 0x0000000086000000, 0x0000000086000000|100%| E|CS|TAMS 0x0000000085f00000, 0x0000000085f00000| Complete 

Card table byte_map: [0x00000206eea40000,0x00000206eee40000] _byte_map_base: 0x00000206ee640000

Marking Bits (Prev, Next): (CMBitMap*) 0x00000206d6dee900, (CMBitMap*) 0x00000206d6dee8c0
 Prev Bits: [0x00000206f1240000, 0x00000206f3240000)
 Next Bits: [0x00000206ef240000, 0x00000206f1240000)

Polling page: 0x00000206d6590000

Metaspace:

Usage:
  Non-class:     42.35 MB capacity,    41.79 MB ( 99%) used,   497.54 KB (  1%) free+waste,    73.56 KB ( <1%) overhead. 
      Class:      6.55 MB capacity,     6.27 MB ( 96%) used,   252.82 KB (  4%) free+waste,    30.06 KB ( <1%) overhead. 
       Both:     48.90 MB capacity,    48.06 MB ( 98%) used,   750.36 KB (  1%) free+waste,   103.63 KB ( <1%) overhead. 

Virtual space:
  Non-class space:       44.00 MB reserved,      42.58 MB ( 97%) committed 
      Class space:        1.00 GB reserved,       6.63 MB ( <1%) committed 
             Both:        1.04 GB reserved,      49.20 MB (  5%) committed 

Chunk freelists:
   Non-Class:  42.00 KB
       Class:  16.00 KB
        Both:  58.00 KB

MaxMetaspaceSize: 17179869184.00 GB
CompressedClassSpaceSize: 1.00 GB

CodeHeap 'non-profiled nmethods': size=120000Kb used=3340Kb max_used=3340Kb free=116659Kb
 bounds [0x00000206e6de0000, 0x00000206e7130000, 0x00000206ee310000]
CodeHeap 'profiled nmethods': size=120000Kb used=11854Kb max_used=11854Kb free=108145Kb
 bounds [0x00000206df8b0000, 0x00000206e0450000, 0x00000206e6de0000]
CodeHeap 'non-nmethods': size=5760Kb used=2350Kb max_used=2380Kb free=3409Kb
 bounds [0x00000206df310000, 0x00000206df580000, 0x00000206df8b0000]
 total_blobs=6745 nmethods=5915 adapters=742
 compilation: enabled
              stopped_count=0, restarted_count=0
 full_count=0

Compilation events (20 events):
Event: 12.068 Thread 0x00000206f5c67c80 5927       3       javax.management.ImmutableDescriptor::union (308 bytes)
Event: 12.071 Thread 0x00000206f5c67c80 nmethod 5927 0x00000206e0424890 code [0x00000206e0424c00, 0x00000206e04267a8]
Event: 12.071 Thread 0x00000206f5c67c80 5928       3       javax.management.MBeanFeatureInfo::<init> (20 bytes)
Event: 12.071 Thread 0x00000206f5c67c80 nmethod 5928 0x00000206e0427110 code [0x00000206e04272c0, 0x00000206e0427538]
Event: 12.118 Thread 0x00000206f5c67c80 5929       3       com.google.common.reflect.Types$ClassOwnership$2::getOwnerType (14 bytes)
Event: 12.119 Thread 0x00000206f5c67c80 nmethod 5929 0x00000206e0427610 code [0x00000206e0427820, 0x00000206e0427cc8]
Event: 12.119 Thread 0x00000206f5c67c80 5930       3       com.google.common.reflect.Types::newParameterizedTypeWithOwner (44 bytes)
Event: 12.119 Thread 0x00000206f5c67c80 nmethod 5930 0x00000206e0427e90 code [0x00000206e0428080, 0x00000206e04284c8]
Event: 12.119 Thread 0x00000206f5c67c80 5931       3       com.google.common.reflect.Types::newParameterizedType (17 bytes)
Event: 12.120 Thread 0x00000206f5c67c80 nmethod 5931 0x00000206e0428690 code [0x00000206e04288a0, 0x00000206e0428e38]
Event: 12.120 Thread 0x00000206f5c67c80 5932       3       com.google.common.reflect.Types$ParameterizedTypeImpl::<init> (55 bytes)
Event: 12.121 Thread 0x00000206f5c67c80 nmethod 5932 0x00000206e0429090 code [0x00000206e0429300, 0x00000206e0429ee8]
Event: 12.121 Thread 0x00000206f5c67c80 5934       3       com.google.common.collect.AbstractMapBasedMultimap$WrappedCollection$WrappedIterator::hasNext (14 bytes)
Event: 12.121 Thread 0x00000206f5c67c80 nmethod 5934 0x00000206e042a290 code [0x00000206e042a460, 0x00000206e042a888]
Event: 12.121 Thread 0x00000206f5c67c80 5933       3       org.objectweb.asm.Frame::getInitializedType (153 bytes)
Event: 12.122 Thread 0x00000206f5c67c80 nmethod 5933 0x00000206e042aa10 code [0x00000206e042ac00, 0x00000206e042b138]
Event: 12.124 Thread 0x00000206f5c67c80 5935       3       java.lang.invoke.DelegatingMethodHandle::<init> (10 bytes)
Event: 12.125 Thread 0x00000206f5c67c80 nmethod 5935 0x00000206e042b410 code [0x00000206e042b5e0, 0x00000206e042b9b8]
Event: 12.125 Thread 0x00000206f5c67c80 5936       3       java.lang.invoke.DelegatingMethodHandle::chooseDelegatingForm (24 bytes)
Event: 12.125 Thread 0x00000206f5c67c80 nmethod 5936 0x00000206e042bb10 code [0x00000206e042bcc0, 0x00000206e042bfe8]

GC Heap History (20 events):
Event: 7.632 GC heap before
{Heap before GC invocations=5 (full 0):
 garbage-first heap   total 71680K, used 59520K [0x0000000080000000, 0x0000000100000000)
  region size 1024K, 42 young (43008K), 3 survivors (3072K)
 Metaspace       used 27571K, capacity 28122K, committed 28208K, reserved 1073152K
  class space    used 3769K, capacity 3959K, committed 3968K, reserved 1048576K
}
Event: 7.639 GC heap after
{Heap after GC invocations=6 (full 0):
 garbage-first heap   total 71680K, used 24577K [0x0000000080000000, 0x0000000100000000)
  region size 1024K, 6 young (6144K), 6 survivors (6144K)
 Metaspace       used 27571K, capacity 28122K, committed 28208K, reserved 1073152K
  class space    used 3769K, capacity 3959K, committed 3968K, reserved 1048576K
}
Event: 8.081 GC heap before
{Heap before GC invocations=6 (full 0):
 garbage-first heap   total 71680K, used 54273K [0x0000000080000000, 0x0000000100000000)
  region size 1024K, 33 young (33792K), 6 survivors (6144K)
 Metaspace       used 30298K, capacity 30805K, committed 31152K, reserved 1077248K
  class space    used 4055K, capacity 4232K, committed 4352K, reserved 1048576K
}
Event: 8.088 GC heap after
{Heap after GC invocations=7 (full 0):
 garbage-first heap   total 71680K, used 27921K [0x0000000080000000, 0x0000000100000000)
  region size 1024K, 4 young (4096K), 4 survivors (4096K)
 Metaspace       used 30298K, capacity 30805K, committed 31152K, reserved 1077248K
  class space    used 4055K, capacity 4232K, committed 4352K, reserved 1048576K
}
Event: 8.610 GC heap before
{Heap before GC invocations=7 (full 0):
 garbage-first heap   total 71680K, used 51473K [0x0000000080000000, 0x0000000100000000)
  region size 1024K, 28 young (28672K), 4 survivors (4096K)
 Metaspace       used 33209K, capacity 33754K, committed 33840K, reserved 1079296K
  class space    used 4483K, capacity 4654K, committed 4736K, reserved 1048576K
}
Event: 8.614 GC heap after
{Heap after GC invocations=8 (full 0):
 garbage-first heap   total 71680K, used 29578K [0x0000000080000000, 0x0000000100000000)
  region size 1024K, 2 young (2048K), 2 survivors (2048K)
 Metaspace       used 33209K, capacity 33754K, committed 33840K, reserved 1079296K
  class space    used 4483K, capacity 4654K, committed 4736K, reserved 1048576K
}
Event: 8.854 GC heap before
{Heap before GC invocations=8 (full 0):
 garbage-first heap   total 71680K, used 43914K [0x0000000080000000, 0x0000000100000000)
  region size 1024K, 16 young (16384K), 2 survivors (2048K)
 Metaspace       used 35241K, capacity 35859K, committed 35920K, reserved 1081344K
  class space    used 4688K, capacity 4863K, committed 4864K, reserved 1048576K
}
Event: 8.857 GC heap after
{Heap after GC invocations=9 (full 0):
 garbage-first heap   total 71680K, used 30283K [0x0000000080000000, 0x0000000100000000)
  region size 1024K, 3 young (3072K), 3 survivors (3072K)
 Metaspace       used 35241K, capacity 35859K, committed 35920K, reserved 1081344K
  class space    used 4688K, capacity 4863K, committed 4864K, reserved 1048576K
}
Event: 9.654 GC heap before
{Heap before GC invocations=10 (full 0):
 garbage-first heap   total 71680K, used 55883K [0x0000000080000000, 0x0000000100000000)
  region size 1024K, 28 young (28672K), 3 survivors (3072K)
 Metaspace       used 37959K, capacity 38609K, committed 38992K, reserved 1083392K
  class space    used 5045K, capacity 5256K, committed 5376K, reserved 1048576K
}
Event: 9.659 GC heap after
{Heap after GC invocations=11 (full 0):
 garbage-first heap   total 71680K, used 32585K [0x0000000080000000, 0x0000000100000000)
  region size 1024K, 4 young (4096K), 4 survivors (4096K)
 Metaspace       used 37959K, capacity 38609K, committed 38992K, reserved 1083392K
  class space    used 5045K, capacity 5256K, committed 5376K, reserved 1048576K
}
Event: 10.437 GC heap before
{Heap before GC invocations=11 (full 0):
 garbage-first heap   total 71680K, used 54089K [0x0000000080000000, 0x0000000100000000)
  region size 1024K, 25 young (25600K), 4 survivors (4096K)
 Metaspace       used 38645K, capacity 39329K, committed 39504K, reserved 1083392K
  class space    used 5119K, capacity 5324K, committed 5376K, reserved 1048576K
}
Event: 10.442 GC heap after
{Heap after GC invocations=12 (full 0):
 garbage-first heap   total 71680K, used 38927K [0x0000000080000000, 0x0000000100000000)
  region size 1024K, 4 young (4096K), 4 survivors (4096K)
 Metaspace       used 38645K, capacity 39329K, committed 39504K, reserved 1083392K
  class space    used 5119K, capacity 5324K, committed 5376K, reserved 1048576K
}
Event: 10.835 GC heap before
{Heap before GC invocations=13 (full 0):
 garbage-first heap   total 71680K, used 56335K [0x0000000080000000, 0x0000000100000000)
  region size 1024K, 20 young (20480K), 4 survivors (4096K)
 Metaspace       used 40451K, capacity 41112K, committed 41296K, reserved 1085440K
  class space    used 5341K, capacity 5544K, committed 5632K, reserved 1048576K
}
Event: 10.838 GC heap after
{Heap after GC invocations=14 (full 0):
 garbage-first heap   total 71680K, used 43558K [0x0000000080000000, 0x0000000100000000)
  region size 1024K, 3 young (3072K), 3 survivors (3072K)
 Metaspace       used 40451K, capacity 41112K, committed 41296K, reserved 1085440K
  class space    used 5341K, capacity 5544K, committed 5632K, reserved 1048576K
}
Event: 11.123 GC heap before
{Heap before GC invocations=14 (full 0):
 garbage-first heap   total 71680K, used 55846K [0x0000000080000000, 0x0000000100000000)
  region size 1024K, 15 young (15360K), 3 survivors (3072K)
 Metaspace       used 42333K, capacity 43050K, committed 43344K, reserved 1087488K
  class space    used 5575K, capacity 5805K, committed 5888K, reserved 1048576K
}
Event: 11.126 GC heap after
{Heap after GC invocations=15 (full 0):
 garbage-first heap   total 71680K, used 44008K [0x0000000080000000, 0x0000000100000000)
  region size 1024K, 1 young (1024K), 1 survivors (1024K)
 Metaspace       used 42333K, capacity 43050K, committed 43344K, reserved 1087488K
  class space    used 5575K, capacity 5805K, committed 5888K, reserved 1048576K
}
Event: 11.530 GC heap before
{Heap before GC invocations=16 (full 0):
 garbage-first heap   total 76800K, used 57320K [0x0000000080000000, 0x0000000100000000)
  region size 1024K, 14 young (14336K), 1 survivors (1024K)
 Metaspace       used 44802K, capacity 45567K, committed 45648K, reserved 1089536K
  class space    used 5882K, capacity 6106K, committed 6144K, reserved 1048576K
}
Event: 11.532 GC heap after
{Heap after GC invocations=17 (full 0):
 garbage-first heap   total 76800K, used 44746K [0x0000000080000000, 0x0000000100000000)
  region size 1024K, 2 young (2048K), 2 survivors (2048K)
 Metaspace       used 44802K, capacity 45567K, committed 45648K, reserved 1089536K
  class space    used 5882K, capacity 6106K, committed 6144K, reserved 1048576K
}
Event: 11.900 GC heap before
{Heap before GC invocations=17 (full 0):
 garbage-first heap   total 76800K, used 61130K [0x0000000080000000, 0x0000000100000000)
  region size 1024K, 18 young (18432K), 2 survivors (2048K)
 Metaspace       used 47487K, capacity 48242K, committed 48336K, reserved 1091584K
  class space    used 6195K, capacity 6438K, committed 6528K, reserved 1048576K
}
Event: 11.903 GC heap after
{Heap after GC invocations=18 (full 0):
 garbage-first heap   total 76800K, used 45248K [0x0000000080000000, 0x0000000100000000)
  region size 1024K, 2 young (2048K), 2 survivors (2048K)
 Metaspace       used 47487K, capacity 48242K, committed 48336K, reserved 1091584K
  class space    used 6195K, capacity 6438K, committed 6528K, reserved 1048576K
}

Deoptimization events (20 events):
Event: 11.664 Thread 0x00000206f821fb70 Uncommon trap: trap_request=0xfffffff4 fr.pc=0x00000206e70b4d6c relative=0x000000000000032c
Event: 11.664 Thread 0x00000206f821fb70 Uncommon trap: reason=null_check action=make_not_entrant pc=0x00000206e70b4d6c method=java.lang.ThreadLocal$ThreadLocalMap.getEntryAfterMiss(Ljava/lang/ThreadLocal;ILjava/lang/ThreadLocal$ThreadLocalMap$Entry;)Ljava/lang/ThreadLocal$ThreadLocalMap$Entry; 
Event: 11.664 Thread 0x00000206f821fb70 DEOPT PACKING pc=0x00000206e70b4d6c sp=0x0000008271af8a70
Event: 11.664 Thread 0x00000206f821fb70 DEOPT UNPACKING pc=0x00000206df35e42f sp=0x0000008271af8928 mode 2
Event: 11.666 Thread 0x00000206f821fb70 Uncommon trap: trap_request=0xffffffc6 fr.pc=0x00000206e6fbe630 relative=0x0000000000003a50
Event: 11.666 Thread 0x00000206f821fb70 Uncommon trap: reason=bimorphic_or_optimized_type_check action=maybe_recompile pc=0x00000206e6fbe630 method=java.util.AbstractCollection.addAll(Ljava/util/Collection;)Z @ 29 c2
Event: 11.666 Thread 0x00000206f821fb70 DEOPT PACKING pc=0x00000206e6fbe630 sp=0x0000008271af8a90
Event: 11.666 Thread 0x00000206f821fb70 DEOPT UNPACKING pc=0x00000206df35e42f sp=0x0000008271af8a80 mode 2
Event: 12.009 Thread 0x00000206f821fb70 Uncommon trap: trap_request=0xffffff76 fr.pc=0x00000206e70ce7b4 relative=0x0000000000000e94
Event: 12.009 Thread 0x00000206f821fb70 Uncommon trap: reason=predicate action=maybe_recompile pc=0x00000206e70ce7b4 method=java.util.Arrays.binarySearch0([Ljava/lang/Object;IILjava/lang/Object;Ljava/util/Comparator;)I @ 25 c2
Event: 12.009 Thread 0x00000206f821fb70 DEOPT PACKING pc=0x00000206e70ce7b4 sp=0x0000008271af5320
Event: 12.009 Thread 0x00000206f821fb70 DEOPT UNPACKING pc=0x00000206df35e42f sp=0x0000008271af52d8 mode 2
Event: 12.076 Thread 0x00000206f821fb70 Uncommon trap: trap_request=0xffffff45 fr.pc=0x00000206e6ffde74 relative=0x0000000000000254
Event: 12.076 Thread 0x00000206f821fb70 Uncommon trap: reason=unstable_if action=reinterpret pc=0x00000206e6ffde74 method=java.security.SecureClassLoader$CodeSourceKey.hashCode()I @ 9 c2
Event: 12.076 Thread 0x00000206f821fb70 DEOPT PACKING pc=0x00000206e6ffde74 sp=0x0000008271af44c0
Event: 12.076 Thread 0x00000206f821fb70 DEOPT UNPACKING pc=0x00000206df35e42f sp=0x0000008271af4450 mode 2
Event: 12.076 Thread 0x00000206f821fb70 Uncommon trap: trap_request=0xffffff45 fr.pc=0x00000206e70ec9b8 relative=0x00000000000027d8
Event: 12.077 Thread 0x00000206f821fb70 Uncommon trap: reason=unstable_if action=reinterpret pc=0x00000206e70ec9b8 method=java.lang.ClassLoader.defineClassSourceLocation(Ljava/security/ProtectionDomain;)Ljava/lang/String; @ 15 c2
Event: 12.077 Thread 0x00000206f821fb70 DEOPT PACKING pc=0x00000206e70ec9b8 sp=0x0000008271af4640
Event: 12.077 Thread 0x00000206f821fb70 DEOPT UNPACKING pc=0x00000206df35e42f sp=0x0000008271af4560 mode 2

Classes unloaded (0 events):
No events

Classes redefined (0 events):
No events

Internal exceptions (20 events):
Event: 10.631 Thread 0x00000206f84a6f30 Exception <a 'java/lang/NoSuchMethodError'{0x0000000083e56f40}: static Lorg/gradle/internal/build/event/types/AbstractProjectConfigurationResult;.<clinit>()V> (0x0000000083e56f40) 
thrown [./src/hotspot/share/prims/jni.cpp, line 1204]
Event: 10.631 Thread 0x00000206f84a6f30 Exception <a 'java/lang/NoSuchMethodError'{0x0000000083e58740}: static Lorg/gradle/internal/build/event/types/AbstractOperationResult;.<clinit>()V> (0x0000000083e58740) 
thrown [./src/hotspot/share/prims/jni.cpp, line 1204]
Event: 10.631 Thread 0x00000206f84a6f30 Exception <a 'java/lang/NoSuchMethodError'{0x0000000083e59a08}: static Lorg/gradle/internal/build/event/types/AbstractResult;.<clinit>()V> (0x0000000083e59a08) 
thrown [./src/hotspot/share/prims/jni.cpp, line 1204]
Event: 10.632 Thread 0x00000206f84a6f30 Exception <a 'java/lang/NoSuchMethodError'{0x0000000083e64410}: static Lorg/gradle/internal/build/event/types/DefaultPluginApplicationResult;.<clinit>()V> (0x0000000083e64410) 
thrown [./src/hotspot/share/prims/jni.cpp, line 1204]
Event: 10.634 Thread 0x00000206f84a6f30 Exception <a 'java/lang/NoSuchMethodError'{0x0000000083e6fea0}: static Lorg/gradle/internal/build/event/types/DefaultBinaryPluginIdentifier;.<clinit>()V> (0x0000000083e6fea0) 
thrown [./src/hotspot/share/prims/jni.cpp, line 1204]
Event: 10.637 Thread 0x00000206f84a6f30 Exception <a 'java/lang/NoSuchMethodError'{0x0000000083e85f58}: static Lorg/gradle/internal/build/event/types/DefaultScriptPluginIdentifier;.<clinit>()V> (0x0000000083e85f58) 
thrown [./src/hotspot/share/prims/jni.cpp, line 1204]
Event: 10.654 Thread 0x00000206f821fb70 Exception <a 'java/lang/ClassNotFoundException'{0x0000000083efb298}: build_dm68gck1tpoea10ap9jnkes6tBeanInfo> (0x0000000083efb298) 
thrown [./src/hotspot/share/classfile/systemDictionary.cpp, line 295]
Event: 10.655 Thread 0x00000206f821fb70 Exception <a 'java/lang/ClassNotFoundException'{0x0000000083d01280}: build_dm68gck1tpoea10ap9jnkes6tCustomizer> (0x0000000083d01280) 
thrown [./src/hotspot/share/classfile/systemDictionary.cpp, line 295]
Event: 10.664 Thread 0x00000206f821fb70 Exception <a 'java/lang/ClassNotFoundException'{0x0000000083d4f668}: org/gradle/plugin/use/internal/PluginRequestCollector$PluginDependenciesSpecImplBeanInfo> (0x0000000083d4f668) 
thrown [./src/hotspot/share/classfile/systemDictionary.cpp, line 295]
Event: 10.665 Thread 0x00000206f821fb70 Exception <a 'java/lang/ClassNotFoundException'{0x0000000083d5eee0}: org/gradle/plugin/use/internal/PluginRequestCollector$PluginDependenciesSpecImplCustomizer> (0x0000000083d5eee0) 
thrown [./src/hotspot/share/classfile/systemDictionary.cpp, line 295]
Event: 10.707 Thread 0x00000206f821fb70 Exception <a 'java/lang/ClassNotFoundException'{0x0000000083cfcb00}: org/gradle/api/internal/plugins/DefaultObjectConfigurationActionBeanInfo> (0x0000000083cfcb00) 
thrown [./src/hotspot/share/classfile/systemDictionary.cpp, line 295]
Event: 10.708 Thread 0x00000206f821fb70 Exception <a 'java/lang/ClassNotFoundException'{0x0000000083b0e138}: org/gradle/api/internal/plugins/DefaultObjectConfigurationActionCustomizer> (0x0000000083b0e138) 
thrown [./src/hotspot/share/classfile/systemDictionary.cpp, line 295]
Event: 10.898 Thread 0x00000206f821fb70 Exception <a 'java/lang/NoSuchMethodError'{0x00000000843d2698}: 'java.lang.Object java.lang.invoke.DirectMethodHandle$Holder.newInvokeSpecial(java.lang.Object, java.lang.Object, java.lang.Object, java.lang.Object, int)'> (0x00000000843d2698) 
thrown [./src/hotspot/share/interpreter/linkResolver.cpp, line 782]
Event: 10.899 Thread 0x00000206f821fb70 Exception <a 'java/lang/NoSuchMethodError'{0x00000000843d7ac8}: 'java.lang.Object java.lang.invoke.DirectMethodHandle$Holder.invokeSpecial(java.lang.Object, java.lang.Object, java.lang.Object, java.lang.Object, java.lang.Object, int)'> (0x00000000843d7ac8) 
thrown [./src/hotspot/share/interpreter/linkResolver.cpp, line 782]
Event: 10.899 Thread 0x00000206f821fb70 Exception <a 'java/lang/NoSuchMethodError'{0x00000000843dcc40}: 'java.lang.Object java.lang.invoke.Invokers$Holder.linkToTargetMethod(java.lang.Object, java.lang.Object, java.lang.Object, int, java.lang.Object)'> (0x00000000843dcc40) 
thrown [./src/hotspot/share/interpreter/linkResolver.cpp, line 782]
Event: 11.481 Thread 0x00000206f821fb70 Exception <a 'java/lang/NoSuchMethodError'{0x00000000840de0b8}: 'int java.lang.invoke.DirectMethodHandle$Holder.invokeInterface(java.lang.Object, java.lang.Object, java.lang.Object, java.lang.Object)'> (0x00000000840de0b8) 
thrown [./src/hotspot/share/interpreter/linkResolver.cpp, line 782]
Event: 11.664 Thread 0x00000206f821fb70 Implicit null exception at 0x00000206e70b4bbe to 0x00000206e70b4d48
Event: 11.815 Thread 0x00000206f821fb70 Exception <a 'java/lang/NoSuchMethodError'{0x0000000083fbc620}: 'void java.lang.invoke.DirectMethodHandle$Holder.invokeInterface(java.lang.Object, java.lang.Object, java.lang.Object, java.lang.Object)'> (0x0000000083fbc620) 
thrown [./src/hotspot/share/interpreter/linkResolver.cpp, line 782]
Event: 11.987 Thread 0x00000206f821fb70 Exception <a 'java/lang/IncompatibleClassChangeError'{0x0000000084d1e0e8}: Found class java.lang.Object, but interface was expected> (0x0000000084d1e0e8) 
thrown [./src/hotspot/share/interpreter/linkResolver.cpp, line 848]
Event: 12.076 Thread 0x00000206f821fb70 Implicit null exception at 0x00000206e6ffdc54 to 0x00000206e6ffde64

Events (20 events):
Event: 12.071 loading class javax/management/NotificationListener done
Event: 12.071 loading class javax/management/NotificationFilter
Event: 12.071 loading class javax/management/NotificationFilter done
Event: 12.071 loading class javax/management/ListenerNotFoundException
Event: 12.071 loading class javax/management/ListenerNotFoundException done
Event: 12.071 loading class jdk/jfr/Recording
Event: 12.072 loading class jdk/jfr/Recording done
Event: 12.072 loading class jdk/jfr/FlightRecorder
Event: 12.073 loading class jdk/jfr/FlightRecorder done
Event: 12.073 loading class jdk/management/jfr/FlightRecorderMXBeanImpl$MXBeanListener
Event: 12.073 loading class jdk/jfr/FlightRecorderListener
Event: 12.073 loading class jdk/jfr/FlightRecorderListener done
Event: 12.073 loading class jdk/management/jfr/FlightRecorderMXBeanImpl$MXBeanListener done
Event: 12.074 loading class sun/reflect/misc/MethodUtil
Event: 12.075 loading class sun/reflect/misc/MethodUtil done
Event: 12.075 loading class sun/reflect/misc/MethodUtil$1
Event: 12.075 loading class sun/reflect/misc/MethodUtil$1 done
Event: 12.081 Thread 0x00000206f81301b0 Thread added: 0x00000206f81301b0
Event: 12.085 loading class java/lang/Byte$ByteCache
Event: 12.085 loading class java/lang/Byte$ByteCache done


Dynamic libraries:
0x00007ff6f7080000 - 0x00007ff6f708d000 	C:\Users\ha phun\.jdks\azul-15.0.9\bin\java.exe
0x00007ffbf88a0000 - 0x00007ffbf8aa9000 	C:\WINDOWS\SYSTEM32\ntdll.dll
0x00007ffbf7080000 - 0x00007ffbf713d000 	C:\WINDOWS\System32\KERNEL32.DLL
0x00007ffbf5d70000 - 0x00007ffbf60eb000 	C:\WINDOWS\System32\KERNELBASE.dll
0x00007ffbf60f0000 - 0x00007ffbf6201000 	C:\WINDOWS\System32\ucrtbase.dll
0x00007ffbcf350000 - 0x00007ffbcf365000 	C:\Users\ha phun\.jdks\azul-15.0.9\bin\VCRUNTIME140.dll
0x00007ffbcf090000 - 0x00007ffbcf0a8000 	C:\Users\ha phun\.jdks\azul-15.0.9\bin\jli.dll
0x00007ffbe4b60000 - 0x00007ffbe4e05000 	C:\WINDOWS\WinSxS\amd64_microsoft.windows.common-controls_6595b64144ccf1df_6.0.22000.120_none_9d947278b86cc467\COMCTL32.dll
0x00007ffbf7840000 - 0x00007ffbf78e3000 	C:\WINDOWS\System32\msvcrt.dll
0x00007ffbf7690000 - 0x00007ffbf783d000 	C:\WINDOWS\System32\USER32.dll
0x00007ffbf74b0000 - 0x00007ffbf74d9000 	C:\WINDOWS\System32\GDI32.dll
0x00007ffbf6630000 - 0x00007ffbf6656000 	C:\WINDOWS\System32\win32u.dll
0x00007ffbf6510000 - 0x00007ffbf6628000 	C:\WINDOWS\System32\gdi32full.dll
0x00007ffbf6290000 - 0x00007ffbf632d000 	C:\WINDOWS\System32\msvcp_win.dll
0x00007ffbf7a40000 - 0x00007ffbf7a71000 	C:\WINDOWS\System32\IMM32.DLL
0x00007ffbab3f0000 - 0x00007ffbab48b000 	C:\Users\ha phun\.jdks\azul-15.0.9\bin\msvcp140.dll
0x00007ffb8a360000 - 0x00007ffb8aefa000 	C:\Users\ha phun\.jdks\azul-15.0.9\bin\server\jvm.dll
0x00007ffbf6fc0000 - 0x00007ffbf706e000 	C:\WINDOWS\System32\ADVAPI32.dll
0x00007ffbf7410000 - 0x00007ffbf74ae000 	C:\WINDOWS\System32\sechost.dll
0x00007ffbf82d0000 - 0x00007ffbf83f0000 	C:\WINDOWS\System32\RPCRT4.dll
0x00007ffbf6720000 - 0x00007ffbf6728000 	C:\WINDOWS\System32\PSAPI.DLL
0x00007ffbf2c90000 - 0x00007ffbf2c99000 	C:\WINDOWS\SYSTEM32\WSOCK32.dll
0x00007ffbef290000 - 0x00007ffbef2c3000 	C:\WINDOWS\SYSTEM32\WINMM.dll
0x00007ffbf7e80000 - 0x00007ffbf7eef000 	C:\WINDOWS\System32\WS2_32.dll
0x00007ffbec4b0000 - 0x00007ffbec4ba000 	C:\WINDOWS\SYSTEM32\VERSION.dll
0x00007ffbf4df0000 - 0x00007ffbf4e08000 	C:\WINDOWS\SYSTEM32\kernel.appcore.dll
0x00007ffbe4b00000 - 0x00007ffbe4b0a000 	C:\Users\ha phun\.jdks\azul-15.0.9\bin\jimage.dll
0x00007ffbf3700000 - 0x00007ffbf3921000 	C:\WINDOWS\SYSTEM32\DBGHELP.DLL
0x00007ffbdc170000 - 0x00007ffbdc1a1000 	C:\WINDOWS\SYSTEM32\dbgcore.DLL
0x00007ffbf6210000 - 0x00007ffbf628f000 	C:\WINDOWS\System32\bcryptPrimitives.dll
0x00007ffbcbcc0000 - 0x00007ffbcbce5000 	C:\Users\ha phun\.jdks\azul-15.0.9\bin\java.dll
0x00007ffbf6730000 - 0x00007ffbf6ee8000 	C:\WINDOWS\System32\SHELL32.dll
0x00007ffbf3e60000 - 0x00007ffbf46c5000 	C:\WINDOWS\SYSTEM32\windows.storage.dll
0x00007ffbf7f50000 - 0x00007ffbf82c7000 	C:\WINDOWS\System32\combase.dll
0x00007ffbf3cf0000 - 0x00007ffbf3e56000 	C:\WINDOWS\SYSTEM32\wintypes.dll
0x00007ffbf7320000 - 0x00007ffbf740a000 	C:\WINDOWS\System32\SHCORE.dll
0x00007ffbf6ef0000 - 0x00007ffbf6f4d000 	C:\WINDOWS\System32\shlwapi.dll
0x00007ffbf5ca0000 - 0x00007ffbf5cc1000 	C:\WINDOWS\SYSTEM32\profapi.dll
0x00007ffbcca90000 - 0x00007ffbccaa9000 	C:\Users\ha phun\.jdks\azul-15.0.9\bin\net.dll
0x00007ffbeef90000 - 0x00007ffbef09c000 	C:\WINDOWS\SYSTEM32\WINHTTP.dll
0x00007ffbf5290000 - 0x00007ffbf52f7000 	C:\WINDOWS\system32\mswsock.dll
0x00007ffbcc1d0000 - 0x00007ffbcc1e2000 	C:\Users\ha phun\.jdks\azul-15.0.9\bin\nio.dll
0x00007ffbcbca0000 - 0x00007ffbcbcb8000 	C:\Users\ha phun\.jdks\azul-15.0.9\bin\zip.dll
0x00007ffbe4ad0000 - 0x00007ffbe4ae0000 	C:\Users\ha phun\.jdks\azul-15.0.9\bin\verify.dll
0x00007ffbceab0000 - 0x00007ffbcead7000 	C:\Users\ha phun\.gradle\native\8bec1ad78214c89d9ad589b4d07fe93259594b29d510b10fafb7a158f7737e5d\windows-amd64\native-platform.dll
0x00007ffba7250000 - 0x00007ffba738d000 	C:\Users\ha phun\.gradle\native\53dbd7edfb1c66fb8903c78663c9afc45aea4f116125fa6feffd364cf09443e8\windows-amd64\native-platform-file-events.dll
0x00007ffbe4880000 - 0x00007ffbe4889000 	C:\Users\ha phun\.jdks\azul-15.0.9\bin\management.dll
0x00007ffbe4840000 - 0x00007ffbe484b000 	C:\Users\ha phun\.jdks\azul-15.0.9\bin\management_ext.dll
0x00007ffbf54d0000 - 0x00007ffbf54e8000 	C:\WINDOWS\SYSTEM32\CRYPTSP.dll
0x00007ffbf4d50000 - 0x00007ffbf4d85000 	C:\WINDOWS\system32\rsaenh.dll
0x00007ffbf5380000 - 0x00007ffbf53a9000 	C:\WINDOWS\SYSTEM32\USERENV.dll
0x00007ffbf5660000 - 0x00007ffbf5687000 	C:\WINDOWS\SYSTEM32\bcrypt.dll
0x00007ffbf54f0000 - 0x00007ffbf54fc000 	C:\WINDOWS\SYSTEM32\CRYPTBASE.dll
0x00007ffbf4920000 - 0x00007ffbf494d000 	C:\WINDOWS\SYSTEM32\IPHLPAPI.DLL
0x00007ffbf78f0000 - 0x00007ffbf78f9000 	C:\WINDOWS\System32\NSI.dll
0x00007ffbeec20000 - 0x00007ffbeec39000 	C:\WINDOWS\SYSTEM32\dhcpcsvc6.DLL
0x00007ffbef650000 - 0x00007ffbef66e000 	C:\WINDOWS\SYSTEM32\dhcpcsvc.DLL
0x00007ffbf4950000 - 0x00007ffbf4a38000 	C:\WINDOWS\SYSTEM32\DNSAPI.dll

dbghelp: loaded successfully - version: 4.0.5 - missing functions: none
symbol engine: initialized successfully - sym options: 0x614 - pdb path: .;C:\Users\ha phun\.jdks\azul-15.0.9\bin;C:\WINDOWS\SYSTEM32;C:\WINDOWS\WinSxS\amd64_microsoft.windows.common-controls_6595b64144ccf1df_6.0.22000.120_none_9d947278b86cc467;C:\Users\ha phun\.jdks\azul-15.0.9\bin\server;C:\Users\ha phun\.gradle\native\8bec1ad78214c89d9ad589b4d07fe93259594b29d510b10fafb7a158f7737e5d\windows-amd64;C:\Users\ha phun\.gradle\native\53dbd7edfb1c66fb8903c78663c9afc45aea4f116125fa6feffd364cf09443e8\windows-amd64

VM Arguments:
jvm_args: --add-opens=java.base/java.util=ALL-UNNAMED --add-opens=java.base/java.lang=ALL-UNNAMED --add-opens=java.base/java.lang.invoke=ALL-UNNAMED --add-opens=java.base/java.util=ALL-UNNAMED --add-opens=java.prefs/java.util.prefs=ALL-UNNAMED --add-opens=java.prefs/java.util.prefs=ALL-UNNAMED --add-opens=java.base/java.nio.charset=ALL-UNNAMED --add-opens=java.base/java.net=ALL-UNNAMED --add-opens=java.base/java.util.concurrent.atomic=ALL-UNNAMED -Xmx2048m -Dfile.encoding=UTF-8 -Duser.country=US -Duser.language=en -Duser.variant 
java_command: org.gradle.launcher.daemon.bootstrap.GradleDaemon 7.0.2
java_class_path (initial): C:\Users\ha phun\.gradle\wrapper\dists\gradle-7.0.2-bin\857tjihv64xamwrf0h14cai3r\gradle-7.0.2\lib\gradle-launcher-7.0.2.jar
Launcher Type: SUN_STANDARD

[Global flags]
     intx CICompilerCount                          = 4                                         {product} {ergonomic}
     uint ConcGCThreads                            = 2                                         {product} {ergonomic}
     uint G1ConcRefinementThreads                  = 8                                         {product} {ergonomic}
   size_t G1HeapRegionSize                         = 1048576                                   {product} {ergonomic}
    uintx GCDrainStackTargetSize                   = 64                                        {product} {ergonomic}
   size_t InitialHeapSize                          = 100663296                                 {product} {ergonomic}
   size_t MarkStackSize                            = 4194304                                   {product} {ergonomic}
   size_t MaxHeapSize                              = 2147483648                                {product} {command line}
   size_t MaxNewSize                               = 1287651328                                {product} {ergonomic}
   size_t MinHeapDeltaBytes                        = 1048576                                   {product} {ergonomic}
   size_t MinHeapSize                              = 8388608                                   {product} {ergonomic}
    uintx NonNMethodCodeHeapSize                   = 5839372                                {pd product} {ergonomic}
    uintx NonProfiledCodeHeapSize                  = 122909434                              {pd product} {ergonomic}
    uintx ProfiledCodeHeapSize                     = 122909434                              {pd product} {ergonomic}
    uintx ReservedCodeCacheSize                    = 251658240                              {pd product} {ergonomic}
     bool SegmentedCodeCache                       = true                                      {product} {ergonomic}
   size_t SoftMaxHeapSize                          = 2147483648                             {manageable} {ergonomic}
     bool UseCompressedClassPointers               = true                                 {lp64_product} {ergonomic}
     bool UseCompressedOops                        = true                                 {lp64_product} {ergonomic}
     bool UseG1GC                                  = true                                      {product} {ergonomic}
     bool UseLargePagesIndividualAllocation        = false                                  {pd product} {ergonomic}

Logging:
Log output configuration:
 #0: stdout all=warning uptime,level,tags
 #1: stderr all=off uptime,level,tags

Environment Variables:
PATH=C:\Windows\system32;C:\Windows;C:\Windows\System32\Wbem;C:\Windows\System32\WindowsPowerShell\v1.0\;C:\Windows\System32\OpenSSH\;C:\Program Files\dotnet\;C:\WINDOWS\system32;C:\WINDOWS;C:\WINDOWS\System32\Wbem;C:\WINDOWS\System32\WindowsPowerShell\v1.0\;C:\WINDOWS\System32\OpenSSH\;C:\Program Files\Microsoft SQL Server\Client SDK\ODBC\170\Tools\Binn\;C:\Program Files (x86)\Microsoft SQL Server\150\Tools\Binn\;C:\Program Files\Microsoft SQL Server\150\Tools\Binn\;C:\Program Files\Microsoft SQL Server\150\DTS\Binn\;C:\Program Files (x86)\Microsoft SQL Server\150\DTS\Binn\;C:\Program Files\Azure Data Studio\bin;C:\Program Files\Git\cmd;C:\Users\ha phun\AppData\Local\Microsoft\WindowsApps;C:\Users\ha phun\.dotnet\tools;;C:\Users\ha phun\AppData\Local\Programs\Microsoft VS Code\bin;C:\Program Files\Azure Data Studio\bin
USERNAME=ha phun
OS=Windows_NT
PROCESSOR_IDENTIFIER=AMD64 Family 23 Model 24 Stepping 1, AuthenticAMD



---------------  S Y S T E M  ---------------

OS:
 Windows 11 , 64 bit Build 22000 (10.0.22000.708)
OS uptime: 4 days 22:06 hours

CPU: total 8 (initial active 8) (8 cores per cpu, 2 threads per core) family 23 model 24 stepping 1 microcode 0x0, cmov, cx8, fxsr, mmx, sse, sse2, sse3, ssse3, sse4.1, sse4.2, popcnt, vzeroupper, avx, avx2, aes, clmul, 3dnowpref, lzcnt, sse4a, ht, tsc, tscinvbit, tscinv, bmi1, bmi2, adx, sha, fma, clflush, clflushopt

Memory: 4k page, system-wide physical 6091M (279M free)
TotalPageFile size 14091M (AvailPageFile size 4M)
current process WorkingSet (physical memory assigned to process): 257M, peak: 257M
current process commit charge ("private bytes"): 301M, peak: 303M

vm_info: OpenJDK 64-Bit Server VM (15.0.9+5-MTS) for windows-amd64 JRE (15.0.9+5-MTS) (Zulu15.44+13-CA), built on Oct  7 2022 09:58:48 by "zulu_re" with MS VC++ 15.9 (VS2017)

END.
