#
# There is insufficient memory for the Java Runtime Environment to continue.
# Native memory allocation (malloc) failed to allocate 1085216 bytes for Chunk::new
# Possible reasons:
#   The system is out of physical RAM or swap space
#   The process is running with CompressedOops enabled, and the Java Heap may be blocking the growth of the native heap
# Possible solutions:
#   Reduce memory load on the system
#   Increase physical memory or swap space
#   Check if swap backing store is full
#   Decrease Java heap size (-Xmx/-Xms)
#   Decrease number of Java threads
#   Decrease Java thread stack sizes (-Xss)
#   Set larger code cache with -XX:ReservedCodeCacheSize=
#   JVM is running with Unscaled Compressed Oops mode in which the Java heap is
#     placed in the first 4GB address space. The Java Heap base address is the
#     maximum limit for the native heap growth. Please use -XX:HeapBaseMinAddress
#     to set the Java Heap base and to place the Java Heap above 4GB virtual address.
# This output file may be truncated or incomplete.
#
#  Out of Memory Error (./src/hotspot/share/memory/arena.cpp:195), pid=16948, tid=3036
#
# JRE version: OpenJDK Runtime Environment Zulu15.44+13-CA (15.0.9+5) (build 15.0.9+5-MTS)
# Java VM: OpenJDK 64-Bit Server VM Zulu15.44+13-CA (15.0.9+5-MTS, mixed mode, sharing, tiered, compressed oops, g1 gc, windows-amd64)
# No core dump will be written. Minidumps are not enabled by default on client versions of Windows
#

---------------  S U M M A R Y ------------

Command Line: --add-opens=java.base/java.util=ALL-UNNAMED --add-opens=java.base/java.lang=ALL-UNNAMED --add-opens=java.base/java.lang.invoke=ALL-UNNAMED --add-opens=java.base/java.util=ALL-UNNAMED --add-opens=java.prefs/java.util.prefs=ALL-UNNAMED --add-opens=java.prefs/java.util.prefs=ALL-UNNAMED --add-opens=java.base/java.nio.charset=ALL-UNNAMED --add-opens=java.base/java.net=ALL-UNNAMED --add-opens=java.base/java.util.concurrent.atomic=ALL-UNNAMED -Xmx2048m -Dfile.encoding=UTF-8 -Duser.country=US -Duser.language=en -Duser.variant org.gradle.launcher.daemon.bootstrap.GradleDaemon 7.0.2

Host: AMD Ryzen 5 3500U with Radeon Vega Mobile Gfx  , 8 cores, 5G,  Windows 11 , 64 bit Build 22000 (10.0.22000.708)
Time: Mon Nov  7 13:39:10 2022 SE Asia Standard Time elapsed time: 10.018996 seconds (0d 0h 0m 10s)

---------------  T H R E A D  ---------------

Current thread (0x0000024b7fad1f70):  JavaThread "C2 CompilerThread0" daemon [_thread_in_native, id=3036, stack(0x000000bc12000000,0x000000bc12100000)]


Current CompileTask:
C2:  10019 6654 %     4       org.gradle.internal.instantiation.generator.AbstractClassGenerator::inspectType @ 250 (560 bytes)

Stack: [0x000000bc12000000,0x000000bc12100000]
Native frames: (J=compiled Java code, j=interpreted, Vv=VM code, C=native code)
V  [jvm.dll+0x60036a]
V  [jvm.dll+0x79fd79]
V  [jvm.dll+0x7a14d3]
V  [jvm.dll+0x7a1b23]
V  [jvm.dll+0x1fc658]
V  [jvm.dll+0x996ca]
V  [jvm.dll+0x99dbc]
V  [jvm.dll+0x261e24]
V  [jvm.dll+0x512bea]
V  [jvm.dll+0x1da196]
V  [jvm.dll+0x1d3ba9]
V  [jvm.dll+0x1d1627]
V  [jvm.dll+0x1646e7]
V  [jvm.dll+0x1e05b4]
V  [jvm.dll+0x1de6fb]
V  [jvm.dll+0x7648fd]
V  [jvm.dll+0x75d7fa]
V  [jvm.dll+0x5ff116]
C  [ucrtbase.dll+0x26c0c]
C  [KERNEL32.DLL+0x154e0]
C  [ntdll.dll+0x485b]


---------------  P R O C E S S  ---------------

Threads class SMR info:
_java_thread_list=0x0000024b05f8ace0, length=52, elements={
0x0000024b60be0f10, 0x0000024b7fab2360, 0x0000024b7fab8d40, 0x0000024b7face1f0,
0x0000024b7faceab0, 0x0000024b7facf370, 0x0000024b7fad1f70, 0x0000024b7fae2360,
0x0000024b7fad39b0, 0x0000024b0090a1a0, 0x0000024b00938880, 0x0000024b01c0f460,
0x0000024b02b9f9e0, 0x0000024b02d1c320, 0x0000024b028ff030, 0x0000024b02264820,
0x0000024b01a714d0, 0x0000024b0225e030, 0x0000024b018db8f0, 0x0000024b02529ff0,
0x0000024b02450530, 0x0000024b02450060, 0x0000024b02450a00, 0x0000024b02450ed0,
0x0000024b024513a0, 0x0000024b02451870, 0x0000024b0586d420, 0x0000024b0586b740,
0x0000024b0586b270, 0x0000024b05870440, 0x0000024b0586c0e0, 0x0000024b0586ca80,
0x0000024b0586e760, 0x0000024b05870910, 0x0000024b05870de0, 0x0000024b058712b0,
0x0000024b0586ddc0, 0x0000024b0586faa0, 0x0000024b0586cf50, 0x0000024b0586e290,
0x0000024b05871780, 0x0000024b05869f30, 0x0000024b0586ff70, 0x0000024b0586ec30,
0x0000024b0586a400, 0x0000024b0586ada0, 0x0000024b0586f100, 0x0000024b0586a8d0,
0x0000024b071adf00, 0x0000024b071ae3d0, 0x0000024b05e56f00, 0x0000024b071a79f0
}

Java Threads: ( => current thread )
  0x0000024b60be0f10 JavaThread "main" [_thread_blocked, id=12048, stack(0x000000bc11400000,0x000000bc11500000)]
  0x0000024b7fab2360 JavaThread "Reference Handler" daemon [_thread_blocked, id=7196, stack(0x000000bc11b00000,0x000000bc11c00000)]
  0x0000024b7fab8d40 JavaThread "Finalizer" daemon [_thread_blocked, id=16912, stack(0x000000bc11c00000,0x000000bc11d00000)]
  0x0000024b7face1f0 JavaThread "Signal Dispatcher" daemon [_thread_blocked, id=16656, stack(0x000000bc11d00000,0x000000bc11e00000)]
  0x0000024b7faceab0 JavaThread "Attach Listener" daemon [_thread_blocked, id=964, stack(0x000000bc11e00000,0x000000bc11f00000)]
  0x0000024b7facf370 JavaThread "Service Thread" daemon [_thread_blocked, id=16708, stack(0x000000bc11f00000,0x000000bc12000000)]
=>0x0000024b7fad1f70 JavaThread "C2 CompilerThread0" daemon [_thread_in_native, id=3036, stack(0x000000bc12000000,0x000000bc12100000)]
  0x0000024b7fae2360 JavaThread "C1 CompilerThread0" daemon [_thread_in_vm, id=11660, stack(0x000000bc12100000,0x000000bc12200000)]
  0x0000024b7fad39b0 JavaThread "Sweeper thread" daemon [_thread_blocked, id=14220, stack(0x000000bc12200000,0x000000bc12300000)]
  0x0000024b0090a1a0 JavaThread "Common-Cleaner" daemon [_thread_blocked, id=14416, stack(0x000000bc12300000,0x000000bc12400000)]
  0x0000024b00938880 JavaThread "Notification Thread" daemon [_thread_blocked, id=12596, stack(0x000000bc12400000,0x000000bc12500000)]
  0x0000024b01c0f460 JavaThread "Daemon health stats" [_thread_blocked, id=280, stack(0x000000bc12800000,0x000000bc12900000)]
  0x0000024b02b9f9e0 JavaThread "Incoming local TCP Connector on port 58936" [_thread_in_native, id=19172, stack(0x000000bc12900000,0x000000bc12a00000)]
  0x0000024b02d1c320 JavaThread "Daemon periodic checks" [_thread_blocked, id=7036, stack(0x000000bc12a00000,0x000000bc12b00000)]
  0x0000024b028ff030 JavaThread "Daemon" [_thread_blocked, id=18860, stack(0x000000bc12b00000,0x000000bc12c00000)]
  0x0000024b02264820 JavaThread "Handler for socket connection from /127.0.0.1:58936 to /127.0.0.1:58937" [_thread_in_native, id=16884, stack(0x000000bc12c00000,0x000000bc12d00000)]
  0x0000024b01a714d0 JavaThread "Cancel handler" [_thread_blocked, id=3660, stack(0x000000bc12d00000,0x000000bc12e00000)]
  0x0000024b0225e030 JavaThread "Daemon worker" [_thread_in_Java, id=13528, stack(0x000000bc12e00000,0x000000bc12f00000)]
  0x0000024b018db8f0 JavaThread "Asynchronous log dispatcher for DefaultDaemonConnection: socket connection from /127.0.0.1:58936 to /127.0.0.1:58937" [_thread_blocked, id=15156, stack(0x000000bc12f00000,0x000000bc13000000)]
  0x0000024b02529ff0 JavaThread "Stdin handler" [_thread_blocked, id=11292, stack(0x000000bc13000000,0x000000bc13100000)]
  0x0000024b02450530 JavaThread "Daemon client event forwarder" [_thread_blocked, id=12680, stack(0x000000bc13100000,0x000000bc13200000)]
  0x0000024b02450060 JavaThread "Cache worker for file hash cache (C:\Users\ha phun\.gradle\caches\7.0.2\fileHashes)" [_thread_blocked, id=17664, stack(0x000000bc13200000,0x000000bc13300000)]
  0x0000024b02450a00 JavaThread "File lock request listener" [_thread_in_native, id=1068, stack(0x000000bc13300000,0x000000bc13400000)]
  0x0000024b02450ed0 JavaThread "Cache worker for journal cache (C:\Users\ha phun\.gradle\caches\journal-1)" [_thread_blocked, id=7812, stack(0x000000bc12600000,0x000000bc12700000)]
  0x0000024b024513a0 JavaThread "Cache worker for file hash cache (C:\Users\ha phun\Desktop\Vietshare\Vietshare\.gradle\7.0.2\fileHashes)" [_thread_blocked, id=16976, stack(0x000000bc13b00000,0x000000bc13c00000)]
  0x0000024b02451870 JavaThread "File watcher server" daemon [_thread_in_native, id=18780, stack(0x000000bc13c00000,0x000000bc13d00000)]
  0x0000024b0586d420 JavaThread "File watcher consumer" daemon [_thread_blocked, id=17032, stack(0x000000bc13d00000,0x000000bc13e00000)]
  0x0000024b0586b740 JavaThread "Cache worker for checksums cache (C:\Users\ha phun\Desktop\Vietshare\Vietshare\.gradle\checksums)" [_thread_blocked, id=17528, stack(0x000000bc13e00000,0x000000bc13f00000)]
  0x0000024b0586b270 JavaThread "Cache worker for cache directory md-supplier (C:\Users\ha phun\.gradle\caches\7.0.2\md-supplier)" [_thread_blocked, id=14996, stack(0x000000bc13f00000,0x000000bc14000000)]
  0x0000024b05870440 JavaThread "Cache worker for cache directory md-rule (C:\Users\ha phun\.gradle\caches\7.0.2\md-rule)" [_thread_blocked, id=20092, stack(0x000000bc14000000,0x000000bc14100000)]
  0x0000024b0586c0e0 JavaThread "Cache worker for execution history cache (C:\Users\ha phun\.gradle\caches\7.0.2\executionHistory)" [_thread_blocked, id=12924, stack(0x000000bc14100000,0x000000bc14200000)]
  0x0000024b0586ca80 JavaThread "jar transforms" [_thread_blocked, id=980, stack(0x000000bc14300000,0x000000bc14400000)]
  0x0000024b0586e760 JavaThread "jar transforms Thread 2" [_thread_blocked, id=16324, stack(0x000000bc14400000,0x000000bc14500000)]
  0x0000024b05870910 JavaThread "Cache worker for file content cache (C:\Users\ha phun\.gradle\caches\7.0.2\fileContent)" [_thread_blocked, id=4728, stack(0x000000bc14500000,0x000000bc14600000)]
  0x0000024b05870de0 JavaThread "Cache worker for dependencies-accessors (C:\Users\ha phun\Desktop\Vietshare\Vietshare\.gradle\7.0.2\dependencies-accessors)" [_thread_blocked, id=14632, stack(0x000000bc14600000,0x000000bc14700000)]
  0x0000024b058712b0 JavaThread "jar transforms Thread 3" [_thread_blocked, id=13888, stack(0x000000bc14700000,0x000000bc14800000)]
  0x0000024b0586ddc0 JavaThread "Cache worker for Build Output Cleanup Cache (C:\Users\ha phun\Desktop\Vietshare\Vietshare\.gradle\buildOutputCleanup)" [_thread_blocked, id=11064, stack(0x000000bc14800000,0x000000bc14900000)]
  0x0000024b0586faa0 JavaThread "Build operations" [_thread_blocked, id=17248, stack(0x000000bc14900000,0x000000bc14a00000)]
  0x0000024b0586cf50 JavaThread "Build operations Thread 2" [_thread_blocked, id=6172, stack(0x000000bc14a00000,0x000000bc14b00000)]
  0x0000024b0586e290 JavaThread "Build operations Thread 3" [_thread_blocked, id=13860, stack(0x000000bc14b00000,0x000000bc14c00000)]
  0x0000024b05871780 JavaThread "Build operations Thread 4" [_thread_blocked, id=3300, stack(0x000000bc14c00000,0x000000bc14d00000)]
  0x0000024b05869f30 JavaThread "Build operations Thread 5" [_thread_blocked, id=17156, stack(0x000000bc14d00000,0x000000bc14e00000)]
  0x0000024b0586ff70 JavaThread "Build operations Thread 6" [_thread_blocked, id=19312, stack(0x000000bc14e00000,0x000000bc14f00000)]
  0x0000024b0586ec30 JavaThread "Build operations Thread 7" [_thread_blocked, id=8772, stack(0x000000bc14f00000,0x000000bc15000000)]
  0x0000024b0586a400 JavaThread "Build operations Thread 8" [_thread_blocked, id=16920, stack(0x000000bc15000000,0x000000bc15100000)]
  0x0000024b0586ada0 JavaThread "jar transforms Thread 4" [_thread_blocked, id=11268, stack(0x000000bc15100000,0x000000bc15200000)]
  0x0000024b0586f100 JavaThread "jar transforms Thread 5" [_thread_blocked, id=7436, stack(0x000000bc15200000,0x000000bc15300000)]
  0x0000024b0586a8d0 JavaThread "jar transforms Thread 6" [_thread_blocked, id=15892, stack(0x000000bc15300000,0x000000bc15400000)]
  0x0000024b071adf00 JavaThread "jar transforms Thread 7" [_thread_blocked, id=5344, stack(0x000000bc15400000,0x000000bc15500000)]
  0x0000024b071ae3d0 JavaThread "jar transforms Thread 8" [_thread_blocked, id=11712, stack(0x000000bc15500000,0x000000bc15600000)]
  0x0000024b05e56f00 JavaThread "C2 CompilerThread1" daemon [_thread_in_native, id=984, stack(0x000000bc13a00000,0x000000bc13b00000)]
  0x0000024b071a79f0 JavaThread "Memory manager" [_thread_blocked, id=17456, stack(0x000000bc15600000,0x000000bc15700000)]

Other Threads:
  0x0000024b7faaef30 VMThread "VM Thread" [stack: 0x000000bc11a00000,0x000000bc11b00000] [id=15336]
  0x0000024b00939160 WatcherThread [stack: 0x000000bc12500000,0x000000bc12600000] [id=19596]
  0x0000024b60c1ff80 GCTaskThread "GC Thread#0" [stack: 0x000000bc11500000,0x000000bc11600000] [id=15012]
  0x0000024b00d254b0 GCTaskThread "GC Thread#1" [stack: 0x000000bc12700000,0x000000bc12800000] [id=15792]
  0x0000024b00d221b0 GCTaskThread "GC Thread#2" [stack: 0x000000bc13400000,0x000000bc13500000] [id=11664]
  0x0000024b00d24e50 GCTaskThread "GC Thread#3" [stack: 0x000000bc13500000,0x000000bc13600000] [id=6020]
  0x0000024b00d24190 GCTaskThread "GC Thread#4" [stack: 0x000000bc13600000,0x000000bc13700000] [id=17568]
  0x0000024b00d224e0 GCTaskThread "GC Thread#5" [stack: 0x000000bc13700000,0x000000bc13800000] [id=13344]
  0x0000024b00d23b30 GCTaskThread "GC Thread#6" [stack: 0x000000bc13800000,0x000000bc13900000] [id=2360]
  0x0000024b00d25b10 GCTaskThread "GC Thread#7" [stack: 0x000000bc13900000,0x000000bc13a00000] [id=11884]
  0x0000024b60c31130 ConcurrentGCThread "G1 Main Marker" [stack: 0x000000bc11600000,0x000000bc11700000] [id=7384]
  0x0000024b60c32460 ConcurrentGCThread "G1 Conc#0" [stack: 0x000000bc11700000,0x000000bc11800000] [id=6840]
  0x0000024b03de20a0 ConcurrentGCThread "G1 Conc#1" [stack: 0x000000bc14200000,0x000000bc14300000] [id=9124]
  0x0000024b60cbe240 ConcurrentGCThread "G1 Refine#0" [stack: 0x000000bc11800000,0x000000bc11900000] [id=2636]
  0x0000024b60cbea80 ConcurrentGCThread "G1 Young RemSet Sampling" [stack: 0x000000bc11900000,0x000000bc11a00000] [id=9488]

Threads with active compile tasks:
C2 CompilerThread0    10052 6654 %     4       org.gradle.internal.instantiation.generator.AbstractClassGenerator::inspectType @ 250 (560 bytes)
C2 CompilerThread1    10052 6678       4       jdk.internal.org.objectweb.asm.SymbolTable::addConstantMemberReference (147 bytes)

VM state: not at safepoint (normal execution)

VM Mutex/Monitor currently owned by a thread: None

Heap address: 0x0000000080000000, size: 2048 MB, Compressed Oops mode: 32-bit
CDS archive(s) mapped at: [0x0000000800000000-0x0000000800b50000-0x0000000800b50000), size 11862016, SharedBaseAddress: 0x0000000800000000, ArchiveRelocationMode: 0.
Compressed class space mapped at: 0x0000000800b50000-0x0000000840b50000, size: 1073741824
Narrow klass base: 0x0000000800000000, Narrow klass shift: 3, Narrow klass range: 0x100000000

GC Precious Log:
 CPUs: 8 total, 8 available
 Memory: 6091M
 Large Page Support: Disabled
 NUMA Support: Disabled
 Compressed Oops: Enabled (32-bit)
 Heap Region Size: 1M
 Heap Min Capacity: 8M
 Heap Initial Capacity: 96M
 Heap Max Capacity: 2G
 Pre-touch: Disabled
 Parallel Workers: 8
 Concurrent Workers: 2
 Concurrent Refinement Workers: 8
 Periodic GC: Disabled

Heap:
 garbage-first heap   total 94208K, used 70445K [0x0000000080000000, 0x0000000100000000)
  region size 1024K, 19 young (19456K), 2 survivors (2048K)
 Metaspace       used 59118K, capacity 60084K, committed 60188K, reserved 1101824K
  class space    used 7789K, capacity 8068K, committed 8140K, reserved 1048576K

Heap Regions: E=young(eden), S=young(survivor), O=old, HS=humongous(starts), HC=humongous(continues), CS=collection set, F=free, OA=open archive, CA=closed archive, TAMS=top-at-mark-start (previous, next)
|   0|0x0000000080000000, 0x0000000080100000, 0x0000000080100000|100%| O|  |TAMS 0x0000000080100000, 0x0000000080000000| Untracked 
|   1|0x0000000080100000, 0x0000000080200000, 0x0000000080200000|100%| O|  |TAMS 0x0000000080200000, 0x0000000080100000| Untracked 
|   2|0x0000000080200000, 0x0000000080300000, 0x0000000080300000|100%| O|  |TAMS 0x0000000080300000, 0x0000000080200000| Untracked 
|   3|0x0000000080300000, 0x0000000080400000, 0x0000000080400000|100%|HS|  |TAMS 0x0000000080400000, 0x0000000080300000| Complete 
|   4|0x0000000080400000, 0x0000000080500000, 0x0000000080500000|100%|HC|  |TAMS 0x0000000080500000, 0x0000000080400000| Complete 
|   5|0x0000000080500000, 0x0000000080600000, 0x0000000080600000|100%|HC|  |TAMS 0x0000000080600000, 0x0000000080500000| Complete 
|   6|0x0000000080600000, 0x0000000080700000, 0x0000000080700000|100%| O|  |TAMS 0x0000000080700000, 0x0000000080600000| Untracked 
|   7|0x0000000080700000, 0x0000000080800000, 0x0000000080800000|100%| O|  |TAMS 0x0000000080800000, 0x0000000080700000| Untracked 
|   8|0x0000000080800000, 0x0000000080900000, 0x0000000080900000|100%| O|  |TAMS 0x0000000080900000, 0x0000000080800000| Untracked 
|   9|0x0000000080900000, 0x0000000080a00000, 0x0000000080a00000|100%| O|  |TAMS 0x0000000080a00000, 0x0000000080900000| Untracked 
|  10|0x0000000080a00000, 0x0000000080b00000, 0x0000000080b00000|100%| O|  |TAMS 0x0000000080b00000, 0x0000000080a00000| Untracked 
|  11|0x0000000080b00000, 0x0000000080c00000, 0x0000000080c00000|100%| O|  |TAMS 0x0000000080c00000, 0x0000000080b00000| Untracked 
|  12|0x0000000080c00000, 0x0000000080d00000, 0x0000000080d00000|100%| O|  |TAMS 0x0000000080d00000, 0x0000000080c00000| Untracked 
|  13|0x0000000080d00000, 0x0000000080e00000, 0x0000000080e00000|100%| O|  |TAMS 0x0000000080e00000, 0x0000000080d00000| Untracked 
|  14|0x0000000080e00000, 0x0000000080f00000, 0x0000000080f00000|100%| O|  |TAMS 0x0000000080f00000, 0x0000000080e00000| Untracked 
|  15|0x0000000080f00000, 0x0000000081000000, 0x0000000081000000|100%| O|  |TAMS 0x0000000081000000, 0x0000000080f00000| Untracked 
|  16|0x0000000081000000, 0x00000000810eda00, 0x0000000081100000| 92%| O|  |TAMS 0x00000000810eda00, 0x0000000081000000| Untracked 
|  17|0x0000000081100000, 0x0000000081200000, 0x0000000081200000|100%| O|  |TAMS 0x0000000081200000, 0x0000000081100000| Untracked 
|  18|0x0000000081200000, 0x0000000081300000, 0x0000000081300000|100%| O|  |TAMS 0x0000000081300000, 0x0000000081200000| Untracked 
|  19|0x0000000081300000, 0x0000000081400000, 0x0000000081400000|100%|HS|  |TAMS 0x0000000081400000, 0x0000000081300000| Complete 
|  20|0x0000000081400000, 0x0000000081500000, 0x0000000081500000|100%| O|  |TAMS 0x0000000081500000, 0x0000000081400000| Untracked 
|  21|0x0000000081500000, 0x0000000081600000, 0x0000000081600000|100%| O|  |TAMS 0x0000000081600000, 0x0000000081500000| Untracked 
|  22|0x0000000081600000, 0x0000000081700000, 0x0000000081700000|100%| O|  |TAMS 0x0000000081700000, 0x0000000081600000| Untracked 
|  23|0x0000000081700000, 0x0000000081800000, 0x0000000081800000|100%|HS|  |TAMS 0x0000000081800000, 0x0000000081700000| Complete 
|  24|0x0000000081800000, 0x0000000081900000, 0x0000000081900000|100%|HS|  |TAMS 0x0000000081900000, 0x0000000081800000| Complete 
|  25|0x0000000081900000, 0x0000000081a00000, 0x0000000081a00000|100%|HC|  |TAMS 0x0000000081a00000, 0x0000000081900000| Complete 
|  26|0x0000000081a00000, 0x0000000081b00000, 0x0000000081b00000|100%| O|  |TAMS 0x0000000081b00000, 0x0000000081a00000| Untracked 
|  27|0x0000000081b00000, 0x0000000081c00000, 0x0000000081c00000|100%| O|  |TAMS 0x0000000081c00000, 0x0000000081b00000| Untracked 
|  28|0x0000000081c00000, 0x0000000081d00000, 0x0000000081d00000|100%| O|  |TAMS 0x0000000081d00000, 0x0000000081c00000| Untracked 
|  29|0x0000000081d00000, 0x0000000081e00000, 0x0000000081e00000|100%| O|  |TAMS 0x0000000081e00000, 0x0000000081d00000| Untracked 
|  30|0x0000000081e00000, 0x0000000081f00000, 0x0000000081f00000|100%| O|  |TAMS 0x0000000081f00000, 0x0000000081e00000| Untracked 
|  31|0x0000000081f00000, 0x0000000082000000, 0x0000000082000000|100%| O|  |TAMS 0x0000000082000000, 0x0000000081f00000| Untracked 
|  32|0x0000000082000000, 0x0000000082100000, 0x0000000082100000|100%| O|  |TAMS 0x0000000082100000, 0x0000000082000000| Untracked 
|  33|0x0000000082100000, 0x0000000082200000, 0x0000000082200000|100%| O|  |TAMS 0x0000000082200000, 0x0000000082100000| Untracked 
|  34|0x0000000082200000, 0x0000000082300000, 0x0000000082300000|100%| O|  |TAMS 0x0000000082300000, 0x0000000082200000| Untracked 
|  35|0x0000000082300000, 0x0000000082400000, 0x0000000082400000|100%| O|  |TAMS 0x0000000082400000, 0x0000000082300000| Untracked 
|  36|0x0000000082400000, 0x0000000082500000, 0x0000000082500000|100%| O|  |TAMS 0x0000000082500000, 0x0000000082400000| Untracked 
|  37|0x0000000082500000, 0x0000000082600000, 0x0000000082600000|100%| O|  |TAMS 0x0000000082600000, 0x0000000082500000| Untracked 
|  38|0x0000000082600000, 0x0000000082700000, 0x0000000082700000|100%| O|  |TAMS 0x0000000082700000, 0x0000000082600000| Untracked 
|  39|0x0000000082700000, 0x0000000082800000, 0x0000000082800000|100%| O|  |TAMS 0x0000000082800000, 0x0000000082700000| Untracked 
|  40|0x0000000082800000, 0x0000000082900000, 0x0000000082900000|100%| O|  |TAMS 0x0000000082900000, 0x0000000082800000| Untracked 
|  41|0x0000000082900000, 0x0000000082a00000, 0x0000000082a00000|100%| O|  |TAMS 0x0000000082a00000, 0x0000000082900000| Untracked 
|  42|0x0000000082a00000, 0x0000000082b00000, 0x0000000082b00000|100%| O|  |TAMS 0x0000000082b00000, 0x0000000082a00000| Untracked 
|  43|0x0000000082b00000, 0x0000000082c00000, 0x0000000082c00000|100%| O|  |TAMS 0x0000000082c00000, 0x0000000082b00000| Untracked 
|  44|0x0000000082c00000, 0x0000000082d00000, 0x0000000082d00000|100%| O|  |TAMS 0x0000000082d00000, 0x0000000082c00000| Untracked 
|  45|0x0000000082d00000, 0x0000000082e00000, 0x0000000082e00000|100%| O|  |TAMS 0x0000000082e00000, 0x0000000082d00000| Untracked 
|  46|0x0000000082e00000, 0x0000000082f00000, 0x0000000082f00000|100%| O|  |TAMS 0x0000000082f00000, 0x0000000082e00000| Untracked 
|  47|0x0000000082f00000, 0x0000000083000000, 0x0000000083000000|100%| O|  |TAMS 0x0000000083000000, 0x0000000082f00000| Untracked 
|  48|0x0000000083000000, 0x0000000083100000, 0x0000000083100000|100%| O|  |TAMS 0x000000008301de00, 0x0000000083000000| Untracked 
|  49|0x0000000083100000, 0x0000000083200000, 0x0000000083200000|100%| O|  |TAMS 0x0000000083100000, 0x0000000083100000| Untracked 
|  50|0x0000000083200000, 0x00000000832eda00, 0x0000000083300000| 92%| O|  |TAMS 0x0000000083200000, 0x0000000083200000| Untracked 
|  51|0x0000000083300000, 0x0000000083300000, 0x0000000083400000|  0%| F|  |TAMS 0x0000000083300000, 0x0000000083300000| Untracked 
|  52|0x0000000083400000, 0x0000000083400000, 0x0000000083500000|  0%| F|  |TAMS 0x0000000083400000, 0x0000000083400000| Untracked 
|  53|0x0000000083500000, 0x0000000083500000, 0x0000000083600000|  0%| F|  |TAMS 0x0000000083500000, 0x0000000083500000| Untracked 
|  54|0x0000000083600000, 0x0000000083600000, 0x0000000083700000|  0%| F|  |TAMS 0x0000000083600000, 0x0000000083600000| Untracked 
|  55|0x0000000083700000, 0x0000000083700000, 0x0000000083800000|  0%| F|  |TAMS 0x0000000083700000, 0x0000000083700000| Untracked 
|  56|0x0000000083800000, 0x0000000083800000, 0x0000000083900000|  0%| F|  |TAMS 0x0000000083800000, 0x0000000083800000| Untracked 
|  57|0x0000000083900000, 0x0000000083900000, 0x0000000083a00000|  0%| F|  |TAMS 0x0000000083900000, 0x0000000083900000| Untracked 
|  58|0x0000000083a00000, 0x0000000083a00000, 0x0000000083b00000|  0%| F|  |TAMS 0x0000000083a00000, 0x0000000083a00000| Untracked 
|  59|0x0000000083b00000, 0x0000000083b00000, 0x0000000083c00000|  0%| F|  |TAMS 0x0000000083b00000, 0x0000000083b00000| Untracked 
|  60|0x0000000083c00000, 0x0000000083c00000, 0x0000000083d00000|  0%| F|  |TAMS 0x0000000083c00000, 0x0000000083c00000| Untracked 
|  61|0x0000000083d00000, 0x0000000083d00000, 0x0000000083e00000|  0%| F|  |TAMS 0x0000000083d00000, 0x0000000083d00000| Untracked 
|  62|0x0000000083e00000, 0x0000000083e00000, 0x0000000083f00000|  0%| F|  |TAMS 0x0000000083e00000, 0x0000000083e00000| Untracked 
|  63|0x0000000083f00000, 0x0000000083ff0180, 0x0000000084000000| 93%| S|CS|TAMS 0x0000000083f00000, 0x0000000083f00000| Complete 
|  64|0x0000000084000000, 0x0000000084000000, 0x0000000084100000|  0%| F|  |TAMS 0x0000000084000000, 0x0000000084000000| Untracked 
|  65|0x0000000084100000, 0x0000000084100000, 0x0000000084200000|  0%| F|  |TAMS 0x0000000084100000, 0x0000000084100000| Untracked 
|  66|0x0000000084200000, 0x0000000084200000, 0x0000000084300000|  0%| F|  |TAMS 0x0000000084200000, 0x0000000084200000| Untracked 
|  67|0x0000000084300000, 0x0000000084400000, 0x0000000084400000|100%| S|CS|TAMS 0x0000000084300000, 0x0000000084300000| Complete 
|  68|0x0000000084400000, 0x0000000084400000, 0x0000000084500000|  0%| F|  |TAMS 0x0000000084400000, 0x0000000084400000| Untracked 
|  69|0x0000000084500000, 0x0000000084500000, 0x0000000084600000|  0%| F|  |TAMS 0x0000000084500000, 0x0000000084500000| Untracked 
|  70|0x0000000084600000, 0x0000000084600000, 0x0000000084700000|  0%| F|  |TAMS 0x0000000084600000, 0x0000000084600000| Untracked 
|  71|0x0000000084700000, 0x0000000084700000, 0x0000000084800000|  0%| F|  |TAMS 0x0000000084700000, 0x0000000084700000| Untracked 
|  72|0x0000000084800000, 0x0000000084800000, 0x0000000084900000|  0%| F|  |TAMS 0x0000000084800000, 0x0000000084800000| Untracked 
|  73|0x0000000084900000, 0x0000000084900000, 0x0000000084a00000|  0%| F|  |TAMS 0x0000000084900000, 0x0000000084900000| Untracked 
|  74|0x0000000084a00000, 0x0000000084a00000, 0x0000000084b00000|  0%| F|  |TAMS 0x0000000084a00000, 0x0000000084a00000| Untracked 
|  75|0x0000000084b00000, 0x0000000084bdceb0, 0x0000000084c00000| 86%| E|  |TAMS 0x0000000084b00000, 0x0000000084b00000| Complete 
|  76|0x0000000084c00000, 0x0000000084d00000, 0x0000000084d00000|100%| E|CS|TAMS 0x0000000084c00000, 0x0000000084c00000| Complete 
|  77|0x0000000084d00000, 0x0000000084e00000, 0x0000000084e00000|100%| E|CS|TAMS 0x0000000084d00000, 0x0000000084d00000| Complete 
|  78|0x0000000084e00000, 0x0000000084f00000, 0x0000000084f00000|100%| E|CS|TAMS 0x0000000084e00000, 0x0000000084e00000| Complete 
|  79|0x0000000084f00000, 0x0000000085000000, 0x0000000085000000|100%| E|CS|TAMS 0x0000000084f00000, 0x0000000084f00000| Complete 
|  80|0x0000000085000000, 0x0000000085100000, 0x0000000085100000|100%| E|CS|TAMS 0x0000000085000000, 0x0000000085000000| Complete 
|  81|0x0000000085100000, 0x0000000085200000, 0x0000000085200000|100%| E|CS|TAMS 0x0000000085100000, 0x0000000085100000| Complete 
|  82|0x0000000085200000, 0x0000000085300000, 0x0000000085300000|100%| E|CS|TAMS 0x0000000085200000, 0x0000000085200000| Complete 
|  83|0x0000000085300000, 0x0000000085400000, 0x0000000085400000|100%| E|CS|TAMS 0x0000000085300000, 0x0000000085300000| Complete 
|  84|0x0000000085400000, 0x0000000085500000, 0x0000000085500000|100%| E|CS|TAMS 0x0000000085400000, 0x0000000085400000| Complete 
|  85|0x0000000085500000, 0x0000000085600000, 0x0000000085600000|100%| E|CS|TAMS 0x0000000085500000, 0x0000000085500000| Complete 
|  86|0x0000000085600000, 0x0000000085700000, 0x0000000085700000|100%| E|CS|TAMS 0x0000000085600000, 0x0000000085600000| Complete 
|  87|0x0000000085700000, 0x0000000085800000, 0x0000000085800000|100%| E|CS|TAMS 0x0000000085700000, 0x0000000085700000| Complete 
|  92|0x0000000085c00000, 0x0000000085d00000, 0x0000000085d00000|100%| E|CS|TAMS 0x0000000085c00000, 0x0000000085c00000| Complete 
|  93|0x0000000085d00000, 0x0000000085e00000, 0x0000000085e00000|100%| E|CS|TAMS 0x0000000085d00000, 0x0000000085d00000| Complete 
|  94|0x0000000085e00000, 0x0000000085f00000, 0x0000000085f00000|100%| E|CS|TAMS 0x0000000085e00000, 0x0000000085e00000| Complete 
|  95|0x0000000085f00000, 0x0000000086000000, 0x0000000086000000|100%| E|CS|TAMS 0x0000000085f00000, 0x0000000085f00000| Complete 

Card table byte_map: [0x0000024b78870000,0x0000024b78c70000] _byte_map_base: 0x0000024b78470000

Marking Bits (Prev, Next): (CMBitMap*) 0x0000024b60c206b0, (CMBitMap*) 0x0000024b60c20670
 Prev Bits: [0x0000024b7b070000, 0x0000024b7d070000)
 Next Bits: [0x0000024b79070000, 0x0000024b7b070000)

Polling page: 0x0000024b5ebf0000

Metaspace:

Usage:
  Non-class:     50.80 MB capacity,    50.14 MB ( 99%) used,   591.27 KB (  1%) free+waste,    83.75 KB ( <1%) overhead. 
      Class:      7.88 MB capacity,     7.61 MB ( 97%) used,   243.09 KB (  3%) free+waste,    33.69 KB ( <1%) overhead. 
       Both:     58.68 MB capacity,    57.75 MB ( 98%) used,   834.36 KB (  1%) free+waste,   117.44 KB ( <1%) overhead. 

Virtual space:
  Non-class space:       52.00 MB reserved,      50.83 MB ( 98%) committed 
      Class space:        1.00 GB reserved,       7.95 MB ( <1%) committed 
             Both:        1.05 GB reserved,      58.78 MB (  5%) committed 

Chunk freelists:
   Non-Class:  32.00 KB
       Class:  28.00 KB
        Both:  60.00 KB

MaxMetaspaceSize: 17179869184.00 GB
CompressedClassSpaceSize: 1.00 GB

CodeHeap 'non-profiled nmethods': size=120000Kb used=3022Kb max_used=3282Kb free=116977Kb
 bounds [0x0000024b70c10000, 0x0000024b70f50000, 0x0000024b78140000]
CodeHeap 'profiled nmethods': size=120000Kb used=11332Kb max_used=11598Kb free=108667Kb
 bounds [0x0000024b696e0000, 0x0000024b6a240000, 0x0000024b70c10000]
CodeHeap 'non-nmethods': size=5760Kb used=2367Kb max_used=2406Kb free=3392Kb
 bounds [0x0000024b69140000, 0x0000024b693b0000, 0x0000024b696e0000]
 total_blobs=6706 nmethods=5851 adapters=767
 compilation: enabled
              stopped_count=0, restarted_count=0
 full_count=0

Compilation events (20 events):
Event: 9.998 Thread 0x0000024b7fae2360 6701       3       org.gradle.api.internal.provider.Providers$FixedValueProvider::<init> (10 bytes)
Event: 9.998 Thread 0x0000024b7fae2360 nmethod 6701 0x0000024b698b7a90 code [0x0000024b698b7c40, 0x0000024b698b7eb8]
Event: 9.998 Thread 0x0000024b7fae2360 6702       3       org.gradle.api.internal.attributes.DefaultImmutableAttributesFactory::mutable (9 bytes)
Event: 9.999 Thread 0x0000024b7fae2360 nmethod 6702 0x0000024b698b7410 code [0x0000024b698b75c0, 0x0000024b698b7918]
Event: 9.999 Thread 0x0000024b7fae2360 6703       3       org.gradle.internal.instantiation.generator.ManagedObjectFactory$ManagedPropertyName::<init> (15 bytes)
Event: 9.999 Thread 0x0000024b7fae2360 nmethod 6703 0x0000024b698b6f90 code [0x0000024b698b7140, 0x0000024b698b7358]
Event: 9.999 Thread 0x0000024b7fae2360 6704       3       org.gradle.api.internal.provider.AbstractProperty::attachOwner (6 bytes)
Event: 9.999 Thread 0x0000024b7fae2360 nmethod 6704 0x0000024b698b6c10 code [0x0000024b698b6da0, 0x0000024b698b6ef8]
Event: 9.999 Thread 0x0000024b7fae2360 6706       3       org.gradle.internal.instantiation.generator.ManagedObjectFactory::displayNameFor (70 bytes)
Event: 10.000 Thread 0x0000024b7fae2360 nmethod 6706 0x0000024b6979aa10 code [0x0000024b6979aca0, 0x0000024b6979ba78]
Event: 10.000 Thread 0x0000024b7fae2360 6705       3       org.gradle.internal.instantiation.generator.ManagedObjectFactory::getObjectFactory (15 bytes)
Event: 10.000 Thread 0x0000024b7fae2360 nmethod 6705 0x0000024b698b6490 code [0x0000024b698b6640, 0x0000024b698b6928]
Event: 10.004 Thread 0x0000024b7fae2360 6707       3       org.gradle.internal.instantiation.generator.AsmBackedClassGenerator$ClassBuilderImpl::visitArrayElements (233 bytes)
Event: 10.005 Thread 0x0000024b7fae2360 nmethod 6707 0x0000024b69798f10 code [0x0000024b69799220, 0x0000024b6979a3e8]
Event: 10.005 Thread 0x0000024b7fae2360 6708       3       org.gradle.internal.instantiation.generator.ManagedObjectFactory::newInstance (160 bytes)
Event: 10.007 Thread 0x0000024b7fae2360 nmethod 6708 0x0000024b6976bd90 code [0x0000024b6976c2a0, 0x0000024b6976f0d8]
Event: 10.010 Thread 0x0000024b7fae2360 6709       3       sun.reflect.annotation.AnnotationInvocationHandler::cloneArray (143 bytes)
Event: 10.013 Thread 0x0000024b7fae2360 nmethod 6709 0x0000024b697b5190 code [0x0000024b697b5460, 0x0000024b697b6868]
Event: 10.013 Thread 0x0000024b7fae2360 6710       3       com.google.common.collect.CompactHashMap::newTable (11 bytes)
Event: 10.013 Thread 0x0000024b7fae2360 nmethod 6710 0x0000024b6976b910 code [0x0000024b6976bac0, 0x0000024b6976bc88]

GC Heap History (20 events):
Event: 5.514 GC heap before
{Heap before GC invocations=8 (full 0):
 garbage-first heap   total 86016K, used 64328K [0x0000000080000000, 0x0000000100000000)
  region size 1024K, 39 young (39936K), 4 survivors (4096K)
 Metaspace       used 35216K, capacity 35859K, committed 35920K, reserved 1081344K
  class space    used 4694K, capacity 4863K, committed 4864K, reserved 1048576K
}
Event: 5.519 GC heap after
{Heap after GC invocations=9 (full 0):
 garbage-first heap   total 86016K, used 30455K [0x0000000080000000, 0x0000000100000000)
  region size 1024K, 3 young (3072K), 3 survivors (3072K)
 Metaspace       used 35216K, capacity 35859K, committed 35920K, reserved 1081344K
  class space    used 4694K, capacity 4863K, committed 4864K, reserved 1048576K
}
Event: 5.525 GC heap before
{Heap before GC invocations=9 (full 0):
 garbage-first heap   total 86016K, used 30455K [0x0000000080000000, 0x0000000100000000)
  region size 1024K, 4 young (4096K), 3 survivors (3072K)
 Metaspace       used 35271K, capacity 35859K, committed 35920K, reserved 1081344K
  class space    used 4702K, capacity 4863K, committed 4864K, reserved 1048576K
}
Event: 5.528 GC heap after
{Heap after GC invocations=10 (full 0):
 garbage-first heap   total 86016K, used 30414K [0x0000000080000000, 0x0000000100000000)
  region size 1024K, 3 young (3072K), 3 survivors (3072K)
 Metaspace       used 35271K, capacity 35859K, committed 35920K, reserved 1081344K
  class space    used 4702K, capacity 4863K, committed 4864K, reserved 1048576K
}
Event: 6.323 GC heap before
{Heap before GC invocations=11 (full 0):
 garbage-first heap   total 86016K, used 66254K [0x0000000080000000, 0x0000000100000000)
  region size 1024K, 38 young (38912K), 3 survivors (3072K)
 Metaspace       used 38439K, capacity 39089K, committed 39196K, reserved 1083392K
  class space    used 5108K, capacity 5288K, committed 5324K, reserved 1048576K
}
Event: 6.327 GC heap after
{Heap after GC invocations=12 (full 0):
 garbage-first heap   total 86016K, used 32655K [0x0000000080000000, 0x0000000100000000)
  region size 1024K, 5 young (5120K), 5 survivors (5120K)
 Metaspace       used 38439K, capacity 39089K, committed 39196K, reserved 1083392K
  class space    used 5108K, capacity 5288K, committed 5324K, reserved 1048576K
}
Event: 7.137 GC heap before
{Heap before GC invocations=13 (full 0):
 garbage-first heap   total 86016K, used 70543K [0x0000000080000000, 0x0000000100000000)
  region size 1024K, 39 young (39936K), 5 survivors (5120K)
 Metaspace       used 41518K, capacity 42308K, committed 42524K, reserved 1085440K
  class space    used 5479K, capacity 5708K, committed 5836K, reserved 1048576K
}
Event: 7.143 GC heap after
{Heap after GC invocations=14 (full 0):
 garbage-first heap   total 86016K, used 43130K [0x0000000080000000, 0x0000000100000000)
  region size 1024K, 5 young (5120K), 5 survivors (5120K)
 Metaspace       used 41518K, capacity 42308K, committed 42524K, reserved 1085440K
  class space    used 5479K, capacity 5708K, committed 5836K, reserved 1048576K
}
Event: 7.891 GC heap before
{Heap before GC invocations=14 (full 0):
 garbage-first heap   total 86016K, used 67706K [0x0000000080000000, 0x0000000100000000)
  region size 1024K, 29 young (29696K), 5 survivors (5120K)
 Metaspace       used 46268K, capacity 47007K, committed 47132K, reserved 1089536K
  class space    used 6027K, capacity 6266K, committed 6348K, reserved 1048576K
}
Event: 7.895 GC heap after
{Heap after GC invocations=15 (full 0):
 garbage-first heap   total 86016K, used 44789K [0x0000000080000000, 0x0000000100000000)
  region size 1024K, 2 young (2048K), 2 survivors (2048K)
 Metaspace       used 46268K, capacity 47007K, committed 47132K, reserved 1089536K
  class space    used 6027K, capacity 6266K, committed 6348K, reserved 1048576K
}
Event: 8.501 GC heap before
{Heap before GC invocations=16 (full 0):
 garbage-first heap   total 86016K, used 68341K [0x0000000080000000, 0x0000000100000000)
  region size 1024K, 26 young (26624K), 2 survivors (2048K)
 Metaspace       used 50505K, capacity 51350K, committed 51484K, reserved 1093632K
  class space    used 6559K, capacity 6832K, committed 6860K, reserved 1048576K
}
Event: 8.506 GC heap after
{Heap after GC invocations=17 (full 0):
 garbage-first heap   total 86016K, used 48527K [0x0000000080000000, 0x0000000100000000)
  region size 1024K, 4 young (4096K), 4 survivors (4096K)
 Metaspace       used 50505K, capacity 51350K, committed 51484K, reserved 1093632K
  class space    used 6559K, capacity 6832K, committed 6860K, reserved 1048576K
}
Event: 8.808 GC heap before
{Heap before GC invocations=17 (full 0):
 garbage-first heap   total 86016K, used 69007K [0x0000000080000000, 0x0000000100000000)
  region size 1024K, 24 young (24576K), 4 survivors (4096K)
 Metaspace       used 52468K, capacity 53338K, committed 53532K, reserved 1095680K
  class space    used 6790K, capacity 7062K, committed 7116K, reserved 1048576K
}
Event: 8.813 GC heap after
{Heap after GC invocations=18 (full 0):
 garbage-first heap   total 86016K, used 49414K [0x0000000080000000, 0x0000000100000000)
  region size 1024K, 2 young (2048K), 2 survivors (2048K)
 Metaspace       used 52468K, capacity 53338K, committed 53532K, reserved 1095680K
  class space    used 6790K, capacity 7062K, committed 7116K, reserved 1048576K
}
Event: 8.969 GC heap before
{Heap before GC invocations=19 (full 0):
 garbage-first heap   total 89088K, used 58630K [0x0000000080000000, 0x0000000100000000)
  region size 1024K, 12 young (12288K), 2 survivors (2048K)
 Metaspace       used 53458K, capacity 54330K, committed 54428K, reserved 1097728K
  class space    used 6894K, capacity 7158K, committed 7244K, reserved 1048576K
}
Event: 8.971 GC heap after
{Heap after GC invocations=20 (full 0):
 garbage-first heap   total 89088K, used 50357K [0x0000000080000000, 0x0000000100000000)
  region size 1024K, 2 young (2048K), 2 survivors (2048K)
 Metaspace       used 53458K, capacity 54330K, committed 54428K, reserved 1097728K
  class space    used 6894K, capacity 7158K, committed 7244K, reserved 1048576K
}
Event: 9.379 GC heap before
{Heap before GC invocations=21 (full 0):
 garbage-first heap   total 92160K, used 72885K [0x0000000080000000, 0x0000000100000000)
  region size 1024K, 23 young (23552K), 2 survivors (2048K)
 Metaspace       used 54319K, capacity 55228K, committed 55324K, reserved 1097728K
  class space    used 7025K, capacity 7328K, committed 7372K, reserved 1048576K
}
Event: 9.383 GC heap after
{Heap after GC invocations=22 (full 0):
 garbage-first heap   total 92160K, used 52164K [0x0000000080000000, 0x0000000100000000)
  region size 1024K, 3 young (3072K), 3 survivors (3072K)
 Metaspace       used 54319K, capacity 55228K, committed 55324K, reserved 1097728K
  class space    used 7025K, capacity 7328K, committed 7372K, reserved 1048576K
}
Event: 9.727 GC heap before
{Heap before GC invocations=22 (full 0):
 garbage-first heap   total 92160K, used 74692K [0x0000000080000000, 0x0000000100000000)
  region size 1024K, 25 young (25600K), 3 survivors (3072K)
 Metaspace       used 56827K, capacity 57788K, committed 58012K, reserved 1099776K
  class space    used 7418K, capacity 7712K, committed 7756K, reserved 1048576K
}
Event: 9.732 GC heap after
{Heap after GC invocations=23 (full 0):
 garbage-first heap   total 92160K, used 54061K [0x0000000080000000, 0x0000000100000000)
  region size 1024K, 2 young (2048K), 2 survivors (2048K)
 Metaspace       used 56827K, capacity 57788K, committed 58012K, reserved 1099776K
  class space    used 7418K, capacity 7712K, committed 7756K, reserved 1048576K
}

Deoptimization events (20 events):
Event: 9.079 Thread 0x0000024b0225e030 DEOPT PACKING pc=0x0000024b70d47850 sp=0x000000bc12ef6c40
Event: 9.079 Thread 0x0000024b0225e030 DEOPT UNPACKING pc=0x0000024b6918e42f sp=0x000000bc12ef6b28 mode 2
Event: 9.079 Thread 0x0000024b0225e030 Uncommon trap: trap_request=0xffffff45 fr.pc=0x0000024b70cf0868 relative=0x00000000000004a8
Event: 9.079 Thread 0x0000024b0225e030 Uncommon trap: reason=unstable_if action=reinterpret pc=0x0000024b70cf0868 method=java.lang.String.getBytes([BIB)V @ 5 c2
Event: 9.080 Thread 0x0000024b0225e030 DEOPT PACKING pc=0x0000024b70cf0868 sp=0x000000bc12ef6c50
Event: 9.080 Thread 0x0000024b0225e030 DEOPT UNPACKING pc=0x0000024b6918e42f sp=0x000000bc12ef6b38 mode 2
Event: 9.080 Thread 0x0000024b0225e030 Uncommon trap: trap_request=0xffffff45 fr.pc=0x0000024b70c46fec relative=0x00000000000000cc
Event: 9.080 Thread 0x0000024b0225e030 Uncommon trap: reason=unstable_if action=reinterpret pc=0x0000024b70c46fec method=java.lang.String.getBytes([BIB)V @ 5 c2
Event: 9.080 Thread 0x0000024b0225e030 DEOPT PACKING pc=0x0000024b70c46fec sp=0x000000bc12ef6b60
Event: 9.080 Thread 0x0000024b0225e030 DEOPT UNPACKING pc=0x0000024b6918e42f sp=0x000000bc12ef6b08 mode 2
Event: 9.279 Thread 0x0000024b0225e030 Uncommon trap: trap_request=0xffffff45 fr.pc=0x0000024b70dc6c54 relative=0x0000000000000414
Event: 9.279 Thread 0x0000024b0225e030 Uncommon trap: reason=unstable_if action=reinterpret pc=0x0000024b70dc6c54 method=java.util.StringJoiner.add(Ljava/lang/CharSequence;)Ljava/util/StringJoiner; @ 33 c2
Event: 9.279 Thread 0x0000024b0225e030 DEOPT PACKING pc=0x0000024b70dc6c54 sp=0x000000bc12ef7900
Event: 9.279 Thread 0x0000024b0225e030 DEOPT UNPACKING pc=0x0000024b6918e42f sp=0x000000bc12ef78b0 mode 2
Event: 9.387 Thread 0x0000024b0225e030 Uncommon trap: trap_request=0xffffff45 fr.pc=0x0000024b70e0563c relative=0x0000000000000f5c
Event: 9.387 Thread 0x0000024b0225e030 Uncommon trap: reason=unstable_if action=reinterpret pc=0x0000024b70e0563c method=org.codehaus.groovy.runtime.metaclass.MetaMethodIndex.isOverridden(Lgroovy/lang/MetaMethod;Lgroovy/lang/MetaMethod;)Z @ 33 c2
Event: 9.387 Thread 0x0000024b0225e030 DEOPT PACKING pc=0x0000024b70e0563c sp=0x000000bc12ef4e30
Event: 9.387 Thread 0x0000024b0225e030 DEOPT UNPACKING pc=0x0000024b6918e42f sp=0x000000bc12ef4d78 mode 2
Event: 9.543 Thread 0x0000024b0225e030 DEOPT PACKING pc=0x0000024b6a21992e sp=0x000000bc12ef8d20
Event: 9.543 Thread 0x0000024b0225e030 DEOPT UNPACKING pc=0x0000024b6918e23f sp=0x000000bc12ef82c0 mode 0

Classes unloaded (0 events):
No events

Classes redefined (0 events):
No events

Internal exceptions (20 events):
Event: 9.358 Thread 0x0000024b0225e030 Exception <a 'java/lang/ClassNotFoundException'{0x000000008440d388}: org/gradle/api/internal/DefaultNamedDomainObjectSetCustomizer> (0x000000008440d388) 
thrown [./src/hotspot/share/classfile/systemDictionary.cpp, line 295]
Event: 9.360 Thread 0x0000024b0225e030 Exception <a 'java/lang/ClassNotFoundException'{0x00000000844360d8}: org/gradle/api/internal/AbstractNamedDomainObjectContainerCustomizer> (0x00000000844360d8) 
thrown [./src/hotspot/share/classfile/systemDictionary.cpp, line 295]
Event: 9.363 Thread 0x0000024b0225e030 Exception <a 'java/lang/ClassNotFoundException'{0x000000008445cfa0}: org/gradle/api/internal/FactoryNamedDomainObjectContainerCustomizer> (0x000000008445cfa0) 
thrown [./src/hotspot/share/classfile/systemDictionary.cpp, line 295]
Event: 9.364 Thread 0x0000024b0225e030 Exception <a 'java/lang/ClassNotFoundException'{0x0000000084479d98}: org/gradle/api/internal/FactoryNamedDomainObjectContainer_DecoratedCustomizer> (0x0000000084479d98) 
thrown [./src/hotspot/share/classfile/systemDictionary.cpp, line 295]
Event: 9.389 Thread 0x0000024b0225e030 Exception <a 'java/lang/ClassNotFoundException'{0x0000000085f771d8}: com/android/build/gradle/internal/dsl/BuildType_DecoratedBeanInfo> (0x0000000085f771d8) 
thrown [./src/hotspot/share/classfile/systemDictionary.cpp, line 295]
Event: 9.390 Thread 0x0000024b0225e030 Exception <a 'java/lang/ClassNotFoundException'{0x0000000085f830c0}: com/android/build/gradle/internal/dsl/BuildTypeBeanInfo> (0x0000000085f830c0) 
thrown [./src/hotspot/share/classfile/systemDictionary.cpp, line 295]
Event: 9.390 Thread 0x0000024b0225e030 Exception <a 'java/lang/ClassNotFoundException'{0x0000000085f8ee00}: com/android/builder/core/AbstractBuildTypeBeanInfo> (0x0000000085f8ee00) 
thrown [./src/hotspot/share/classfile/systemDictionary.cpp, line 295]
Event: 9.391 Thread 0x0000024b0225e030 Exception <a 'java/lang/ClassNotFoundException'{0x0000000085f9ab30}: com/android/builder/core/AbstractBuildTypeCustomizer> (0x0000000085f9ab30) 
thrown [./src/hotspot/share/classfile/systemDictionary.cpp, line 295]
Event: 9.393 Thread 0x0000024b0225e030 Exception <a 'java/lang/ClassNotFoundException'{0x0000000085fc2f10}: com/android/build/gradle/internal/dsl/BuildTypeCustomizer> (0x0000000085fc2f10) 
thrown [./src/hotspot/share/classfile/systemDictionary.cpp, line 295]
Event: 9.396 Thread 0x0000024b0225e030 Exception <a 'java/lang/ClassNotFoundException'{0x0000000085e417a0}: com/android/build/gradle/internal/dsl/BuildType_DecoratedCustomizer> (0x0000000085e417a0) 
thrown [./src/hotspot/share/classfile/systemDictionary.cpp, line 295]
Event: 9.402 Thread 0x0000024b0225e030 Exception <a 'java/lang/ClassNotFoundException'{0x0000000085efcbb0}: build_dm68gck1tpoea10ap9jnkes6t$_run_closure1$_closure4BeanInfo> (0x0000000085efcbb0) 
thrown [./src/hotspot/share/classfile/systemDictionary.cpp, line 295]
Event: 9.402 Thread 0x0000024b0225e030 Exception <a 'java/lang/ClassNotFoundException'{0x0000000085d06b98}: build_dm68gck1tpoea10ap9jnkes6t$_run_closure1$_closure4Customizer> (0x0000000085d06b98) 
thrown [./src/hotspot/share/classfile/systemDictionary.cpp, line 295]
Event: 9.404 Thread 0x0000024b0225e030 Exception <a 'java/lang/ClassNotFoundException'{0x0000000085d295f0}: build_dm68gck1tpoea10ap9jnkes6t$_run_closure1BeanInfo> (0x0000000085d295f0) 
thrown [./src/hotspot/share/classfile/systemDictionary.cpp, line 295]
Event: 9.404 Thread 0x0000024b0225e030 Exception <a 'java/lang/ClassNotFoundException'{0x0000000085d33010}: build_dm68gck1tpoea10ap9jnkes6t$_run_closure1Customizer> (0x0000000085d33010) 
thrown [./src/hotspot/share/classfile/systemDictionary.cpp, line 295]
Event: 9.408 Thread 0x0000024b0225e030 Exception <a 'java/lang/ClassNotFoundException'{0x0000000085d6b3a8}: org/gradle/api/JavaVersionBeanInfo> (0x0000000085d6b3a8) 
thrown [./src/hotspot/share/classfile/systemDictionary.cpp, line 295]
Event: 9.408 Thread 0x0000024b0225e030 Exception <a 'java/lang/ClassNotFoundException'{0x0000000085d7e9a8}: org/gradle/api/JavaVersionCustomizer> (0x0000000085d7e9a8) 
thrown [./src/hotspot/share/classfile/systemDictionary.cpp, line 295]
Event: 9.412 Thread 0x0000024b0225e030 Exception <a 'java/lang/ClassNotFoundException'{0x0000000085dbc680}: com/android/build/gradle/internal/CompileOptions_DecoratedBeanInfo> (0x0000000085dbc680) 
thrown [./src/hotspot/share/classfile/systemDictionary.cpp, line 295]
Event: 9.412 Thread 0x0000024b0225e030 Exception <a 'java/lang/ClassNotFoundException'{0x0000000085dc72d8}: com/android/build/gradle/internal/CompileOptionsBeanInfo> (0x0000000085dc72d8) 
thrown [./src/hotspot/share/classfile/systemDictionary.cpp, line 295]
Event: 9.413 Thread 0x0000024b0225e030 Exception <a 'java/lang/ClassNotFoundException'{0x0000000085dd1f40}: com/android/build/gradle/internal/CompileOptionsCustomizer> (0x0000000085dd1f40) 
thrown [./src/hotspot/share/classfile/systemDictionary.cpp, line 295]
Event: 9.414 Thread 0x0000024b0225e030 Exception <a 'java/lang/ClassNotFoundException'{0x0000000085de7ed8}: com/android/build/gradle/internal/CompileOptions_DecoratedCustomizer> (0x0000000085de7ed8) 
thrown [./src/hotspot/share/classfile/systemDictionary.cpp, line 295]

Events (20 events):
Event: 9.158 Executing VM operation: ICBufferFull
Event: 9.158 Executing VM operation: ICBufferFull done
Event: 9.326 loading class java/beans/IntrospectionException
Event: 9.326 loading class java/beans/IntrospectionException done
Event: 9.379 Executing VM operation: G1CollectForAllocation
Event: 9.383 Executing VM operation: G1CollectForAllocation done
Event: 9.436 Executing VM operation: HandshakeAllThreads
Event: 9.436 Executing VM operation: HandshakeAllThreads done
Event: 9.579 Executing VM operation: ICBufferFull
Event: 9.579 Executing VM operation: ICBufferFull done
Event: 9.692 Executing VM operation: HandshakeAllThreads
Event: 9.692 Executing VM operation: HandshakeAllThreads done
Event: 9.727 Executing VM operation: G1CollectForAllocation
Event: 9.732 Executing VM operation: G1CollectForAllocation done
Event: 9.765 Executing VM operation: G1Concurrent
Event: 9.768 Executing VM operation: G1Concurrent done
Event: 9.787 Executing VM operation: G1Concurrent
Event: 9.788 Executing VM operation: G1Concurrent done
Event: 9.890 Executing VM operation: HandshakeAllThreads
Event: 9.890 Executing VM operation: HandshakeAllThreads done


Dynamic libraries:
0x00007ff727820000 - 0x00007ff72782d000 	C:\Users\ha phun\.jdks\azul-15.0.9\bin\java.exe
0x00007ffbf88a0000 - 0x00007ffbf8aa9000 	C:\WINDOWS\SYSTEM32\ntdll.dll
0x00007ffbf7080000 - 0x00007ffbf713d000 	C:\WINDOWS\System32\KERNEL32.DLL
0x00007ffbf5d70000 - 0x00007ffbf60eb000 	C:\WINDOWS\System32\KERNELBASE.dll
0x00007ffbf60f0000 - 0x00007ffbf6201000 	C:\WINDOWS\System32\ucrtbase.dll
0x00007ffbd3cd0000 - 0x00007ffbd3ce5000 	C:\Users\ha phun\.jdks\azul-15.0.9\bin\VCRUNTIME140.dll
0x00007ffbd42f0000 - 0x00007ffbd4308000 	C:\Users\ha phun\.jdks\azul-15.0.9\bin\jli.dll
0x00007ffbf7690000 - 0x00007ffbf783d000 	C:\WINDOWS\System32\USER32.dll
0x00007ffbe4b60000 - 0x00007ffbe4e05000 	C:\WINDOWS\WinSxS\amd64_microsoft.windows.common-controls_6595b64144ccf1df_6.0.22000.120_none_9d947278b86cc467\COMCTL32.dll
0x00007ffbf6630000 - 0x00007ffbf6656000 	C:\WINDOWS\System32\win32u.dll
0x00007ffbf7840000 - 0x00007ffbf78e3000 	C:\WINDOWS\System32\msvcrt.dll
0x00007ffbf74b0000 - 0x00007ffbf74d9000 	C:\WINDOWS\System32\GDI32.dll
0x00007ffbf6510000 - 0x00007ffbf6628000 	C:\WINDOWS\System32\gdi32full.dll
0x00007ffbf6290000 - 0x00007ffbf632d000 	C:\WINDOWS\System32\msvcp_win.dll
0x00007ffbf7a40000 - 0x00007ffbf7a71000 	C:\WINDOWS\System32\IMM32.DLL
0x00007ffbcf200000 - 0x00007ffbcf29b000 	C:\Users\ha phun\.jdks\azul-15.0.9\bin\msvcp140.dll
0x00007ffb88210000 - 0x00007ffb88daa000 	C:\Users\ha phun\.jdks\azul-15.0.9\bin\server\jvm.dll
0x00007ffbf6fc0000 - 0x00007ffbf706e000 	C:\WINDOWS\System32\ADVAPI32.dll
0x00007ffbf7410000 - 0x00007ffbf74ae000 	C:\WINDOWS\System32\sechost.dll
0x00007ffbf82d0000 - 0x00007ffbf83f0000 	C:\WINDOWS\System32\RPCRT4.dll
0x00007ffbf6720000 - 0x00007ffbf6728000 	C:\WINDOWS\System32\PSAPI.DLL
0x00007ffbf2c90000 - 0x00007ffbf2c99000 	C:\WINDOWS\SYSTEM32\WSOCK32.dll
0x00007ffbef290000 - 0x00007ffbef2c3000 	C:\WINDOWS\SYSTEM32\WINMM.dll
0x00007ffbec4b0000 - 0x00007ffbec4ba000 	C:\WINDOWS\SYSTEM32\VERSION.dll
0x00007ffbf7e80000 - 0x00007ffbf7eef000 	C:\WINDOWS\System32\WS2_32.dll
0x00007ffbf4df0000 - 0x00007ffbf4e08000 	C:\WINDOWS\SYSTEM32\kernel.appcore.dll
0x00007ffbe9f50000 - 0x00007ffbe9f5a000 	C:\Users\ha phun\.jdks\azul-15.0.9\bin\jimage.dll
0x00007ffbf3700000 - 0x00007ffbf3921000 	C:\WINDOWS\SYSTEM32\DBGHELP.DLL
0x00007ffbdc170000 - 0x00007ffbdc1a1000 	C:\WINDOWS\SYSTEM32\dbgcore.DLL
0x00007ffbf6210000 - 0x00007ffbf628f000 	C:\WINDOWS\System32\bcryptPrimitives.dll
0x00007ffbcf1d0000 - 0x00007ffbcf1f5000 	C:\Users\ha phun\.jdks\azul-15.0.9\bin\java.dll
0x00007ffbf6730000 - 0x00007ffbf6ee8000 	C:\WINDOWS\System32\SHELL32.dll
0x00007ffbf3e60000 - 0x00007ffbf46c5000 	C:\WINDOWS\SYSTEM32\windows.storage.dll
0x00007ffbf7f50000 - 0x00007ffbf82c7000 	C:\WINDOWS\System32\combase.dll
0x00007ffbf3cf0000 - 0x00007ffbf3e56000 	C:\WINDOWS\SYSTEM32\wintypes.dll
0x00007ffbf7320000 - 0x00007ffbf740a000 	C:\WINDOWS\System32\SHCORE.dll
0x00007ffbf6ef0000 - 0x00007ffbf6f4d000 	C:\WINDOWS\System32\shlwapi.dll
0x00007ffbf5ca0000 - 0x00007ffbf5cc1000 	C:\WINDOWS\SYSTEM32\profapi.dll
0x00007ffbd3c40000 - 0x00007ffbd3c59000 	C:\Users\ha phun\.jdks\azul-15.0.9\bin\net.dll
0x00007ffbeef90000 - 0x00007ffbef09c000 	C:\WINDOWS\SYSTEM32\WINHTTP.dll
0x00007ffbf5290000 - 0x00007ffbf52f7000 	C:\WINDOWS\system32\mswsock.dll
0x00007ffbcf4d0000 - 0x00007ffbcf4e2000 	C:\Users\ha phun\.jdks\azul-15.0.9\bin\nio.dll
0x00007ffbcf350000 - 0x00007ffbcf368000 	C:\Users\ha phun\.jdks\azul-15.0.9\bin\zip.dll
0x00007ffbe7b20000 - 0x00007ffbe7b30000 	C:\Users\ha phun\.jdks\azul-15.0.9\bin\verify.dll
0x00007ffbcf4f0000 - 0x00007ffbcf517000 	C:\Users\ha phun\.gradle\native\8bec1ad78214c89d9ad589b4d07fe93259594b29d510b10fafb7a158f7737e5d\windows-amd64\native-platform.dll
0x00007ffba9110000 - 0x00007ffba924d000 	C:\Users\ha phun\.gradle\native\53dbd7edfb1c66fb8903c78663c9afc45aea4f116125fa6feffd364cf09443e8\windows-amd64\native-platform-file-events.dll
0x00007ffbe4ad0000 - 0x00007ffbe4ad9000 	C:\Users\ha phun\.jdks\azul-15.0.9\bin\management.dll
0x00007ffbe4880000 - 0x00007ffbe488b000 	C:\Users\ha phun\.jdks\azul-15.0.9\bin\management_ext.dll
0x00007ffbf54d0000 - 0x00007ffbf54e8000 	C:\WINDOWS\SYSTEM32\CRYPTSP.dll
0x00007ffbf4d50000 - 0x00007ffbf4d85000 	C:\WINDOWS\system32\rsaenh.dll
0x00007ffbf5380000 - 0x00007ffbf53a9000 	C:\WINDOWS\SYSTEM32\USERENV.dll
0x00007ffbf5660000 - 0x00007ffbf5687000 	C:\WINDOWS\SYSTEM32\bcrypt.dll
0x00007ffbf54f0000 - 0x00007ffbf54fc000 	C:\WINDOWS\SYSTEM32\CRYPTBASE.dll
0x00007ffbf4920000 - 0x00007ffbf494d000 	C:\WINDOWS\SYSTEM32\IPHLPAPI.DLL
0x00007ffbf78f0000 - 0x00007ffbf78f9000 	C:\WINDOWS\System32\NSI.dll
0x00007ffbeec20000 - 0x00007ffbeec39000 	C:\WINDOWS\SYSTEM32\dhcpcsvc6.DLL
0x00007ffbef650000 - 0x00007ffbef66e000 	C:\WINDOWS\SYSTEM32\dhcpcsvc.DLL
0x00007ffbf4950000 - 0x00007ffbf4a38000 	C:\WINDOWS\SYSTEM32\DNSAPI.dll

dbghelp: loaded successfully - version: 4.0.5 - missing functions: none
symbol engine: initialized successfully - sym options: 0x614 - pdb path: .;C:\Users\ha phun\.jdks\azul-15.0.9\bin;C:\WINDOWS\SYSTEM32;C:\WINDOWS\WinSxS\amd64_microsoft.windows.common-controls_6595b64144ccf1df_6.0.22000.120_none_9d947278b86cc467;C:\Users\ha phun\.jdks\azul-15.0.9\bin\server;C:\Users\ha phun\.gradle\native\8bec1ad78214c89d9ad589b4d07fe93259594b29d510b10fafb7a158f7737e5d\windows-amd64;C:\Users\ha phun\.gradle\native\53dbd7edfb1c66fb8903c78663c9afc45aea4f116125fa6feffd364cf09443e8\windows-amd64

VM Arguments:
jvm_args: --add-opens=java.base/java.util=ALL-UNNAMED --add-opens=java.base/java.lang=ALL-UNNAMED --add-opens=java.base/java.lang.invoke=ALL-UNNAMED --add-opens=java.base/java.util=ALL-UNNAMED --add-opens=java.prefs/java.util.prefs=ALL-UNNAMED --add-opens=java.prefs/java.util.prefs=ALL-UNNAMED --add-opens=java.base/java.nio.charset=ALL-UNNAMED --add-opens=java.base/java.net=ALL-UNNAMED --add-opens=java.base/java.util.concurrent.atomic=ALL-UNNAMED -Xmx2048m -Dfile.encoding=UTF-8 -Duser.country=US -Duser.language=en -Duser.variant 
java_command: org.gradle.launcher.daemon.bootstrap.GradleDaemon 7.0.2
java_class_path (initial): C:\Users\ha phun\.gradle\wrapper\dists\gradle-7.0.2-bin\857tjihv64xamwrf0h14cai3r\gradle-7.0.2\lib\gradle-launcher-7.0.2.jar
Launcher Type: SUN_STANDARD

[Global flags]
     intx CICompilerCount                          = 4                                         {product} {ergonomic}
     uint ConcGCThreads                            = 2                                         {product} {ergonomic}
     uint G1ConcRefinementThreads                  = 8                                         {product} {ergonomic}
   size_t G1HeapRegionSize                         = 1048576                                   {product} {ergonomic}
    uintx GCDrainStackTargetSize                   = 64                                        {product} {ergonomic}
   size_t InitialHeapSize                          = 100663296                                 {product} {ergonomic}
   size_t MarkStackSize                            = 4194304                                   {product} {ergonomic}
   size_t MaxHeapSize                              = 2147483648                                {product} {command line}
   size_t MaxNewSize                               = 1287651328                                {product} {ergonomic}
   size_t MinHeapDeltaBytes                        = 1048576                                   {product} {ergonomic}
   size_t MinHeapSize                              = 8388608                                   {product} {ergonomic}
    uintx NonNMethodCodeHeapSize                   = 5839372                                {pd product} {ergonomic}
    uintx NonProfiledCodeHeapSize                  = 122909434                              {pd product} {ergonomic}
    uintx ProfiledCodeHeapSize                     = 122909434                              {pd product} {ergonomic}
    uintx ReservedCodeCacheSize                    = 251658240                              {pd product} {ergonomic}
     bool SegmentedCodeCache                       = true                                      {product} {ergonomic}
   size_t SoftMaxHeapSize                          = 2147483648                             {manageable} {ergonomic}
     bool UseCompressedClassPointers               = true                                 {lp64_product} {ergonomic}
     bool UseCompressedOops                        = true                                 {lp64_product} {ergonomic}
     bool UseG1GC                                  = true                                      {product} {ergonomic}
     bool UseLargePagesIndividualAllocation        = false                                  {pd product} {ergonomic}

Logging:
Log output configuration:
 #0: stdout all=warning uptime,level,tags
 #1: stderr all=off uptime,level,tags

Environment Variables:
PATH=C:\Windows\system32;C:\Windows;C:\Windows\System32\Wbem;C:\Windows\System32\WindowsPowerShell\v1.0\;C:\Windows\System32\OpenSSH\;C:\Program Files\dotnet\;C:\WINDOWS\system32;C:\WINDOWS;C:\WINDOWS\System32\Wbem;C:\WINDOWS\System32\WindowsPowerShell\v1.0\;C:\WINDOWS\System32\OpenSSH\;C:\Program Files\Microsoft SQL Server\Client SDK\ODBC\170\Tools\Binn\;C:\Program Files (x86)\Microsoft SQL Server\150\Tools\Binn\;C:\Program Files\Microsoft SQL Server\150\Tools\Binn\;C:\Program Files\Microsoft SQL Server\150\DTS\Binn\;C:\Program Files (x86)\Microsoft SQL Server\150\DTS\Binn\;C:\Program Files\Azure Data Studio\bin;C:\Program Files\Git\cmd;C:\Users\ha phun\AppData\Local\Microsoft\WindowsApps;C:\Users\ha phun\.dotnet\tools;;C:\Users\ha phun\AppData\Local\Programs\Microsoft VS Code\bin;C:\Program Files\Azure Data Studio\bin
USERNAME=ha phun
OS=Windows_NT
PROCESSOR_IDENTIFIER=AMD64 Family 23 Model 24 Stepping 1, AuthenticAMD



---------------  S Y S T E M  ---------------

OS:
 Windows 11 , 64 bit Build 22000 (10.0.22000.708)
OS uptime: 4 days 21:45 hours

CPU: total 8 (initial active 8) (8 cores per cpu, 2 threads per core) family 23 model 24 stepping 1 microcode 0x0, cmov, cx8, fxsr, mmx, sse, sse2, sse3, ssse3, sse4.1, sse4.2, popcnt, vzeroupper, avx, avx2, aes, clmul, 3dnowpref, lzcnt, sse4a, ht, tsc, tscinvbit, tscinv, bmi1, bmi2, adx, sha, fma, clflush, clflushopt

Memory: 4k page, system-wide physical 6091M (400M free)
TotalPageFile size 14091M (AvailPageFile size 4M)
current process WorkingSet (physical memory assigned to process): 296M, peak: 296M
current process commit charge ("private bytes"): 338M, peak: 338M

vm_info: OpenJDK 64-Bit Server VM (15.0.9+5-MTS) for windows-amd64 JRE (15.0.9+5-MTS) (Zulu15.44+13-CA), built on Oct  7 2022 09:58:48 by "zulu_re" with MS VC++ 15.9 (VS2017)

END.
