#
# There is insufficient memory for the Java Runtime Environment to continue.
# Native memory allocation (mmap) failed to map 45088768 bytes for G1 virtual space
# Possible reasons:
#   The system is out of physical RAM or swap space
#   The process is running with CompressedOops enabled, and the Java Heap may be blocking the growth of the native heap
# Possible solutions:
#   Reduce memory load on the system
#   Increase physical memory or swap space
#   Check if swap backing store is full
#   Decrease Java heap size (-Xmx/-Xms)
#   Decrease number of Java threads
#   Decrease Java thread stack sizes (-Xss)
#   Set larger code cache with -XX:ReservedCodeCacheSize=
#   JVM is running with Unscaled Compressed Oops mode in which the Java heap is
#     placed in the first 4GB address space. The Java Heap base address is the
#     maximum limit for the native heap growth. Please use -XX:HeapBaseMinAddress
#     to set the Java Heap base and to place the Java Heap above 4GB virtual address.
# This output file may be truncated or incomplete.
#
#  Out of Memory Error (./src/hotspot/os/windows/os_windows.cpp:3331), pid=13152, tid=12216
#
# JRE version: OpenJDK Runtime Environment Zulu15.44+13-CA (15.0.9+5) (build 15.0.9+5-MTS)
# Java VM: OpenJDK 64-Bit Server VM Zulu15.44+13-CA (15.0.9+5-MTS, mixed mode, sharing, tiered, compressed oops, g1 gc, windows-amd64)
# No core dump will be written. Minidumps are not enabled by default on client versions of Windows
#

---------------  S U M M A R Y ------------

Command Line: --add-opens=java.base/java.util=ALL-UNNAMED --add-opens=java.base/java.lang=ALL-UNNAMED --add-opens=java.base/java.lang.invoke=ALL-UNNAMED --add-opens=java.base/java.util=ALL-UNNAMED --add-opens=java.prefs/java.util.prefs=ALL-UNNAMED --add-opens=java.prefs/java.util.prefs=ALL-UNNAMED --add-opens=java.base/java.nio.charset=ALL-UNNAMED --add-opens=java.base/java.net=ALL-UNNAMED --add-opens=java.base/java.util.concurrent.atomic=ALL-UNNAMED -Xmx2048m -Dfile.encoding=UTF-8 -Duser.country=US -Duser.language=en -Duser.variant org.gradle.launcher.daemon.bootstrap.GradleDaemon 7.0.2

Host: AMD Ryzen 5 3500U with Radeon Vega Mobile Gfx  , 8 cores, 5G,  Windows 11 , 64 bit Build 22000 (10.0.22000.708)
Time: Mon Nov  7 13:38:48 2022 SE Asia Standard Time elapsed time: 26.922120 seconds (0d 0h 0m 26s)

---------------  T H R E A D  ---------------

Current thread (0x000001dde6ce3970):  VMThread "VM Thread" [stack: 0x0000009eb7d00000,0x0000009eb7e00000] [id=12216]

Stack: [0x0000009eb7d00000,0x0000009eb7e00000]
[error occurred during error reporting (printing stack bounds), id 0xc0000005, EXCEPTION_ACCESS_VIOLATION (0xc0000005) at pc=0x000001ddd03b10ad]

Native frames: (J=compiled Java code, j=interpreted, Vv=VM code, C=native code)
V  [jvm.dll+0x60036a]
V  [jvm.dll+0x79fd79]
V  [jvm.dll+0x7a14d3]
V  [jvm.dll+0x7a1a85]
V  [jvm.dll+0x7a1a3b]
V  [jvm.dll+0x5ff78f]
V  [jvm.dll+0x5fff58]
C  [ntdll.dll+0xa8b1f]
C  [ntdll.dll+0x35b9a]
C  [ntdll.dll+0xa7b2e]
C  0x000001ddd03b10ad

VM_Operation (0x0000009ebd8fd770): G1CollectForAllocation, mode: safepoint, requested by thread 0x000001ddea6aabc0


---------------  P R O C E S S  ---------------

Threads class SMR info:
_java_thread_list=0x000001dde7c62040, length=79, elements={
0x000001ddc7e4e710, 0x000001dde6ce6ea0, 0x000001dde6ced980, 0x000001dde6d041e0,
0x000001dde6d05ab0, 0x000001dde6d06470, 0x000001dde6d09220, 0x000001dde6d0f5e0,
0x000001dde6d17ff0, 0x000001dde7749220, 0x000001dde77ac250, 0x000001dde92200c0,
0x000001dde98fd4d0, 0x000001dde88e2a90, 0x000001ddeadaec10, 0x000001dde9a08260,
0x000001dde9631cd0, 0x000001dde9aff6e0, 0x000001ddeac22170, 0x000001dde9d29c80,
0x000001ddeaefa960, 0x000001ddeaef7940, 0x000001ddeaef9fc0, 0x000001ddeaef6fa0,
0x000001ddeaefa490, 0x000001ddeaef7470, 0x000001ddeaef82e0, 0x000001ddeaef9af0,
0x000001ddeaef9150, 0x000001ddeaef9620, 0x000001ddeb10f8b0, 0x000001ddeb10b080,
0x000001ddeb10d230, 0x000001ddeb10a210, 0x000001ddeb10dbd0, 0x000001ddeb10d700,
0x000001ddeb10e570, 0x000001ddeb10ef10, 0x000001ddeb10f3e0, 0x000001ddeb10b550,
0x000001ddeb10a6e0, 0x000001ddeb109870, 0x000001ddeb109d40, 0x000001ddeb108530,
0x000001ddeb10cd60, 0x000001ddeb1093a0, 0x000001ddeb10abb0, 0x000001ddeb10ba20,
0x000001ddeb10bef0, 0x000001ddeb10c3c0, 0x000001ddea667fb0, 0x000001ddea6697c0,
0x000001ddea66d650, 0x000001ddea66ccb0, 0x000001ddea669c90, 0x000001ddea66d180,
0x000001ddea66e990, 0x000001ddea66a630, 0x000001ddea668950, 0x000001ddea66ab00,
0x000001ddea66db20, 0x000001ddea668e20, 0x000001dde9f42ed0, 0x000001ddea6692f0,
0x000001ddea75e930, 0x000001dde981b090, 0x000001dde981b560, 0x000001dde981ba30,
0x000001ddecca44c0, 0x000001dde7874f30, 0x000001dde7874a60, 0x000001dde981bf00,
0x000001ddea66b4a0, 0x000001dde981c3d0, 0x000001dde97c43b0, 0x000001dde78740c0,
0x000001ddea6aabc0, 0x000001dde7875400, 0x000001ddea6ab090
}

Java Threads: ( => current thread )
  0x000001ddc7e4e710 JavaThread "main" [_thread_blocked, id=14248, stack(0x0000009eb7700000,0x0000009eb7800000)]
  0x000001dde6ce6ea0 JavaThread "Reference Handler" daemon [_thread_blocked, id=19372, stack(0x0000009eb7e00000,0x0000009eb7f00000)]
  0x000001dde6ced980 JavaThread "Finalizer" daemon [_thread_blocked, id=5832, stack(0x0000009eb7f00000,0x0000009eb8000000)]
  0x000001dde6d041e0 JavaThread "Signal Dispatcher" daemon [_thread_blocked, id=10376, stack(0x0000009eb8000000,0x0000009eb8100000)]
  0x000001dde6d05ab0 JavaThread "Attach Listener" daemon [_thread_blocked, id=8456, stack(0x0000009eb8100000,0x0000009eb8200000)]
  0x000001dde6d06470 JavaThread "Service Thread" daemon [_thread_blocked, id=7204, stack(0x0000009eb8200000,0x0000009eb8300000)]
  0x000001dde6d09220 JavaThread "C2 CompilerThread0" daemon [_thread_in_native, id=11584, stack(0x0000009eb8300000,0x0000009eb8400000)]
  0x000001dde6d0f5e0 JavaThread "C1 CompilerThread0" daemon [_thread_blocked, id=1204, stack(0x0000009eb8400000,0x0000009eb8500000)]
  0x000001dde6d17ff0 JavaThread "Sweeper thread" daemon [_thread_blocked, id=13252, stack(0x0000009eb8500000,0x0000009eb8600000)]
  0x000001dde7749220 JavaThread "Common-Cleaner" daemon [_thread_blocked, id=1552, stack(0x0000009eb8600000,0x0000009eb8700000)]
  0x000001dde77ac250 JavaThread "Notification Thread" daemon [_thread_blocked, id=8836, stack(0x0000009eb8700000,0x0000009eb8800000)]
  0x000001dde92200c0 JavaThread "Daemon health stats" [_thread_blocked, id=20020, stack(0x0000009eb8b00000,0x0000009eb8c00000)]
  0x000001dde98fd4d0 JavaThread "Incoming local TCP Connector on port 58850" [_thread_in_native, id=18880, stack(0x0000009eb8c00000,0x0000009eb8d00000)]
  0x000001dde88e2a90 JavaThread "Daemon periodic checks" [_thread_blocked, id=13300, stack(0x0000009eb8d00000,0x0000009eb8e00000)]
  0x000001ddeadaec10 JavaThread "Daemon" [_thread_blocked, id=13624, stack(0x0000009eb8e00000,0x0000009eb8f00000)]
  0x000001dde9a08260 JavaThread "Handler for socket connection from /127.0.0.1:58850 to /127.0.0.1:58851" [_thread_in_native, id=6920, stack(0x0000009eb8f00000,0x0000009eb9000000)]
  0x000001dde9631cd0 JavaThread "Cancel handler" [_thread_blocked, id=2452, stack(0x0000009eb9000000,0x0000009eb9100000)]
  0x000001dde9aff6e0 JavaThread "Daemon worker" [_thread_blocked, id=12928, stack(0x0000009eb9100000,0x0000009eb9200000)]
  0x000001ddeac22170 JavaThread "Asynchronous log dispatcher for DefaultDaemonConnection: socket connection from /127.0.0.1:58850 to /127.0.0.1:58851" [_thread_blocked, id=16380, stack(0x0000009eb9200000,0x0000009eb9300000)]
  0x000001dde9d29c80 JavaThread "Stdin handler" [_thread_blocked, id=18032, stack(0x0000009eb9300000,0x0000009eb9400000)]
  0x000001ddeaefa960 JavaThread "Daemon client event forwarder" [_thread_blocked, id=20132, stack(0x0000009eb9400000,0x0000009eb9500000)]
  0x000001ddeaef7940 JavaThread "Cache worker for file hash cache (C:\Users\ha phun\.gradle\caches\7.0.2\fileHashes)" [_thread_blocked, id=17452, stack(0x0000009eb9500000,0x0000009eb9600000)]
  0x000001ddeaef9fc0 JavaThread "File lock request listener" [_thread_in_native, id=6436, stack(0x0000009eb9600000,0x0000009eb9700000)]
  0x000001ddeaef6fa0 JavaThread "Cache worker for journal cache (C:\Users\ha phun\.gradle\caches\journal-1)" [_thread_blocked, id=15124, stack(0x0000009eb9700000,0x0000009eb9800000)]
  0x000001ddeaefa490 JavaThread "Cache worker for file hash cache (C:\Users\ha phun\Desktop\Vietshare\Vietshare\.gradle\7.0.2\fileHashes)" [_thread_blocked, id=15388, stack(0x0000009eb9e00000,0x0000009eb9f00000)]
  0x000001ddeaef7470 JavaThread "File watcher server" daemon [_thread_blocked, id=14848, stack(0x0000009eb9f00000,0x0000009eba000000)]
  0x000001ddeaef82e0 JavaThread "File watcher consumer" daemon [_thread_blocked, id=17380, stack(0x0000009eba000000,0x0000009eba100000)]
  0x000001ddeaef9af0 JavaThread "Cache worker for checksums cache (C:\Users\ha phun\Desktop\Vietshare\Vietshare\.gradle\checksums)" [_thread_blocked, id=19808, stack(0x0000009eba100000,0x0000009eba200000)]
  0x000001ddeaef9150 JavaThread "Cache worker for cache directory md-supplier (C:\Users\ha phun\.gradle\caches\7.0.2\md-supplier)" [_thread_blocked, id=17800, stack(0x0000009eba200000,0x0000009eba300000)]
  0x000001ddeaef9620 JavaThread "Cache worker for cache directory md-rule (C:\Users\ha phun\.gradle\caches\7.0.2\md-rule)" [_thread_blocked, id=19500, stack(0x0000009eb8900000,0x0000009eb8a00000)]
  0x000001ddeb10f8b0 JavaThread "Cache worker for execution history cache (C:\Users\ha phun\.gradle\caches\7.0.2\executionHistory)" [_thread_blocked, id=7824, stack(0x0000009eba400000,0x0000009eba500000)]
  0x000001ddeb10b080 JavaThread "jar transforms" [_thread_blocked, id=17220, stack(0x0000009eba600000,0x0000009eba700000)]
  0x000001ddeb10d230 JavaThread "jar transforms Thread 2" [_thread_blocked, id=13620, stack(0x0000009eba700000,0x0000009eba800000)]
  0x000001ddeb10a210 JavaThread "Cache worker for file content cache (C:\Users\ha phun\.gradle\caches\7.0.2\fileContent)" [_thread_blocked, id=14292, stack(0x0000009eba800000,0x0000009eba900000)]
  0x000001ddeb10dbd0 JavaThread "Cache worker for dependencies-accessors (C:\Users\ha phun\Desktop\Vietshare\Vietshare\.gradle\7.0.2\dependencies-accessors)" [_thread_blocked, id=17976, stack(0x0000009eba900000,0x0000009ebaa00000)]
  0x000001ddeb10d700 JavaThread "jar transforms Thread 3" [_thread_blocked, id=1820, stack(0x0000009ebaa00000,0x0000009ebab00000)]
  0x000001ddeb10e570 JavaThread "Cache worker for Build Output Cleanup Cache (C:\Users\ha phun\Desktop\Vietshare\Vietshare\.gradle\buildOutputCleanup)" [_thread_blocked, id=17080, stack(0x0000009ebab00000,0x0000009ebac00000)]
  0x000001ddeb10ef10 JavaThread "Build operations" [_thread_blocked, id=2336, stack(0x0000009eba500000,0x0000009eba600000)]
  0x000001ddeb10f3e0 JavaThread "Build operations Thread 2" [_thread_blocked, id=13672, stack(0x0000009ebac00000,0x0000009ebad00000)]
  0x000001ddeb10b550 JavaThread "Build operations Thread 3" [_thread_blocked, id=17288, stack(0x0000009ebad00000,0x0000009ebae00000)]
  0x000001ddeb10a6e0 JavaThread "Build operations Thread 4" [_thread_blocked, id=19668, stack(0x0000009ebae00000,0x0000009ebaf00000)]
  0x000001ddeb109870 JavaThread "Build operations Thread 5" [_thread_blocked, id=16600, stack(0x0000009ebaf00000,0x0000009ebb000000)]
  0x000001ddeb109d40 JavaThread "Build operations Thread 6" [_thread_blocked, id=9424, stack(0x0000009ebb000000,0x0000009ebb100000)]
  0x000001ddeb108530 JavaThread "Build operations Thread 7" [_thread_blocked, id=17648, stack(0x0000009ebb100000,0x0000009ebb200000)]
  0x000001ddeb10cd60 JavaThread "Build operations Thread 8" [_thread_blocked, id=20352, stack(0x0000009ebb200000,0x0000009ebb300000)]
  0x000001ddeb1093a0 JavaThread "jar transforms Thread 4" [_thread_blocked, id=18652, stack(0x0000009ebb300000,0x0000009ebb400000)]
  0x000001ddeb10abb0 JavaThread "jar transforms Thread 5" [_thread_blocked, id=13324, stack(0x0000009ebb400000,0x0000009ebb500000)]
  0x000001ddeb10ba20 JavaThread "jar transforms Thread 6" [_thread_blocked, id=20004, stack(0x0000009ebb500000,0x0000009ebb600000)]
  0x000001ddeb10bef0 JavaThread "jar transforms Thread 7" [_thread_blocked, id=15128, stack(0x0000009ebb600000,0x0000009ebb700000)]
  0x000001ddeb10c3c0 JavaThread "jar transforms Thread 8" [_thread_blocked, id=18984, stack(0x0000009ebb700000,0x0000009ebb800000)]
  0x000001ddea667fb0 JavaThread "Memory manager" [_thread_blocked, id=17980, stack(0x0000009ebb800000,0x0000009ebb900000)]
  0x000001ddea6697c0 JavaThread "build event listener" [_thread_blocked, id=11648, stack(0x0000009ebb900000,0x0000009ebba00000)]
  0x000001ddea66d650 JavaThread "Execution worker for ':'" [_thread_blocked, id=13688, stack(0x0000009ebba00000,0x0000009ebbb00000)]
  0x000001ddea66ccb0 JavaThread "Execution worker for ':' Thread 2" [_thread_blocked, id=9484, stack(0x0000009ebbb00000,0x0000009ebbc00000)]
  0x000001ddea669c90 JavaThread "Execution worker for ':' Thread 3" [_thread_blocked, id=17540, stack(0x0000009ebbc00000,0x0000009ebbd00000)]
  0x000001ddea66d180 JavaThread "Execution worker for ':' Thread 4" [_thread_blocked, id=17936, stack(0x0000009ebbd00000,0x0000009ebbe00000)]
  0x000001ddea66e990 JavaThread "Execution worker for ':' Thread 5" [_thread_blocked, id=1716, stack(0x0000009ebbe00000,0x0000009ebbf00000)]
  0x000001ddea66a630 JavaThread "Execution worker for ':' Thread 6" [_thread_blocked, id=16792, stack(0x0000009ebbf00000,0x0000009ebc000000)]
  0x000001ddea668950 JavaThread "Execution worker for ':' Thread 7" [_thread_blocked, id=19552, stack(0x0000009ebc000000,0x0000009ebc100000)]
  0x000001ddea66ab00 JavaThread "Cache worker for execution history cache (C:\Users\ha phun\Desktop\Vietshare\Vietshare\.gradle\7.0.2\executionHistory)" [_thread_blocked, id=14152, stack(0x0000009ebc100000,0x0000009ebc200000)]
  0x000001ddea66db20 JavaThread "WorkerExecutor Queue" [_thread_blocked, id=20468, stack(0x0000009ebc800000,0x0000009ebc900000)]
  0x000001ddea668e20 JavaThread "WorkerExecutor Queue Thread 2" [_thread_blocked, id=10852, stack(0x0000009ebc900000,0x0000009ebca00000)]
  0x000001dde9f42ed0 JavaThread "WorkerExecutor Queue Thread 3" [_thread_blocked, id=2964, stack(0x0000009ebca00000,0x0000009ebcb00000)]
  0x000001ddea6692f0 JavaThread "WorkerExecutor Queue Thread 4" [_thread_blocked, id=14180, stack(0x0000009ebcb00000,0x0000009ebcc00000)]
  0x000001ddea75e930 JavaThread "WorkerExecutor Queue Thread 5" [_thread_blocked, id=7572, stack(0x0000009ebcc00000,0x0000009ebcd00000)]
  0x000001dde981b090 JavaThread "WorkerExecutor Queue Thread 6" [_thread_blocked, id=16396, stack(0x0000009ebcd00000,0x0000009ebce00000)]
  0x000001dde981b560 JavaThread "WorkerExecutor Queue Thread 7" [_thread_blocked, id=18576, stack(0x0000009ebce00000,0x0000009ebcf00000)]
  0x000001dde981ba30 JavaThread "WorkerExecutor Queue Thread 8" [_thread_blocked, id=3108, stack(0x0000009ebcf00000,0x0000009ebd000000)]
  0x000001ddecca44c0 JavaThread "pool-3-thread-1" [_thread_blocked, id=18180, stack(0x0000009ebd000000,0x0000009ebd100000)]
  0x000001dde7874f30 JavaThread "stderr" [_thread_in_native, id=1888, stack(0x0000009ebd100000,0x0000009ebd200000)]
  0x000001dde7874a60 JavaThread "stdout" [_thread_in_native, id=18604, stack(0x0000009ebd200000,0x0000009ebd300000)]
  0x000001dde981bf00 JavaThread "ForkJoinPool-1-worker-3" daemon [_thread_blocked, id=3312, stack(0x0000009ebd300000,0x0000009ebd400000)]
  0x000001ddea66b4a0 JavaThread "ForkJoinPool-1-worker-5" daemon [_thread_blocked, id=13276, stack(0x0000009ebd400000,0x0000009ebd500000)]
  0x000001dde981c3d0 JavaThread "ForkJoinPool-1-worker-7" daemon [_thread_blocked, id=16344, stack(0x0000009ebd500000,0x0000009ebd600000)]
  0x000001dde97c43b0 JavaThread "ForkJoinPool-1-worker-9" daemon [_thread_blocked, id=3060, stack(0x0000009ebd600000,0x0000009ebd700000)]
  0x000001dde78740c0 JavaThread "ForkJoinPool-1-worker-11" daemon [_thread_blocked, id=17044, stack(0x0000009ebd700000,0x0000009ebd800000)]
  0x000001ddea6aabc0 JavaThread "ForkJoinPool-1-worker-13" daemon [_thread_blocked, id=10076, stack(0x0000009ebd800000,0x0000009ebd900000)]
  0x000001dde7875400 JavaThread "ForkJoinPool-1-worker-1" daemon [_thread_blocked, id=7208, stack(0x0000009ebd900000,0x0000009ebda00000)]
  0x000001ddea6ab090 JavaThread "ForkJoinPool-1-worker-15" daemon [_thread_blocked, id=7852, stack(0x0000009ebda00000,0x0000009ebdb00000)]

Other Threads:
=>0x000001dde6ce3970 VMThread "VM Thread" [stack: 0x0000009eb7d00000,0x0000009eb7e00000] [id=12216]
  0x000001dde77acb30 WatcherThread [stack: 0x0000009eb8800000,0x0000009eb8900000] [id=1124]
  0x000001ddc7e8d880 GCTaskThread "GC Thread#0" [stack: 0x0000009eb7800000,0x0000009eb7900000] [id=5100]
  0x000001dde7f18920 GCTaskThread "GC Thread#1" [stack: 0x0000009eb8a00000,0x0000009eb8b00000] [id=18956]
  0x000001dde7f18f80 GCTaskThread "GC Thread#2" [stack: 0x0000009eb9800000,0x0000009eb9900000] [id=9592]
  0x000001dde7f192b0 GCTaskThread "GC Thread#3" [stack: 0x0000009eb9900000,0x0000009eb9a00000] [id=12604]
  0x000001dde7f1a5d0 GCTaskThread "GC Thread#4" [stack: 0x0000009eb9a00000,0x0000009eb9b00000] [id=9652]
  0x000001dde7f17f90 GCTaskThread "GC Thread#5" [stack: 0x0000009eb9b00000,0x0000009eb9c00000] [id=15072]
  0x000001dde7f182c0 GCTaskThread "GC Thread#6" [stack: 0x0000009eb9c00000,0x0000009eb9d00000] [id=16696]
  0x000001dde7f19910 GCTaskThread "GC Thread#7" [stack: 0x0000009eb9d00000,0x0000009eb9e00000] [id=9220]
  0x000001ddc7e9eb30 ConcurrentGCThread "G1 Main Marker" [stack: 0x0000009eb7900000,0x0000009eb7a00000] [id=19924]
  0x000001ddc7e9ff60 ConcurrentGCThread "G1 Conc#0" [stack: 0x0000009eb7a00000,0x0000009eb7b00000] [id=16808]
  0x000001ddeb042390 ConcurrentGCThread "G1 Conc#1" [stack: 0x0000009eba300000,0x0000009eba400000] [id=16424]
  0x000001ddc7f14b00 ConcurrentGCThread "G1 Refine#0" [stack: 0x0000009eb7b00000,0x0000009eb7c00000] [id=19272]
  0x000001ddeb510f90 ConcurrentGCThread "G1 Refine#1" [stack: 0x0000009ebc200000,0x0000009ebc300000] [id=15304]
  0x000001ddeb513ed0 ConcurrentGCThread "G1 Refine#2" [stack: 0x0000009ebc300000,0x0000009ebc400000] [id=15080]
  0x000001ddeb5134b0 ConcurrentGCThread "G1 Refine#3" [stack: 0x0000009ebc400000,0x0000009ebc500000] [id=20100]
  0x000001ddeb511d10 ConcurrentGCThread "G1 Refine#4" [stack: 0x0000009ebc500000,0x0000009ebc600000] [id=18020]
  0x000001ddeb5123d0 ConcurrentGCThread "G1 Refine#5" [stack: 0x0000009ebc600000,0x0000009ebc700000] [id=20048]
  0x000001ddeb512730 ConcurrentGCThread "G1 Refine#6" [stack: 0x0000009ebc700000,0x0000009ebc800000] [id=17496]
  0x000001ddc7f15440 ConcurrentGCThread "G1 Young RemSet Sampling" [stack: 0x0000009eb7c00000,0x0000009eb7d00000] [id=16080]

Threads with active compile tasks:
C2 CompilerThread0    26949 11438 %     4       com.android.tools.r8.dex.j::m @ 64 (2086 bytes)
C1 CompilerThread0    26949 11819 %     3       com.android.tools.r8.dex.j::e @ 90 (654 bytes)

VM state: at safepoint (normal execution)

VM Mutex/Monitor currently owned by a thread:  ([mutex/lock_event])
[0x000001ddc7e4ad50] Threads_lock - owner thread: 0x000001dde6ce3970
[0x000001ddc7e4b530] Heap_lock - owner thread: 0x000001ddea6aabc0

Heap address: 0x0000000080000000, size: 2048 MB, Compressed Oops mode: 32-bit
CDS archive(s) mapped at: [0x0000000800000000-0x0000000800b50000-0x0000000800b50000), size 11862016, SharedBaseAddress: 0x0000000800000000, ArchiveRelocationMode: 0.
Compressed class space mapped at: 0x0000000800b50000-0x0000000840b50000, size: 1073741824
Narrow klass base: 0x0000000800000000, Narrow klass shift: 3, Narrow klass range: 0x100000000

GC Precious Log:
 CPUs: 8 total, 8 available
 Memory: 6091M
 Large Page Support: Disabled
 NUMA Support: Disabled
 Compressed Oops: Enabled (32-bit)
 Heap Region Size: 1M
 Heap Min Capacity: 8M
 Heap Initial Capacity: 96M
 Heap Max Capacity: 2G
 Pre-touch: Disabled
 Parallel Workers: 8
 Concurrent Workers: 2
 Concurrent Refinement Workers: 8
 Periodic GC: Disabled

Heap:
 garbage-first heap   total 261120K, used 129299K [0x0000000080000000, 0x0000000100000000)
  region size 1024K, 5 young (5120K), 5 survivors (5120K)
 Metaspace       used 85698K, capacity 86807K, committed 87068K, reserved 1124352K
  class space    used 11344K, capacity 11681K, committed 11724K, reserved 1048576K

Heap Regions: E=young(eden), S=young(survivor), O=old, HS=humongous(starts), HC=humongous(continues), CS=collection set, F=free, OA=open archive, CA=closed archive, TAMS=top-at-mark-start (previous, next)
|   0|0x0000000080000000, 0x0000000080100000, 0x0000000080100000|100%| O|  |TAMS 0x0000000080100000, 0x0000000080000000| Untracked 
|   1|0x0000000080100000, 0x0000000080200000, 0x0000000080200000|100%| O|  |TAMS 0x0000000080200000, 0x0000000080100000| Untracked 
|   2|0x0000000080200000, 0x0000000080300000, 0x0000000080300000|100%| O|  |TAMS 0x0000000080300000, 0x0000000080200000| Untracked 
|   3|0x0000000080300000, 0x0000000080400000, 0x0000000080400000|100%|HS|  |TAMS 0x0000000080400000, 0x0000000080300000| Complete 
|   4|0x0000000080400000, 0x0000000080500000, 0x0000000080500000|100%|HC|  |TAMS 0x0000000080500000, 0x0000000080400000| Complete 
|   5|0x0000000080500000, 0x0000000080600000, 0x0000000080600000|100%|HC|  |TAMS 0x0000000080600000, 0x0000000080500000| Complete 
|   6|0x0000000080600000, 0x0000000080700000, 0x0000000080700000|100%| O|  |TAMS 0x0000000080700000, 0x0000000080600000| Untracked 
|   7|0x0000000080700000, 0x0000000080800000, 0x0000000080800000|100%| O|  |TAMS 0x0000000080800000, 0x0000000080700000| Untracked 
|   8|0x0000000080800000, 0x0000000080900000, 0x0000000080900000|100%| O|  |TAMS 0x0000000080900000, 0x0000000080800000| Untracked 
|   9|0x0000000080900000, 0x0000000080a00000, 0x0000000080a00000|100%| O|  |TAMS 0x0000000080a00000, 0x0000000080900000| Untracked 
|  10|0x0000000080a00000, 0x0000000080b00000, 0x0000000080b00000|100%| O|  |TAMS 0x0000000080b00000, 0x0000000080a00000| Untracked 
|  11|0x0000000080b00000, 0x0000000080c00000, 0x0000000080c00000|100%| O|  |TAMS 0x0000000080c00000, 0x0000000080b00000| Untracked 
|  12|0x0000000080c00000, 0x0000000080d00000, 0x0000000080d00000|100%| O|  |TAMS 0x0000000080d00000, 0x0000000080c00000| Untracked 
|  13|0x0000000080d00000, 0x0000000080e00000, 0x0000000080e00000|100%|HS|  |TAMS 0x0000000080e00000, 0x0000000080d00000| Complete 
|  14|0x0000000080e00000, 0x0000000080f00000, 0x0000000080f00000|100%| O|  |TAMS 0x0000000080f00000, 0x0000000080e00000| Untracked 
|  15|0x0000000080f00000, 0x0000000081000000, 0x0000000081000000|100%| O|  |TAMS 0x0000000081000000, 0x0000000080f00000| Untracked 
|  16|0x0000000081000000, 0x0000000081100000, 0x0000000081100000|100%| O|  |TAMS 0x0000000081100000, 0x0000000081000000| Untracked 
|  17|0x0000000081100000, 0x0000000081200000, 0x0000000081200000|100%| O|  |TAMS 0x0000000081100000, 0x0000000081100000| Untracked 
|  18|0x0000000081200000, 0x0000000081300000, 0x0000000081300000|100%| O|  |TAMS 0x0000000081200000, 0x0000000081200000| Untracked 
|  19|0x0000000081300000, 0x0000000081400000, 0x0000000081400000|100%| O|  |TAMS 0x0000000081400000, 0x0000000081300000| Untracked 
|  20|0x0000000081400000, 0x0000000081500000, 0x0000000081500000|100%| O|  |TAMS 0x0000000081500000, 0x0000000081400000| Untracked 
|  21|0x0000000081500000, 0x0000000081600000, 0x0000000081600000|100%| O|  |TAMS 0x0000000081600000, 0x0000000081500000| Untracked 
|  22|0x0000000081600000, 0x0000000081700000, 0x0000000081700000|100%|HS|  |TAMS 0x0000000081700000, 0x0000000081600000| Complete 
|  23|0x0000000081700000, 0x0000000081800000, 0x0000000081800000|100%|HS|  |TAMS 0x0000000081800000, 0x0000000081700000| Complete 
|  24|0x0000000081800000, 0x0000000081900000, 0x0000000081900000|100%|HS|  |TAMS 0x0000000081900000, 0x0000000081800000| Complete 
|  25|0x0000000081900000, 0x0000000081a00000, 0x0000000081a00000|100%|HC|  |TAMS 0x0000000081a00000, 0x0000000081900000| Complete 
|  26|0x0000000081a00000, 0x0000000081b00000, 0x0000000081b00000|100%| O|  |TAMS 0x0000000081b00000, 0x0000000081a00000| Untracked 
|  27|0x0000000081b00000, 0x0000000081c00000, 0x0000000081c00000|100%| O|  |TAMS 0x0000000081c00000, 0x0000000081b00000| Untracked 
|  28|0x0000000081c00000, 0x0000000081d00000, 0x0000000081d00000|100%| O|  |TAMS 0x0000000081d00000, 0x0000000081c00000| Untracked 
|  29|0x0000000081d00000, 0x0000000081e00000, 0x0000000081e00000|100%| O|  |TAMS 0x0000000081e00000, 0x0000000081d00000| Untracked 
|  30|0x0000000081e00000, 0x0000000081f00000, 0x0000000081f00000|100%| O|  |TAMS 0x0000000081f00000, 0x0000000081e00000| Untracked 
|  31|0x0000000081f00000, 0x0000000082000000, 0x0000000082000000|100%| O|  |TAMS 0x0000000082000000, 0x0000000081f00000| Untracked 
|  32|0x0000000082000000, 0x0000000082100000, 0x0000000082100000|100%| O|  |TAMS 0x0000000082000000, 0x0000000082000000| Untracked 
|  33|0x0000000082100000, 0x0000000082200000, 0x0000000082200000|100%| O|  |TAMS 0x0000000082200000, 0x0000000082100000| Untracked 
|  34|0x0000000082200000, 0x0000000082300000, 0x0000000082300000|100%| O|  |TAMS 0x0000000082300000, 0x0000000082200000| Untracked 
|  35|0x0000000082300000, 0x0000000082400000, 0x0000000082400000|100%| O|  |TAMS 0x0000000082400000, 0x0000000082300000| Untracked 
|  36|0x0000000082400000, 0x0000000082500000, 0x0000000082500000|100%| O|  |TAMS 0x0000000082500000, 0x0000000082400000| Untracked 
|  37|0x0000000082500000, 0x0000000082600000, 0x0000000082600000|100%| O|  |TAMS 0x0000000082600000, 0x0000000082500000| Untracked 
|  38|0x0000000082600000, 0x0000000082700000, 0x0000000082700000|100%| O|  |TAMS 0x0000000082700000, 0x0000000082600000| Untracked 
|  39|0x0000000082700000, 0x0000000082800000, 0x0000000082800000|100%| O|  |TAMS 0x0000000082700000, 0x0000000082700000| Untracked 
|  40|0x0000000082800000, 0x0000000082900000, 0x0000000082900000|100%| O|  |TAMS 0x0000000082900000, 0x0000000082800000| Untracked 
|  41|0x0000000082900000, 0x0000000082a00000, 0x0000000082a00000|100%| O|  |TAMS 0x0000000082900000, 0x0000000082900000| Untracked 
|  42|0x0000000082a00000, 0x0000000082b00000, 0x0000000082b00000|100%| O|  |TAMS 0x0000000082b00000, 0x0000000082a00000| Untracked 
|  43|0x0000000082b00000, 0x0000000082c00000, 0x0000000082c00000|100%| O|  |TAMS 0x0000000082c00000, 0x0000000082b00000| Untracked 
|  44|0x0000000082c00000, 0x0000000082d00000, 0x0000000082d00000|100%| O|  |TAMS 0x0000000082d00000, 0x0000000082c00000| Untracked 
|  45|0x0000000082d00000, 0x0000000082e00000, 0x0000000082e00000|100%| O|  |TAMS 0x0000000082e00000, 0x0000000082d00000| Untracked 
|  46|0x0000000082e00000, 0x0000000082f00000, 0x0000000082f00000|100%| O|  |TAMS 0x0000000082f00000, 0x0000000082e00000| Untracked 
|  47|0x0000000082f00000, 0x0000000083000000, 0x0000000083000000|100%| O|  |TAMS 0x0000000082f00000, 0x0000000082f00000| Untracked 
|  48|0x0000000083000000, 0x0000000083100000, 0x0000000083100000|100%| O|  |TAMS 0x0000000083100000, 0x0000000083000000| Untracked 
|  49|0x0000000083100000, 0x0000000083200000, 0x0000000083200000|100%| O|  |TAMS 0x0000000083200000, 0x0000000083100000| Untracked 
|  50|0x0000000083200000, 0x0000000083300000, 0x0000000083300000|100%| O|  |TAMS 0x0000000083300000, 0x0000000083200000| Untracked 
|  51|0x0000000083300000, 0x0000000083400000, 0x0000000083400000|100%| O|  |TAMS 0x0000000083400000, 0x0000000083300000| Untracked 
|  52|0x0000000083400000, 0x0000000083500000, 0x0000000083500000|100%| O|  |TAMS 0x0000000083500000, 0x0000000083400000| Untracked 
|  53|0x0000000083500000, 0x0000000083600000, 0x0000000083600000|100%| O|  |TAMS 0x0000000083600000, 0x0000000083500000| Untracked 
|  54|0x0000000083600000, 0x0000000083700000, 0x0000000083700000|100%| O|  |TAMS 0x0000000083700000, 0x0000000083600000| Untracked 
|  55|0x0000000083700000, 0x0000000083800000, 0x0000000083800000|100%| O|  |TAMS 0x0000000083800000, 0x0000000083700000| Untracked 
|  56|0x0000000083800000, 0x0000000083900000, 0x0000000083900000|100%| O|  |TAMS 0x0000000083900000, 0x0000000083800000| Untracked 
|  57|0x0000000083900000, 0x0000000083a00000, 0x0000000083a00000|100%| O|  |TAMS 0x0000000083a00000, 0x0000000083900000| Untracked 
|  58|0x0000000083a00000, 0x0000000083b00000, 0x0000000083b00000|100%| O|  |TAMS 0x0000000083b00000, 0x0000000083a00000| Untracked 
|  59|0x0000000083b00000, 0x0000000083c00000, 0x0000000083c00000|100%| O|  |TAMS 0x0000000083c00000, 0x0000000083b00000| Untracked 
|  60|0x0000000083c00000, 0x0000000083d00000, 0x0000000083d00000|100%| O|  |TAMS 0x0000000083d00000, 0x0000000083c00000| Untracked 
|  61|0x0000000083d00000, 0x0000000083e00000, 0x0000000083e00000|100%| O|  |TAMS 0x0000000083e00000, 0x0000000083d00000| Untracked 
|  62|0x0000000083e00000, 0x0000000083f00000, 0x0000000083f00000|100%|HS|  |TAMS 0x0000000083e00000, 0x0000000083e00000| Complete 
|  63|0x0000000083f00000, 0x0000000084000000, 0x0000000084000000|100%|HS|  |TAMS 0x0000000083f00000, 0x0000000083f00000| Complete 
|  64|0x0000000084000000, 0x0000000084100000, 0x0000000084100000|100%| O|  |TAMS 0x0000000084000000, 0x0000000084000000| Untracked 
|  65|0x0000000084100000, 0x0000000084200000, 0x0000000084200000|100%|HS|  |TAMS 0x0000000084200000, 0x0000000084100000| Complete 
|  66|0x0000000084200000, 0x0000000084300000, 0x0000000084300000|100%|HC|  |TAMS 0x0000000084300000, 0x0000000084200000| Complete 
|  67|0x0000000084300000, 0x0000000084400000, 0x0000000084400000|100%|HS|  |TAMS 0x0000000084400000, 0x0000000084300000| Complete 
|  68|0x0000000084400000, 0x0000000084500000, 0x0000000084500000|100%|HS|  |TAMS 0x0000000084500000, 0x0000000084400000| Complete 
|  69|0x0000000084500000, 0x0000000084600000, 0x0000000084600000|100%|HC|  |TAMS 0x0000000084600000, 0x0000000084500000| Complete 
|  70|0x0000000084600000, 0x0000000084700000, 0x0000000084700000|100%|HS|  |TAMS 0x0000000084700000, 0x0000000084600000| Complete 
|  71|0x0000000084700000, 0x0000000084800000, 0x0000000084800000|100%|HC|  |TAMS 0x0000000084800000, 0x0000000084700000| Complete 
|  72|0x0000000084800000, 0x0000000084900000, 0x0000000084900000|100%|HS|  |TAMS 0x0000000084900000, 0x0000000084800000| Complete 
|  73|0x0000000084900000, 0x0000000084a00000, 0x0000000084a00000|100%|HC|  |TAMS 0x0000000084a00000, 0x0000000084900000| Complete 
|  74|0x0000000084a00000, 0x0000000084b00000, 0x0000000084b00000|100%|HC|  |TAMS 0x0000000084b00000, 0x0000000084a00000| Complete 
|  75|0x0000000084b00000, 0x0000000084c00000, 0x0000000084c00000|100%| O|  |TAMS 0x0000000084c00000, 0x0000000084b00000| Untracked 
|  76|0x0000000084c00000, 0x0000000084d00000, 0x0000000084d00000|100%| O|  |TAMS 0x0000000084d00000, 0x0000000084c00000| Untracked 
|  77|0x0000000084d00000, 0x0000000084e00000, 0x0000000084e00000|100%| O|  |TAMS 0x0000000084d00000, 0x0000000084d00000| Untracked 
|  78|0x0000000084e00000, 0x0000000084f00000, 0x0000000084f00000|100%| O|  |TAMS 0x0000000084f00000, 0x0000000084e00000| Untracked 
|  79|0x0000000084f00000, 0x0000000085000000, 0x0000000085000000|100%| O|  |TAMS 0x0000000085000000, 0x0000000084f00000| Untracked 
|  80|0x0000000085000000, 0x0000000085100000, 0x0000000085100000|100%| O|  |TAMS 0x0000000085000000, 0x0000000085000000| Untracked 
|  81|0x0000000085100000, 0x0000000085200000, 0x0000000085200000|100%| O|  |TAMS 0x0000000085100000, 0x0000000085100000| Untracked 
|  82|0x0000000085200000, 0x0000000085300000, 0x0000000085300000|100%| O|  |TAMS 0x0000000085200000, 0x0000000085200000| Untracked 
|  83|0x0000000085300000, 0x0000000085400000, 0x0000000085400000|100%| O|  |TAMS 0x0000000085400000, 0x0000000085300000| Untracked 
|  84|0x0000000085400000, 0x0000000085500000, 0x0000000085500000|100%| O|  |TAMS 0x0000000085400000, 0x0000000085400000| Untracked 
|  85|0x0000000085500000, 0x0000000085600000, 0x0000000085600000|100%| O|  |TAMS 0x0000000085500000, 0x0000000085500000| Untracked 
|  86|0x0000000085600000, 0x0000000085700000, 0x0000000085700000|100%|HS|  |TAMS 0x0000000085700000, 0x0000000085600000| Complete 
|  87|0x0000000085700000, 0x0000000085800000, 0x0000000085800000|100%|HC|  |TAMS 0x0000000085800000, 0x0000000085700000| Complete 
|  88|0x0000000085800000, 0x0000000085900000, 0x0000000085900000|100%|HS|  |TAMS 0x0000000085900000, 0x0000000085800000| Complete 
|  89|0x0000000085900000, 0x0000000085a00000, 0x0000000085a00000|100%| O|  |TAMS 0x0000000085a00000, 0x0000000085900000| Untracked 
|  90|0x0000000085a00000, 0x0000000085b00000, 0x0000000085b00000|100%| O|  |TAMS 0x0000000085a00000, 0x0000000085a00000| Untracked 
|  91|0x0000000085b00000, 0x0000000085c00000, 0x0000000085c00000|100%| O|  |TAMS 0x0000000085b00000, 0x0000000085b00000| Untracked 
|  92|0x0000000085c00000, 0x0000000085d00000, 0x0000000085d00000|100%| O|  |TAMS 0x0000000085c00000, 0x0000000085c00000| Untracked 
|  93|0x0000000085d00000, 0x0000000085d44c00, 0x0000000085e00000| 26%| O|  |TAMS 0x0000000085d00000, 0x0000000085d00000| Untracked 
|  94|0x0000000085e00000, 0x0000000085f00000, 0x0000000085f00000|100%| O|  |TAMS 0x0000000085f00000, 0x0000000085e00000| Untracked 
|  95|0x0000000085f00000, 0x0000000086000000, 0x0000000086000000|100%|HS|  |TAMS 0x0000000086000000, 0x0000000085f00000| Complete 
|  96|0x0000000086000000, 0x0000000086100000, 0x0000000086100000|100%| O|  |TAMS 0x0000000086100000, 0x0000000086000000| Untracked 
|  97|0x0000000086100000, 0x0000000086200000, 0x0000000086200000|100%| O|  |TAMS 0x0000000086200000, 0x0000000086100000| Untracked 
|  98|0x0000000086200000, 0x0000000086300000, 0x0000000086300000|100%|HS|  |TAMS 0x0000000086300000, 0x0000000086200000| Complete 
|  99|0x0000000086300000, 0x0000000086400000, 0x0000000086400000|100%|HC|  |TAMS 0x0000000086400000, 0x0000000086300000| Complete 
| 100|0x0000000086400000, 0x0000000086500000, 0x0000000086500000|100%| O|  |TAMS 0x0000000086500000, 0x0000000086400000| Untracked 
| 101|0x0000000086500000, 0x0000000086600000, 0x0000000086600000|100%| O|  |TAMS 0x0000000086600000, 0x0000000086500000| Untracked 
| 102|0x0000000086600000, 0x0000000086700000, 0x0000000086700000|100%|HS|  |TAMS 0x0000000086700000, 0x0000000086600000| Complete 
| 103|0x0000000086700000, 0x0000000086800000, 0x0000000086800000|100%|HC|  |TAMS 0x0000000086800000, 0x0000000086700000| Complete 
| 104|0x0000000086800000, 0x0000000086900000, 0x0000000086900000|100%| O|  |TAMS 0x0000000086900000, 0x0000000086800000| Untracked 
| 105|0x0000000086900000, 0x0000000086a00000, 0x0000000086a00000|100%| O|  |TAMS 0x0000000086a00000, 0x0000000086900000| Untracked 
| 106|0x0000000086a00000, 0x0000000086b00000, 0x0000000086b00000|100%| O|  |TAMS 0x0000000086b00000, 0x0000000086a00000| Untracked 
| 107|0x0000000086b00000, 0x0000000086c00000, 0x0000000086c00000|100%|HS|  |TAMS 0x0000000086c00000, 0x0000000086b00000| Complete 
| 108|0x0000000086c00000, 0x0000000086d00000, 0x0000000086d00000|100%|HC|  |TAMS 0x0000000086d00000, 0x0000000086c00000| Complete 
| 109|0x0000000086d00000, 0x0000000086e00000, 0x0000000086e00000|100%|HC|  |TAMS 0x0000000086e00000, 0x0000000086d00000| Complete 
| 110|0x0000000086e00000, 0x0000000086e00000, 0x0000000086f00000|  0%| F|  |TAMS 0x0000000086e00000, 0x0000000086e00000| Untracked 
| 111|0x0000000086f00000, 0x0000000086f00000, 0x0000000087000000|  0%| F|  |TAMS 0x0000000086f00000, 0x0000000086f00000| Untracked 
| 112|0x0000000087000000, 0x0000000087000000, 0x0000000087100000|  0%| F|  |TAMS 0x0000000087000000, 0x0000000087000000| Untracked 
| 113|0x0000000087100000, 0x0000000087100000, 0x0000000087200000|  0%| F|  |TAMS 0x0000000087100000, 0x0000000087100000| Untracked 
| 114|0x0000000087200000, 0x0000000087200000, 0x0000000087300000|  0%| F|  |TAMS 0x0000000087200000, 0x0000000087200000| Untracked 
| 115|0x0000000087300000, 0x0000000087300000, 0x0000000087400000|  0%| F|  |TAMS 0x0000000087300000, 0x0000000087300000| Untracked 
| 116|0x0000000087400000, 0x0000000087400000, 0x0000000087500000|  0%| F|  |TAMS 0x0000000087400000, 0x0000000087400000| Untracked 
| 117|0x0000000087500000, 0x0000000087500000, 0x0000000087600000|  0%| F|  |TAMS 0x0000000087500000, 0x0000000087500000| Untracked 
| 118|0x0000000087600000, 0x0000000087700000, 0x0000000087700000|100%| O|  |TAMS 0x0000000087700000, 0x0000000087600000| Untracked 
| 119|0x0000000087700000, 0x0000000087800000, 0x0000000087800000|100%| O|  |TAMS 0x0000000087800000, 0x0000000087700000| Untracked 
| 120|0x0000000087800000, 0x0000000087900000, 0x0000000087900000|100%| O|  |TAMS 0x0000000087900000, 0x0000000087800000| Untracked 
| 121|0x0000000087900000, 0x0000000087a00000, 0x0000000087a00000|100%| O|  |TAMS 0x0000000087a00000, 0x0000000087900000| Untracked 
| 122|0x0000000087a00000, 0x0000000087b00000, 0x0000000087b00000|100%| O|  |TAMS 0x0000000087b00000, 0x0000000087a00000| Untracked 
| 123|0x0000000087b00000, 0x0000000087c00000, 0x0000000087c00000|100%| O|  |TAMS 0x0000000087c00000, 0x0000000087b00000| Untracked 
| 124|0x0000000087c00000, 0x0000000087d00000, 0x0000000087d00000|100%| O|  |TAMS 0x0000000087c85400, 0x0000000087c00000| Untracked 
| 125|0x0000000087d00000, 0x0000000087d00000, 0x0000000087e00000|  0%| F|  |TAMS 0x0000000087d00000, 0x0000000087d00000| Untracked 
| 126|0x0000000087e00000, 0x0000000087e00000, 0x0000000087f00000|  0%| F|  |TAMS 0x0000000087e00000, 0x0000000087e00000| Untracked 
| 127|0x0000000087f00000, 0x0000000087f00000, 0x0000000088000000|  0%| F|  |TAMS 0x0000000087f00000, 0x0000000087f00000| Untracked 
| 128|0x0000000088000000, 0x0000000088000000, 0x0000000088100000|  0%| F|  |TAMS 0x0000000088000000, 0x0000000088000000| Untracked 
| 129|0x0000000088100000, 0x0000000088100000, 0x0000000088200000|  0%| F|  |TAMS 0x0000000088100000, 0x0000000088100000| Untracked 
| 130|0x0000000088200000, 0x0000000088200000, 0x0000000088300000|  0%| F|  |TAMS 0x0000000088200000, 0x0000000088200000| Untracked 
| 131|0x0000000088300000, 0x0000000088300000, 0x0000000088400000|  0%| F|  |TAMS 0x0000000088300000, 0x0000000088300000| Untracked 
| 132|0x0000000088400000, 0x0000000088400000, 0x0000000088500000|  0%| F|  |TAMS 0x0000000088400000, 0x0000000088400000| Untracked 
| 133|0x0000000088500000, 0x0000000088500000, 0x0000000088600000|  0%| F|  |TAMS 0x0000000088500000, 0x0000000088500000| Untracked 
| 134|0x0000000088600000, 0x0000000088600000, 0x0000000088700000|  0%| F|  |TAMS 0x0000000088600000, 0x0000000088600000| Untracked 
| 135|0x0000000088700000, 0x0000000088700000, 0x0000000088800000|  0%| F|  |TAMS 0x0000000088700000, 0x0000000088700000| Untracked 
| 136|0x0000000088800000, 0x0000000088800000, 0x0000000088900000|  0%| F|  |TAMS 0x0000000088800000, 0x0000000088800000| Untracked 
| 137|0x0000000088900000, 0x0000000088900000, 0x0000000088a00000|  0%| F|  |TAMS 0x0000000088900000, 0x0000000088900000| Untracked 
| 138|0x0000000088a00000, 0x0000000088a00000, 0x0000000088b00000|  0%| F|  |TAMS 0x0000000088a00000, 0x0000000088a00000| Untracked 
| 139|0x0000000088b00000, 0x0000000088b00000, 0x0000000088c00000|  0%| F|  |TAMS 0x0000000088b00000, 0x0000000088b00000| Untracked 
| 140|0x0000000088c00000, 0x0000000088c00000, 0x0000000088d00000|  0%| F|  |TAMS 0x0000000088c00000, 0x0000000088c00000| Untracked 
| 141|0x0000000088d00000, 0x0000000088d00000, 0x0000000088e00000|  0%| F|  |TAMS 0x0000000088d00000, 0x0000000088d00000| Untracked 
| 142|0x0000000088e00000, 0x0000000088e00000, 0x0000000088f00000|  0%| F|  |TAMS 0x0000000088e00000, 0x0000000088e00000| Untracked 
| 143|0x0000000088f00000, 0x0000000088f00000, 0x0000000089000000|  0%| F|  |TAMS 0x0000000088f00000, 0x0000000088f00000| Untracked 
| 144|0x0000000089000000, 0x0000000089000000, 0x0000000089100000|  0%| F|  |TAMS 0x0000000089000000, 0x0000000089000000| Untracked 
| 145|0x0000000089100000, 0x0000000089100000, 0x0000000089200000|  0%| F|  |TAMS 0x0000000089100000, 0x0000000089100000| Untracked 
| 146|0x0000000089200000, 0x0000000089200000, 0x0000000089300000|  0%| F|  |TAMS 0x0000000089200000, 0x0000000089200000| Untracked 
| 147|0x0000000089300000, 0x0000000089300000, 0x0000000089400000|  0%| F|  |TAMS 0x0000000089300000, 0x0000000089300000| Untracked 
| 148|0x0000000089400000, 0x0000000089400000, 0x0000000089500000|  0%| F|  |TAMS 0x0000000089400000, 0x0000000089400000| Untracked 
| 149|0x0000000089500000, 0x0000000089500000, 0x0000000089600000|  0%| F|  |TAMS 0x0000000089500000, 0x0000000089500000| Untracked 
| 150|0x0000000089600000, 0x0000000089600000, 0x0000000089700000|  0%| F|  |TAMS 0x0000000089600000, 0x0000000089600000| Untracked 
| 151|0x0000000089700000, 0x0000000089700000, 0x0000000089800000|  0%| F|  |TAMS 0x0000000089700000, 0x0000000089700000| Untracked 
| 152|0x0000000089800000, 0x0000000089800000, 0x0000000089900000|  0%| F|  |TAMS 0x0000000089800000, 0x0000000089800000| Untracked 
| 153|0x0000000089900000, 0x0000000089900000, 0x0000000089a00000|  0%| F|  |TAMS 0x0000000089900000, 0x0000000089900000| Untracked 
| 154|0x0000000089a00000, 0x0000000089a00000, 0x0000000089b00000|  0%| F|  |TAMS 0x0000000089a00000, 0x0000000089a00000| Untracked 
| 155|0x0000000089b00000, 0x0000000089b00000, 0x0000000089c00000|  0%| F|  |TAMS 0x0000000089b00000, 0x0000000089b00000| Untracked 
| 156|0x0000000089c00000, 0x0000000089c00000, 0x0000000089d00000|  0%| F|  |TAMS 0x0000000089c00000, 0x0000000089c00000| Untracked 
| 157|0x0000000089d00000, 0x0000000089d00000, 0x0000000089e00000|  0%| F|  |TAMS 0x0000000089d00000, 0x0000000089d00000| Untracked 
| 158|0x0000000089e00000, 0x0000000089e00000, 0x0000000089f00000|  0%| F|  |TAMS 0x0000000089e00000, 0x0000000089e00000| Untracked 
| 159|0x0000000089f00000, 0x0000000089f00000, 0x000000008a000000|  0%| F|  |TAMS 0x0000000089f00000, 0x0000000089f00000| Untracked 
| 160|0x000000008a000000, 0x000000008a000000, 0x000000008a100000|  0%| F|  |TAMS 0x000000008a000000, 0x000000008a000000| Untracked 
| 161|0x000000008a100000, 0x000000008a100000, 0x000000008a200000|  0%| F|  |TAMS 0x000000008a100000, 0x000000008a100000| Untracked 
| 162|0x000000008a200000, 0x000000008a200000, 0x000000008a300000|  0%| F|  |TAMS 0x000000008a200000, 0x000000008a200000| Untracked 
| 163|0x000000008a300000, 0x000000008a300000, 0x000000008a400000|  0%| F|  |TAMS 0x000000008a300000, 0x000000008a300000| Untracked 
| 164|0x000000008a400000, 0x000000008a400000, 0x000000008a500000|  0%| F|  |TAMS 0x000000008a400000, 0x000000008a400000| Untracked 
| 165|0x000000008a500000, 0x000000008a500000, 0x000000008a600000|  0%| F|  |TAMS 0x000000008a500000, 0x000000008a500000| Untracked 
| 166|0x000000008a600000, 0x000000008a600000, 0x000000008a700000|  0%| F|  |TAMS 0x000000008a600000, 0x000000008a600000| Untracked 
| 167|0x000000008a700000, 0x000000008a700000, 0x000000008a800000|  0%| F|  |TAMS 0x000000008a700000, 0x000000008a700000| Untracked 
| 168|0x000000008a800000, 0x000000008a800000, 0x000000008a900000|  0%| F|  |TAMS 0x000000008a800000, 0x000000008a800000| Untracked 
| 169|0x000000008a900000, 0x000000008a900000, 0x000000008aa00000|  0%| F|  |TAMS 0x000000008a900000, 0x000000008a900000| Untracked 
| 170|0x000000008aa00000, 0x000000008aa00000, 0x000000008ab00000|  0%| F|  |TAMS 0x000000008aa00000, 0x000000008aa00000| Untracked 
| 171|0x000000008ab00000, 0x000000008ab00000, 0x000000008ac00000|  0%| F|  |TAMS 0x000000008ab00000, 0x000000008ab00000| Untracked 
| 172|0x000000008ac00000, 0x000000008ac00000, 0x000000008ad00000|  0%| F|  |TAMS 0x000000008ac00000, 0x000000008ac00000| Untracked 
| 173|0x000000008ad00000, 0x000000008ad00000, 0x000000008ae00000|  0%| F|  |TAMS 0x000000008ad00000, 0x000000008ad00000| Untracked 
| 174|0x000000008ae00000, 0x000000008ae00000, 0x000000008af00000|  0%| F|  |TAMS 0x000000008ae00000, 0x000000008ae00000| Untracked 
| 175|0x000000008af00000, 0x000000008af00000, 0x000000008b000000|  0%| F|  |TAMS 0x000000008af00000, 0x000000008af00000| Untracked 
| 176|0x000000008b000000, 0x000000008b000000, 0x000000008b100000|  0%| F|  |TAMS 0x000000008b000000, 0x000000008b000000| Untracked 
| 177|0x000000008b100000, 0x000000008b100000, 0x000000008b200000|  0%| F|  |TAMS 0x000000008b100000, 0x000000008b100000| Untracked 
| 178|0x000000008b200000, 0x000000008b200000, 0x000000008b300000|  0%| F|  |TAMS 0x000000008b200000, 0x000000008b200000| Untracked 
| 179|0x000000008b300000, 0x000000008b300000, 0x000000008b400000|  0%| F|  |TAMS 0x000000008b300000, 0x000000008b300000| Untracked 
| 180|0x000000008b400000, 0x000000008b400000, 0x000000008b500000|  0%| F|  |TAMS 0x000000008b400000, 0x000000008b400000| Untracked 
| 181|0x000000008b500000, 0x000000008b500000, 0x000000008b600000|  0%| F|  |TAMS 0x000000008b500000, 0x000000008b500000| Untracked 
| 182|0x000000008b600000, 0x000000008b600000, 0x000000008b700000|  0%| F|  |TAMS 0x000000008b600000, 0x000000008b600000| Untracked 
| 183|0x000000008b700000, 0x000000008b700000, 0x000000008b800000|  0%| F|  |TAMS 0x000000008b700000, 0x000000008b700000| Untracked 
| 184|0x000000008b800000, 0x000000008b800000, 0x000000008b900000|  0%| F|  |TAMS 0x000000008b800000, 0x000000008b800000| Untracked 
| 185|0x000000008b900000, 0x000000008ba00000, 0x000000008ba00000|100%| S|CS|TAMS 0x000000008b900000, 0x000000008b900000| Complete 
| 186|0x000000008ba00000, 0x000000008bb00000, 0x000000008bb00000|100%| S|CS|TAMS 0x000000008ba00000, 0x000000008ba00000| Complete 
| 187|0x000000008bb00000, 0x000000008bc00000, 0x000000008bc00000|100%| S|CS|TAMS 0x000000008bb00000, 0x000000008bb00000| Complete 
| 188|0x000000008bc00000, 0x000000008bd00000, 0x000000008bd00000|100%| S|CS|TAMS 0x000000008bc00000, 0x000000008bc00000| Complete 
| 189|0x000000008bd00000, 0x000000008be00000, 0x000000008be00000|100%| S|CS|TAMS 0x000000008bd00000, 0x000000008bd00000| Complete 
| 190|0x000000008be00000, 0x000000008be00000, 0x000000008bf00000|  0%| F|  |TAMS 0x000000008be00000, 0x000000008be00000| Untracked 
| 191|0x000000008bf00000, 0x000000008bf00000, 0x000000008c000000|  0%| F|  |TAMS 0x000000008bf00000, 0x000000008bf00000| Untracked 
| 192|0x000000008c000000, 0x000000008c000000, 0x000000008c100000|  0%| F|  |TAMS 0x000000008c000000, 0x000000008c000000| Untracked 
| 193|0x000000008c100000, 0x000000008c100000, 0x000000008c200000|  0%| F|  |TAMS 0x000000008c100000, 0x000000008c100000| Untracked 
| 194|0x000000008c200000, 0x000000008c200000, 0x000000008c300000|  0%| F|  |TAMS 0x000000008c200000, 0x000000008c200000| Untracked 
| 195|0x000000008c300000, 0x000000008c300000, 0x000000008c400000|  0%| F|  |TAMS 0x000000008c300000, 0x000000008c300000| Untracked 
| 196|0x000000008c400000, 0x000000008c400000, 0x000000008c500000|  0%| F|  |TAMS 0x000000008c400000, 0x000000008c400000| Untracked 
| 197|0x000000008c500000, 0x000000008c500000, 0x000000008c600000|  0%| F|  |TAMS 0x000000008c500000, 0x000000008c500000| Untracked 
| 198|0x000000008c600000, 0x000000008c600000, 0x000000008c700000|  0%| F|  |TAMS 0x000000008c600000, 0x000000008c600000| Untracked 
| 199|0x000000008c700000, 0x000000008c700000, 0x000000008c800000|  0%| F|  |TAMS 0x000000008c700000, 0x000000008c700000| Untracked 
| 200|0x000000008c800000, 0x000000008c800000, 0x000000008c900000|  0%| F|  |TAMS 0x000000008c800000, 0x000000008c800000| Untracked 
| 201|0x000000008c900000, 0x000000008c900000, 0x000000008ca00000|  0%| F|  |TAMS 0x000000008c900000, 0x000000008c900000| Untracked 
| 202|0x000000008ca00000, 0x000000008ca00000, 0x000000008cb00000|  0%| F|  |TAMS 0x000000008ca00000, 0x000000008ca00000| Untracked 
| 203|0x000000008cb00000, 0x000000008cb00000, 0x000000008cc00000|  0%| F|  |TAMS 0x000000008cb00000, 0x000000008cb00000| Untracked 
| 204|0x000000008cc00000, 0x000000008cc00000, 0x000000008cd00000|  0%| F|  |TAMS 0x000000008cc00000, 0x000000008cc00000| Untracked 
| 205|0x000000008cd00000, 0x000000008cd00000, 0x000000008ce00000|  0%| F|  |TAMS 0x000000008cd00000, 0x000000008cd00000| Untracked 
| 206|0x000000008ce00000, 0x000000008ce00000, 0x000000008cf00000|  0%| F|  |TAMS 0x000000008ce00000, 0x000000008ce00000| Untracked 
|2043|0x00000000ffb00000, 0x00000000ffc00000, 0x00000000ffc00000|100%| O|  |TAMS 0x00000000ffc00000, 0x00000000ffb00000| Untracked 
|2044|0x00000000ffc00000, 0x00000000ffd00000, 0x00000000ffd00000|100%| O|  |TAMS 0x00000000ffd00000, 0x00000000ffc00000| Untracked 
|2045|0x00000000ffd00000, 0x00000000ffe00000, 0x00000000ffe00000|100%| O|  |TAMS 0x00000000ffe00000, 0x00000000ffd00000| Untracked 
|2046|0x00000000ffe00000, 0x00000000fff00000, 0x00000000fff00000|100%| O|  |TAMS 0x00000000fff00000, 0x00000000ffe00000| Untracked 
|2047|0x00000000fff00000, 0x0000000100000000, 0x0000000100000000|100%| O|  |TAMS 0x0000000100000000, 0x00000000fff00000| Untracked 

Card table byte_map: [0x000001dddfaf0000,0x000001dddfef0000] _byte_map_base: 0x000001dddf6f0000

Marking Bits (Prev, Next): (CMBitMap*) 0x000001ddc7e8e0b0, (CMBitMap*) 0x000001ddc7e8e070
 Prev Bits: [0x000001dde22f0000, 0x000001dde42f0000)
 Next Bits: [0x000001dde02f0000, 0x000001dde22f0000)

Polling page: 0x000001ddc5e60000

Metaspace:

Usage:
  Non-class:     73.37 MB capacity,    72.61 MB ( 99%) used,   650.85 KB ( <1%) free+waste,   121.69 KB ( <1%) overhead. 
      Class:     11.41 MB capacity,    11.08 MB ( 97%) used,   287.80 KB (  2%) free+waste,    48.31 KB ( <1%) overhead. 
       Both:     84.77 MB capacity,    83.69 MB ( 99%) used,   938.66 KB (  1%) free+waste,   170.00 KB ( <1%) overhead. 

Virtual space:
  Non-class space:       74.00 MB reserved,      73.58 MB (>99%) committed 
      Class space:        1.00 GB reserved,      11.45 MB (  1%) committed 
             Both:        1.07 GB reserved,      85.03 MB (  8%) committed 

Chunk freelists:
   Non-Class:  26.00 KB
       Class:  31.00 KB
        Both:  57.00 KB

MaxMetaspaceSize: 17179869184.00 GB
CompressedClassSpaceSize: 1.00 GB

CodeHeap 'non-profiled nmethods': size=120000Kb used=4814Kb max_used=4814Kb free=115185Kb
 bounds [0x000001ddd7e80000, 0x000001ddd8340000, 0x000001dddf3b0000]
CodeHeap 'profiled nmethods': size=120000Kb used=20804Kb max_used=20804Kb free=99195Kb
 bounds [0x000001ddd0950000, 0x000001ddd1db0000, 0x000001ddd7e80000]
CodeHeap 'non-nmethods': size=5760Kb used=2423Kb max_used=2439Kb free=3336Kb
 bounds [0x000001ddd03b0000, 0x000001ddd0620000, 0x000001ddd0950000]
 total_blobs=11651 nmethods=10731 adapters=832
 compilation: enabled
              stopped_count=0, restarted_count=0
 full_count=0

Compilation events (20 events):
Event: 26.874 Thread 0x000001dde6d0f5e0 nmethod 11791 0x000001ddd1d89c90 code [0x000001ddd1d89e60, 0x000001ddd1d8a0c8]
Event: 26.874 Thread 0x000001dde6d0f5e0 11783       2       com.android.tools.r8.dex.j::b (36 bytes)
Event: 26.875 Thread 0x000001dde6d0f5e0 nmethod 11783 0x000001ddd1d8a290 code [0x000001ddd1d8a440, 0x000001ddd1d8a678]
Event: 26.875 Thread 0x000001dde6d0f5e0 11801       2       com.android.tools.r8.graph.Q$$Lambda$1195/0x00000008016b2660::apply (11 bytes)
Event: 26.875 Thread 0x000001dde6d0f5e0 nmethod 11801 0x000001ddd1d8a810 code [0x000001ddd1d8a9a0, 0x000001ddd1d8aad8]
Event: 26.875 Thread 0x000001dde6d0f5e0 11788       2       com.android.tools.r8.internal.Yu::a (33 bytes)
Event: 26.875 Thread 0x000001dde6d0f5e0 nmethod 11788 0x000001ddd1d8ab90 code [0x000001ddd1d8ad20, 0x000001ddd1d8ae38]
Event: 26.875 Thread 0x000001dde6d0f5e0 11784       2       com.android.tools.r8.dex.j$$Lambda$1146/0x000000080164cd48::<init> (10 bytes)
Event: 26.876 Thread 0x000001dde6d0f5e0 nmethod 11784 0x000001ddd1d8af10 code [0x000001ddd1d8b0a0, 0x000001ddd1d8b1d8]
Event: 26.876 Thread 0x000001dde6d0f5e0 11782       2       com.android.tools.r8.graph.e0::a (11 bytes)
Event: 26.876 Thread 0x000001dde6d0f5e0 nmethod 11782 0x000001ddd1d8b290 code [0x000001ddd1d8b460, 0x000001ddd1d8b6b8]
Event: 26.876 Thread 0x000001dde6d0f5e0 11770       2       com.android.tools.r8.code.F0::hashCode (20 bytes)
Event: 26.876 Thread 0x000001dde6d0f5e0 nmethod 11770 0x000001ddd1d8b890 code [0x000001ddd1d8ba20, 0x000001ddd1d8bb68]
Event: 26.876 Thread 0x000001dde6d0f5e0 11802       2       com.android.tools.r8.code.F0::<init> (26 bytes)
Event: 26.877 Thread 0x000001dde6d0f5e0 nmethod 11802 0x000001ddd1d8bc10 code [0x000001ddd1d8bda0, 0x000001ddd1d8bf18]
Event: 26.877 Thread 0x000001dde6d0f5e0 11785       2       com.android.tools.r8.dex.j$$Lambda$1159/0x000000080164f438::get (4 bytes)
Event: 26.877 Thread 0x000001dde6d0f5e0 nmethod 11785 0x000001ddd1d8c010 code [0x000001ddd1d8c1a0, 0x000001ddd1d8c298]
Event: 26.877 Thread 0x000001dde6d0f5e0 11814       3       com.android.tools.r8.dex.j::a (1038 bytes)
Event: 26.885 Thread 0x000001dde6d0f5e0 nmethod 11814 0x000001ddd1d8c310 code [0x000001ddd1d8cc60, 0x000001ddd1d93348]
Event: 26.885 Thread 0x000001dde6d0f5e0 11819 %     3       com.android.tools.r8.dex.j::e @ 90 (654 bytes)

GC Heap History (20 events):
Event: 21.448 GC heap after
{Heap after GC invocations=33 (full 0):
 garbage-first heap   total 119808K, used 80772K [0x0000000080000000, 0x0000000100000000)
  region size 1024K, 5 young (5120K), 5 survivors (5120K)
 Metaspace       used 71917K, capacity 72910K, committed 73244K, reserved 1112064K
  class space    used 9494K, capacity 9800K, committed 9932K, reserved 1048576K
}
Event: 21.652 GC heap before
{Heap before GC invocations=33 (full 0):
 garbage-first heap   total 119808K, used 94084K [0x0000000080000000, 0x0000000100000000)
  region size 1024K, 19 young (19456K), 5 survivors (5120K)
 Metaspace       used 72128K, capacity 73134K, committed 73500K, reserved 1114112K
  class space    used 9513K, capacity 9832K, committed 9932K, reserved 1048576K
}
Event: 21.662 GC heap after
{Heap after GC invocations=34 (full 0):
 garbage-first heap   total 144384K, used 89262K [0x0000000080000000, 0x0000000100000000)
  region size 1024K, 3 young (3072K), 3 survivors (3072K)
 Metaspace       used 72128K, capacity 73134K, committed 73500K, reserved 1114112K
  class space    used 9513K, capacity 9832K, committed 9932K, reserved 1048576K
}
Event: 22.056 GC heap before
{Heap before GC invocations=35 (full 0):
 garbage-first heap   total 183296K, used 127150K [0x0000000080000000, 0x0000000100000000)
  region size 1024K, 24 young (24576K), 3 survivors (3072K)
 Metaspace       used 74710K, capacity 75832K, committed 76060K, reserved 1116160K
  class space    used 9780K, capacity 10127K, committed 10188K, reserved 1048576K
}
Event: 22.061 GC heap after
{Heap after GC invocations=36 (full 0):
 garbage-first heap   total 183296K, used 90356K [0x0000000080000000, 0x0000000100000000)
  region size 1024K, 2 young (2048K), 2 survivors (2048K)
 Metaspace       used 74710K, capacity 75832K, committed 76060K, reserved 1116160K
  class space    used 9780K, capacity 10127K, committed 10188K, reserved 1048576K
}
Event: 23.300 GC heap before
{Heap before GC invocations=36 (full 0):
 garbage-first heap   total 183296K, used 135412K [0x0000000080000000, 0x0000000100000000)
  region size 1024K, 47 young (48128K), 2 survivors (2048K)
 Metaspace       used 79070K, capacity 80142K, committed 80412K, reserved 1120256K
  class space    used 10328K, capacity 10681K, committed 10700K, reserved 1048576K
}
Event: 23.306 GC heap after
{Heap after GC invocations=37 (full 0):
 garbage-first heap   total 183296K, used 93335K [0x0000000080000000, 0x0000000100000000)
  region size 1024K, 4 young (4096K), 4 survivors (4096K)
 Metaspace       used 79070K, capacity 80142K, committed 80412K, reserved 1120256K
  class space    used 10328K, capacity 10681K, committed 10700K, reserved 1048576K
}
Event: 24.662 GC heap before
{Heap before GC invocations=38 (full 0):
 garbage-first heap   total 183296K, used 139415K [0x0000000080000000, 0x0000000100000000)
  region size 1024K, 50 young (51200K), 4 survivors (4096K)
 Metaspace       used 79392K, capacity 80465K, committed 80668K, reserved 1120256K
  class space    used 10344K, capacity 10682K, committed 10700K, reserved 1048576K
}
Event: 24.669 GC heap after
{Heap after GC invocations=39 (full 0):
 garbage-first heap   total 183296K, used 96163K [0x0000000080000000, 0x0000000100000000)
  region size 1024K, 6 young (6144K), 6 survivors (6144K)
 Metaspace       used 79392K, capacity 80465K, committed 80668K, reserved 1120256K
  class space    used 10344K, capacity 10682K, committed 10700K, reserved 1048576K
}
Event: 24.683 GC heap before
{Heap before GC invocations=39 (full 0):
 garbage-first heap   total 183296K, used 98211K [0x0000000080000000, 0x0000000100000000)
  region size 1024K, 8 young (8192K), 6 survivors (6144K)
 Metaspace       used 79402K, capacity 80465K, committed 80668K, reserved 1120256K
  class space    used 10344K, capacity 10682K, committed 10700K, reserved 1048576K
}
Event: 24.690 GC heap after
{Heap after GC invocations=40 (full 0):
 garbage-first heap   total 183296K, used 82773K [0x0000000080000000, 0x0000000100000000)
  region size 1024K, 1 young (1024K), 1 survivors (1024K)
 Metaspace       used 79402K, capacity 80465K, committed 80668K, reserved 1120256K
  class space    used 10344K, capacity 10682K, committed 10700K, reserved 1048576K
}
Event: 25.012 GC heap before
{Heap before GC invocations=40 (full 0):
 garbage-first heap   total 183296K, used 114517K [0x0000000080000000, 0x0000000100000000)
  region size 1024K, 34 young (34816K), 1 survivors (1024K)
 Metaspace       used 79823K, capacity 80924K, committed 81180K, reserved 1120256K
  class space    used 10378K, capacity 10695K, committed 10700K, reserved 1048576K
}
Event: 25.016 GC heap after
{Heap after GC invocations=41 (full 0):
 garbage-first heap   total 183296K, used 83403K [0x0000000080000000, 0x0000000100000000)
  region size 1024K, 2 young (2048K), 2 survivors (2048K)
 Metaspace       used 79823K, capacity 80924K, committed 81180K, reserved 1120256K
  class space    used 10378K, capacity 10695K, committed 10700K, reserved 1048576K
}
Event: 26.302 GC heap before
{Heap before GC invocations=42 (full 0):
 garbage-first heap   total 183296K, used 173515K [0x0000000080000000, 0x0000000100000000)
  region size 1024K, 61 young (62464K), 2 survivors (2048K)
 Metaspace       used 83503K, capacity 84660K, committed 84764K, reserved 1122304K
  class space    used 10852K, capacity 11200K, committed 11212K, reserved 1048576K
}
Event: 26.311 GC heap after
{Heap after GC invocations=43 (full 0):
 garbage-first heap   total 188416K, used 114577K [0x0000000080000000, 0x0000000100000000)
  region size 1024K, 8 young (8192K), 8 survivors (8192K)
 Metaspace       used 83503K, capacity 84660K, committed 84764K, reserved 1122304K
  class space    used 10852K, capacity 11200K, committed 11212K, reserved 1048576K
}
Event: 26.329 GC heap before
{Heap before GC invocations=43 (full 0):
 garbage-first heap   total 188416K, used 115601K [0x0000000080000000, 0x0000000100000000)
  region size 1024K, 9 young (9216K), 8 survivors (8192K)
 Metaspace       used 83525K, capacity 84724K, committed 84764K, reserved 1122304K
  class space    used 10853K, capacity 11200K, committed 11212K, reserved 1048576K
}
Event: 26.344 GC heap after
{Heap after GC invocations=44 (full 0):
 garbage-first heap   total 188416K, used 105812K [0x0000000080000000, 0x0000000100000000)
  region size 1024K, 1 young (1024K), 1 survivors (1024K)
 Metaspace       used 83525K, capacity 84724K, committed 84764K, reserved 1122304K
  class space    used 10853K, capacity 11200K, committed 11212K, reserved 1048576K
}
Event: 26.558 GC heap before
{Heap before GC invocations=44 (full 0):
 garbage-first heap   total 188416K, used 131412K [0x0000000080000000, 0x0000000100000000)
  region size 1024K, 28 young (28672K), 1 survivors (1024K)
 Metaspace       used 83555K, capacity 84724K, committed 84764K, reserved 1122304K
  class space    used 10855K, capacity 11200K, committed 11212K, reserved 1048576K
}
Event: 26.576 GC heap after
{Heap after GC invocations=45 (full 0):
 garbage-first heap   total 188416K, used 116973K [0x0000000080000000, 0x0000000100000000)
  region size 1024K, 6 young (6144K), 6 survivors (6144K)
 Metaspace       used 83555K, capacity 84724K, committed 84764K, reserved 1122304K
  class space    used 10855K, capacity 11200K, committed 11212K, reserved 1048576K
}
Event: 26.892 GC heap before
{Heap before GC invocations=46 (full 0):
 garbage-first heap   total 217088K, used 145645K [0x0000000080000000, 0x0000000100000000)
  region size 1024K, 33 young (33792K), 6 survivors (6144K)
 Metaspace       used 85698K, capacity 86807K, committed 87068K, reserved 1124352K
  class space    used 11344K, capacity 11681K, committed 11724K, reserved 1048576K
}

Deoptimization events (20 events):
Event: 26.713 Thread 0x000001ddea6aabc0 Uncommon trap: trap_request=0xffffffde fr.pc=0x000001ddd8325744 relative=0x0000000000000ae4
Event: 26.713 Thread 0x000001ddea6aabc0 Uncommon trap: reason=class_check action=maybe_recompile pc=0x000001ddd8325744 method=com.android.tools.r8.dex.j.a(ILjava/util/function/Supplier;)Ljava/lang/Object; @ 33 c2
Event: 26.713 Thread 0x000001ddea6aabc0 DEOPT PACKING pc=0x000001ddd8325744 sp=0x0000009ebd8feaa0
Event: 26.713 Thread 0x000001ddea6aabc0 DEOPT UNPACKING pc=0x000001ddd03fe42f sp=0x0000009ebd8feaa0 mode 2
Event: 26.713 Thread 0x000001dde97c43b0 Uncommon trap: trap_request=0xffffffde fr.pc=0x000001ddd8325744 relative=0x0000000000000ae4
Event: 26.713 Thread 0x000001ddea6aabc0 Uncommon trap: trap_request=0xffffffde fr.pc=0x000001ddd8325744 relative=0x0000000000000ae4
Event: 26.713 Thread 0x000001dde97c43b0 Uncommon trap: reason=class_check action=maybe_recompile pc=0x000001ddd8325744 method=com.android.tools.r8.dex.j.a(ILjava/util/function/Supplier;)Ljava/lang/Object; @ 33 c2
Event: 26.713 Thread 0x000001ddea6aabc0 Uncommon trap: reason=class_check action=maybe_recompile pc=0x000001ddd8325744 method=com.android.tools.r8.dex.j.a(ILjava/util/function/Supplier;)Ljava/lang/Object; @ 33 c2
Event: 26.713 Thread 0x000001ddea6aabc0 DEOPT PACKING pc=0x000001ddd8325744 sp=0x0000009ebd8fe870
Event: 26.713 Thread 0x000001dde97c43b0 DEOPT PACKING pc=0x000001ddd8325744 sp=0x0000009ebd6febd0
Event: 26.713 Thread 0x000001ddea6aabc0 DEOPT UNPACKING pc=0x000001ddd03fe42f sp=0x0000009ebd8fe870 mode 2
Event: 26.713 Thread 0x000001dde97c43b0 DEOPT UNPACKING pc=0x000001ddd03fe42f sp=0x0000009ebd6febd0 mode 2
Event: 26.877 Thread 0x000001dde981c3d0 DEOPT PACKING pc=0x000001ddd1d733e8 sp=0x0000009ebd5fe6e0
Event: 26.877 Thread 0x000001dde981c3d0 DEOPT UNPACKING pc=0x000001ddd03fe23f sp=0x0000009ebd5fdca8 mode 0
Event: 26.882 Thread 0x000001dde7875400 DEOPT PACKING pc=0x000001ddd1d733e8 sp=0x0000009ebd9fe960
Event: 26.883 Thread 0x000001dde7875400 DEOPT UNPACKING pc=0x000001ddd03fe23f sp=0x0000009ebd9fdf28 mode 0
Event: 26.888 Thread 0x000001ddea6aabc0 DEOPT PACKING pc=0x000001ddd1d9257d sp=0x0000009ebd8fe950
Event: 26.888 Thread 0x000001ddea6aabc0 DEOPT UNPACKING pc=0x000001ddd03fe23f sp=0x0000009ebd8fdf28 mode 0
Event: 26.891 Thread 0x000001dde78740c0 DEOPT PACKING pc=0x000001ddd1d9257d sp=0x0000009ebd7fee20
Event: 26.891 Thread 0x000001dde78740c0 DEOPT UNPACKING pc=0x000001ddd03fe23f sp=0x0000009ebd7fe3f8 mode 0

Classes unloaded (6 events):
Event: 21.117 Thread 0x000001dde6ce3970 Unloading class 0x000000080149d840 'java/lang/invoke/LambdaForm$DMH+0x000000080149d840'
Event: 21.117 Thread 0x000001dde6ce3970 Unloading class 0x000000080149e440 'java/lang/invoke/LambdaForm$DMH+0x000000080149e440'
Event: 21.117 Thread 0x000001dde6ce3970 Unloading class 0x000000080149e040 'java/lang/invoke/LambdaForm$DMH+0x000000080149e040'
Event: 21.117 Thread 0x000001dde6ce3970 Unloading class 0x000000080149e840 'java/lang/invoke/LambdaForm$DMH+0x000000080149e840'
Event: 21.117 Thread 0x000001dde6ce3970 Unloading class 0x000000080149f440 'java/lang/invoke/LambdaForm$DMH+0x000000080149f440'
Event: 21.117 Thread 0x000001dde6ce3970 Unloading class 0x000000080149f040 'java/lang/invoke/LambdaForm$DMH+0x000000080149f040'

Classes redefined (0 events):
No events

Internal exceptions (20 events):
Event: 25.610 Thread 0x000001dde981b090 Exception <a 'java/lang/NoSuchMethodError'{0x0000000088b0f468}: 'java.lang.Object java.lang.invoke.DirectMethodHandle$Holder.newInvokeSpecial(java.lang.Object, long)'> (0x0000000088b0f468) 
thrown [./src/hotspot/share/interpreter/linkResolver.cpp, line 782]
Event: 25.612 Thread 0x000001dde981b090 Exception <a 'java/lang/NoSuchMethodError'{0x0000000088b20d98}: 'java.lang.Object java.lang.invoke.DirectMethodHandle$Holder.invokeStatic(java.lang.Object, java.lang.Object, long, java.lang.Object)'> (0x0000000088b20d98) 
thrown [./src/hotspot/share/interpreter/linkResolver.cpp, line 782]
Event: 25.612 Thread 0x000001dde981b090 Exception <a 'java/lang/NoSuchMethodError'{0x0000000088b24ce0}: 'java.lang.Object java.lang.invoke.DirectMethodHandle$Holder.invokeStaticInit(java.lang.Object, java.lang.Object, long, java.lang.Object)'> (0x0000000088b24ce0) 
thrown [./src/hotspot/share/interpreter/linkResolver.cpp, line 782]
Event: 25.613 Thread 0x000001dde981b090 Exception <a 'java/lang/NoSuchMethodError'{0x0000000088b2bc68}: 'java.lang.Object java.lang.invoke.DirectMethodHandle$Holder.newInvokeSpecial(java.lang.Object, java.lang.Object, long)'> (0x0000000088b2bc68) 
thrown [./src/hotspot/share/interpreter/linkResolver.cpp, line 782]
Event: 25.613 Thread 0x000001dde981b090 Exception <a 'java/lang/NoSuchMethodError'{0x0000000088b2fed8}: 'java.lang.Object java.lang.invoke.Invokers$Holder.linkToTargetMethod(java.lang.Object, long, java.lang.Object)'> (0x0000000088b2fed8) 
thrown [./src/hotspot/share/interpreter/linkResolver.cpp, line 782]
Event: 25.818 Thread 0x000001dde981b090 Exception <a 'java/lang/NoSuchMethodError'{0x0000000088ab4960}: 'int java.lang.invoke.DirectMethodHandle$Holder.invokeSpecialIFC(java.lang.Object, java.lang.Object, java.lang.Object)'> (0x0000000088ab4960) 
thrown [./src/hotspot/share/interpreter/linkResolver.cpp, line 782]
Event: 25.918 Thread 0x000001dde981b560 Exception <a 'sun/nio/fs/WindowsException'{0x00000000887312d8}> (0x00000000887312d8) 
thrown [./src/hotspot/share/prims/jni.cpp, line 578]
Event: 26.212 Thread 0x000001dde981b560 Exception <a 'java/lang/NoSuchMethodError'{0x00000000881d6fe8}: 'java.lang.Object java.lang.invoke.DirectMethodHandle$Holder.invokeStatic(java.lang.Object, java.lang.Object, java.lang.Object, java.lang.Object, java.lang.Object, java.lang.Object, java.lang.Object, java.lang.Object, java.lang.Object, java.lang.Object, java.lang.Object, java.lang.Object, java.lang.Object, java.lang.Object, java.lang.Object, java.lang.Object, java.lang.Object, java.lang.Object, int, java.lang.Object)'> (0x00000000881d6fe8) 
th
Event: 26.213 Thread 0x000001dde981b560 Exception <a 'java/lang/NoSuchMethodError'{0x00000000881dcb08}: 'java.lang.Object java.lang.invoke.DirectMethodHandle$Holder.invokeStaticInit(java.lang.Object, java.lang.Object, java.lang.Object, java.lang.Object, java.lang.Object, java.lang.Object, java.lang.Object, java.lang.Object, java.lang.Object, java.lang.Object, java.lang.Object, java.lang.Object, java.lang.Object, java.lang.Object, java.lang.Object, java.lang.Object, java.lang.Object, java.lang.Object, int, java.lang.Object)'> (0x00000000881dcb08)
Event: 26.692 Thread 0x000001dde78740c0 Exception <a 'java/lang/IncompatibleClassChangeError'{0x000000008ccc3b40}: Found class java.lang.Object, but interface was expected> (0x000000008ccc3b40) 
thrown [./src/hotspot/share/interpreter/linkResolver.cpp, line 848]
Event: 26.715 Thread 0x000001ddea6ab090 Exception <a 'java/lang/NoSuchMethodError'{0x000000008ca0aea0}: 'long java.lang.invoke.DirectMethodHandle$Holder.invokeStatic(java.lang.Object, java.lang.Object, java.lang.Object)'> (0x000000008ca0aea0) 
thrown [./src/hotspot/share/interpreter/linkResolver.cpp, line 782]
Event: 26.784 Thread 0x000001ddea66b4a0 Exception <a 'java/lang/IncompatibleClassChangeError'{0x000000008c74aaf0}: Found class java.lang.Object, but interface was expected> (0x000000008c74aaf0) 
thrown [./src/hotspot/share/interpreter/linkResolver.cpp, line 848]
Event: 26.784 Thread 0x000001dde7875400 Exception <a 'java/lang/IncompatibleClassChangeError'{0x000000008ca08e80}: Found class java.lang.Object, but interface was expected> (0x000000008ca08e80) 
thrown [./src/hotspot/share/interpreter/linkResolver.cpp, line 848]
Event: 26.784 Thread 0x000001dde981c3d0 Exception <a 'java/lang/IncompatibleClassChangeError'{0x000000008c7423b0}: Found class java.lang.Object, but interface was expected> (0x000000008c7423b0) 
thrown [./src/hotspot/share/interpreter/linkResolver.cpp, line 848]
Event: 26.784 Thread 0x000001dde981bf00 Exception <a 'java/lang/IncompatibleClassChangeError'{0x000000008c732688}: Found class java.lang.Object, but interface was expected> (0x000000008c732688) 
thrown [./src/hotspot/share/interpreter/linkResolver.cpp, line 848]
Event: 26.784 Thread 0x000001dde97c43b0 Exception <a 'java/lang/IncompatibleClassChangeError'{0x000000008ca265f0}: Found class java.lang.Object, but interface was expected> (0x000000008ca265f0) 
thrown [./src/hotspot/share/interpreter/linkResolver.cpp, line 848]
Event: 26.784 Thread 0x000001dde7875400 Exception <a 'java/lang/IncompatibleClassChangeError'{0x000000008c759538}: Found class java.lang.Object, but interface was expected> (0x000000008c759538) 
thrown [./src/hotspot/share/interpreter/linkResolver.cpp, line 848]
Event: 26.784 Thread 0x000001dde981bf00 Exception <a 'java/lang/IncompatibleClassChangeError'{0x000000008c771638}: Found class java.lang.Object, but interface was expected> (0x000000008c771638) 
thrown [./src/hotspot/share/interpreter/linkResolver.cpp, line 848]
Event: 26.784 Thread 0x000001dde97c43b0 Exception <a 'java/lang/IncompatibleClassChangeError'{0x000000008c7685f8}: Found class java.lang.Object, but interface was expected> (0x000000008c7685f8) 
thrown [./src/hotspot/share/interpreter/linkResolver.cpp, line 848]
Event: 26.784 Thread 0x000001dde981c3d0 Exception <a 'java/lang/IncompatibleClassChangeError'{0x000000008c7453a0}: Found class java.lang.Object, but interface was expected> (0x000000008c7453a0) 
thrown [./src/hotspot/share/interpreter/linkResolver.cpp, line 848]

Events (20 events):
Event: 26.724 loading class java/util/AbstractList$SubList
Event: 26.724 loading class java/util/AbstractList$SubList done
Event: 26.724 loading class java/util/AbstractList$RandomAccessSubList done
Event: 26.724 loading class java/util/AbstractList$SubList$1
Event: 26.724 loading class java/util/AbstractList$SubList$1 done
Event: 26.725 Executing VM operation: G1Concurrent
Event: 26.726 Executing VM operation: G1Concurrent done
Event: 26.726 Executing VM operation: HandshakeAllThreads
Event: 26.726 Executing VM operation: HandshakeAllThreads done
Event: 26.779 loading class java/nio/ShortBuffer
Event: 26.779 loading class java/nio/ShortBuffer done
Event: 26.779 loading class java/nio/HeapShortBuffer
Event: 26.780 loading class java/nio/HeapShortBuffer done
Event: 26.874 Executing VM operation: ICBufferFull
Event: 26.874 Executing coalesced safepoint VM operation: ICBufferFull
Event: 26.874 Executing coalesced safepoint VM operation: ICBufferFull done
Event: 26.890 Executing VM operation: ICBufferFull done
Event: 26.890 Executing VM operation: HandshakeAllThreads
Event: 26.892 Executing VM operation: HandshakeAllThreads done
Event: 26.892 Executing VM operation: G1CollectForAllocation


Dynamic libraries:
0x00007ff727820000 - 0x00007ff72782d000 	C:\Users\ha phun\.jdks\azul-15.0.9\bin\java.exe
0x00007ffbf88a0000 - 0x00007ffbf8aa9000 	C:\WINDOWS\SYSTEM32\ntdll.dll
0x00007ffbf7080000 - 0x00007ffbf713d000 	C:\WINDOWS\System32\KERNEL32.DLL
0x00007ffbf5d70000 - 0x00007ffbf60eb000 	C:\WINDOWS\System32\KERNELBASE.dll
0x00007ffbf60f0000 - 0x00007ffbf6201000 	C:\WINDOWS\System32\ucrtbase.dll
0x00007ffbd42f0000 - 0x00007ffbd4308000 	C:\Users\ha phun\.jdks\azul-15.0.9\bin\jli.dll
0x00007ffbd3cd0000 - 0x00007ffbd3ce5000 	C:\Users\ha phun\.jdks\azul-15.0.9\bin\VCRUNTIME140.dll
0x00007ffbf7690000 - 0x00007ffbf783d000 	C:\WINDOWS\System32\USER32.dll
0x00007ffbf6630000 - 0x00007ffbf6656000 	C:\WINDOWS\System32\win32u.dll
0x00007ffbe4b60000 - 0x00007ffbe4e05000 	C:\WINDOWS\WinSxS\amd64_microsoft.windows.common-controls_6595b64144ccf1df_6.0.22000.120_none_9d947278b86cc467\COMCTL32.dll
0x00007ffbf74b0000 - 0x00007ffbf74d9000 	C:\WINDOWS\System32\GDI32.dll
0x00007ffbf7840000 - 0x00007ffbf78e3000 	C:\WINDOWS\System32\msvcrt.dll
0x00007ffbf6510000 - 0x00007ffbf6628000 	C:\WINDOWS\System32\gdi32full.dll
0x00007ffbf6290000 - 0x00007ffbf632d000 	C:\WINDOWS\System32\msvcp_win.dll
0x00007ffbf7a40000 - 0x00007ffbf7a71000 	C:\WINDOWS\System32\IMM32.DLL
0x00007ffbcf200000 - 0x00007ffbcf29b000 	C:\Users\ha phun\.jdks\azul-15.0.9\bin\msvcp140.dll
0x00007ffb88210000 - 0x00007ffb88daa000 	C:\Users\ha phun\.jdks\azul-15.0.9\bin\server\jvm.dll
0x00007ffbf6fc0000 - 0x00007ffbf706e000 	C:\WINDOWS\System32\ADVAPI32.dll
0x00007ffbf7410000 - 0x00007ffbf74ae000 	C:\WINDOWS\System32\sechost.dll
0x00007ffbf82d0000 - 0x00007ffbf83f0000 	C:\WINDOWS\System32\RPCRT4.dll
0x00007ffbf6720000 - 0x00007ffbf6728000 	C:\WINDOWS\System32\PSAPI.DLL
0x00007ffbec4b0000 - 0x00007ffbec4ba000 	C:\WINDOWS\SYSTEM32\VERSION.dll
0x00007ffbf2c90000 - 0x00007ffbf2c99000 	C:\WINDOWS\SYSTEM32\WSOCK32.dll
0x00007ffbef290000 - 0x00007ffbef2c3000 	C:\WINDOWS\SYSTEM32\WINMM.dll
0x00007ffbf7e80000 - 0x00007ffbf7eef000 	C:\WINDOWS\System32\WS2_32.dll
0x00007ffbf4df0000 - 0x00007ffbf4e08000 	C:\WINDOWS\SYSTEM32\kernel.appcore.dll
0x00007ffbe9f50000 - 0x00007ffbe9f5a000 	C:\Users\ha phun\.jdks\azul-15.0.9\bin\jimage.dll
0x00007ffbf3700000 - 0x00007ffbf3921000 	C:\WINDOWS\SYSTEM32\DBGHELP.DLL
0x00007ffbdc170000 - 0x00007ffbdc1a1000 	C:\WINDOWS\SYSTEM32\dbgcore.DLL
0x00007ffbf6210000 - 0x00007ffbf628f000 	C:\WINDOWS\System32\bcryptPrimitives.dll
0x00007ffbcf1d0000 - 0x00007ffbcf1f5000 	C:\Users\ha phun\.jdks\azul-15.0.9\bin\java.dll
0x00007ffbf6730000 - 0x00007ffbf6ee8000 	C:\WINDOWS\System32\SHELL32.dll
0x00007ffbf3e60000 - 0x00007ffbf46c5000 	C:\WINDOWS\SYSTEM32\windows.storage.dll
0x00007ffbf7f50000 - 0x00007ffbf82c7000 	C:\WINDOWS\System32\combase.dll
0x00007ffbf3cf0000 - 0x00007ffbf3e56000 	C:\WINDOWS\SYSTEM32\wintypes.dll
0x00007ffbf7320000 - 0x00007ffbf740a000 	C:\WINDOWS\System32\SHCORE.dll
0x00007ffbf6ef0000 - 0x00007ffbf6f4d000 	C:\WINDOWS\System32\shlwapi.dll
0x00007ffbf5ca0000 - 0x00007ffbf5cc1000 	C:\WINDOWS\SYSTEM32\profapi.dll
0x00007ffbd3c40000 - 0x00007ffbd3c59000 	C:\Users\ha phun\.jdks\azul-15.0.9\bin\net.dll
0x00007ffbeef90000 - 0x00007ffbef09c000 	C:\WINDOWS\SYSTEM32\WINHTTP.dll
0x00007ffbf5290000 - 0x00007ffbf52f7000 	C:\WINDOWS\system32\mswsock.dll
0x00007ffbcf4d0000 - 0x00007ffbcf4e2000 	C:\Users\ha phun\.jdks\azul-15.0.9\bin\nio.dll
0x00007ffbcf350000 - 0x00007ffbcf368000 	C:\Users\ha phun\.jdks\azul-15.0.9\bin\zip.dll
0x00007ffbe7b20000 - 0x00007ffbe7b30000 	C:\Users\ha phun\.jdks\azul-15.0.9\bin\verify.dll
0x00007ffbcf4f0000 - 0x00007ffbcf517000 	C:\Users\ha phun\.gradle\native\8bec1ad78214c89d9ad589b4d07fe93259594b29d510b10fafb7a158f7737e5d\windows-amd64\native-platform.dll
0x00007ffba9110000 - 0x00007ffba924d000 	C:\Users\ha phun\.gradle\native\53dbd7edfb1c66fb8903c78663c9afc45aea4f116125fa6feffd364cf09443e8\windows-amd64\native-platform-file-events.dll
0x00007ffbe4ad0000 - 0x00007ffbe4ad9000 	C:\Users\ha phun\.jdks\azul-15.0.9\bin\management.dll
0x00007ffbe4880000 - 0x00007ffbe488b000 	C:\Users\ha phun\.jdks\azul-15.0.9\bin\management_ext.dll
0x00007ffbf54d0000 - 0x00007ffbf54e8000 	C:\WINDOWS\SYSTEM32\CRYPTSP.dll
0x00007ffbf4d50000 - 0x00007ffbf4d85000 	C:\WINDOWS\system32\rsaenh.dll
0x00007ffbf5380000 - 0x00007ffbf53a9000 	C:\WINDOWS\SYSTEM32\USERENV.dll
0x00007ffbf5660000 - 0x00007ffbf5687000 	C:\WINDOWS\SYSTEM32\bcrypt.dll
0x00007ffbf54f0000 - 0x00007ffbf54fc000 	C:\WINDOWS\SYSTEM32\CRYPTBASE.dll
0x00007ffbf4920000 - 0x00007ffbf494d000 	C:\WINDOWS\SYSTEM32\IPHLPAPI.DLL
0x00007ffbf78f0000 - 0x00007ffbf78f9000 	C:\WINDOWS\System32\NSI.dll
0x00007ffbeec20000 - 0x00007ffbeec39000 	C:\WINDOWS\SYSTEM32\dhcpcsvc6.DLL
0x00007ffbef650000 - 0x00007ffbef66e000 	C:\WINDOWS\SYSTEM32\dhcpcsvc.DLL
0x00007ffbf4950000 - 0x00007ffbf4a38000 	C:\WINDOWS\SYSTEM32\DNSAPI.dll

dbghelp: loaded successfully - version: 4.0.5 - missing functions: none
symbol engine: initialized successfully - sym options: 0x614 - pdb path: .;C:\Users\ha phun\.jdks\azul-15.0.9\bin;C:\WINDOWS\SYSTEM32;C:\WINDOWS\WinSxS\amd64_microsoft.windows.common-controls_6595b64144ccf1df_6.0.22000.120_none_9d947278b86cc467;C:\Users\ha phun\.jdks\azul-15.0.9\bin\server;C:\Users\ha phun\.gradle\native\8bec1ad78214c89d9ad589b4d07fe93259594b29d510b10fafb7a158f7737e5d\windows-amd64;C:\Users\ha phun\.gradle\native\53dbd7edfb1c66fb8903c78663c9afc45aea4f116125fa6feffd364cf09443e8\windows-amd64

VM Arguments:
jvm_args: --add-opens=java.base/java.util=ALL-UNNAMED --add-opens=java.base/java.lang=ALL-UNNAMED --add-opens=java.base/java.lang.invoke=ALL-UNNAMED --add-opens=java.base/java.util=ALL-UNNAMED --add-opens=java.prefs/java.util.prefs=ALL-UNNAMED --add-opens=java.prefs/java.util.prefs=ALL-UNNAMED --add-opens=java.base/java.nio.charset=ALL-UNNAMED --add-opens=java.base/java.net=ALL-UNNAMED --add-opens=java.base/java.util.concurrent.atomic=ALL-UNNAMED -Xmx2048m -Dfile.encoding=UTF-8 -Duser.country=US -Duser.language=en -Duser.variant 
java_command: org.gradle.launcher.daemon.bootstrap.GradleDaemon 7.0.2
java_class_path (initial): C:\Users\ha phun\.gradle\wrapper\dists\gradle-7.0.2-bin\857tjihv64xamwrf0h14cai3r\gradle-7.0.2\lib\gradle-launcher-7.0.2.jar
Launcher Type: SUN_STANDARD

[Global flags]
     intx CICompilerCount                          = 4                                         {product} {ergonomic}
     uint ConcGCThreads                            = 2                                         {product} {ergonomic}
     uint G1ConcRefinementThreads                  = 8                                         {product} {ergonomic}
   size_t G1HeapRegionSize                         = 1048576                                   {product} {ergonomic}
    uintx GCDrainStackTargetSize                   = 64                                        {product} {ergonomic}
   size_t InitialHeapSize                          = 100663296                                 {product} {ergonomic}
   size_t MarkStackSize                            = 4194304                                   {product} {ergonomic}
   size_t MaxHeapSize                              = 2147483648                                {product} {command line}
   size_t MaxNewSize                               = 1287651328                                {product} {ergonomic}
   size_t MinHeapDeltaBytes                        = 1048576                                   {product} {ergonomic}
   size_t MinHeapSize                              = 8388608                                   {product} {ergonomic}
    uintx NonNMethodCodeHeapSize                   = 5839372                                {pd product} {ergonomic}
    uintx NonProfiledCodeHeapSize                  = 122909434                              {pd product} {ergonomic}
    uintx ProfiledCodeHeapSize                     = 122909434                              {pd product} {ergonomic}
    uintx ReservedCodeCacheSize                    = 251658240                              {pd product} {ergonomic}
     bool SegmentedCodeCache                       = true                                      {product} {ergonomic}
   size_t SoftMaxHeapSize                          = 2147483648                             {manageable} {ergonomic}
     bool UseCompressedClassPointers               = true                                 {lp64_product} {ergonomic}
     bool UseCompressedOops                        = true                                 {lp64_product} {ergonomic}
     bool UseG1GC                                  = true                                      {product} {ergonomic}
     bool UseLargePagesIndividualAllocation        = false                                  {pd product} {ergonomic}

Logging:
Log output configuration:
 #0: stdout all=warning uptime,level,tags
 #1: stderr all=off uptime,level,tags

Environment Variables:
PATH=C:\Windows\system32;C:\Windows;C:\Windows\System32\Wbem;C:\Windows\System32\WindowsPowerShell\v1.0\;C:\Windows\System32\OpenSSH\;C:\Program Files\dotnet\;C:\WINDOWS\system32;C:\WINDOWS;C:\WINDOWS\System32\Wbem;C:\WINDOWS\System32\WindowsPowerShell\v1.0\;C:\WINDOWS\System32\OpenSSH\;C:\Program Files\Microsoft SQL Server\Client SDK\ODBC\170\Tools\Binn\;C:\Program Files (x86)\Microsoft SQL Server\150\Tools\Binn\;C:\Program Files\Microsoft SQL Server\150\Tools\Binn\;C:\Program Files\Microsoft SQL Server\150\DTS\Binn\;C:\Program Files (x86)\Microsoft SQL Server\150\DTS\Binn\;C:\Program Files\Azure Data Studio\bin;C:\Program Files\Git\cmd;C:\Users\ha phun\AppData\Local\Microsoft\WindowsApps;C:\Users\ha phun\.dotnet\tools;;C:\Users\ha phun\AppData\Local\Programs\Microsoft VS Code\bin;C:\Program Files\Azure Data Studio\bin
USERNAME=ha phun
OS=Windows_NT
PROCESSOR_IDENTIFIER=AMD64 Family 23 Model 24 Stepping 1, AuthenticAMD



---------------  S Y S T E M  ---------------

OS:
 Windows 11 , 64 bit Build 22000 (10.0.22000.708)
OS uptime: 4 days 21:45 hours

CPU: total 8 (initial active 8) (8 cores per cpu, 2 threads per core) family 23 model 24 stepping 1 microcode 0x0, cmov, cx8, fxsr, mmx, sse, sse2, sse3, ssse3, sse4.1, sse4.2, popcnt, vzeroupper, avx, avx2, aes, clmul, 3dnowpref, lzcnt, sse4a, ht, tsc, tscinvbit, tscinv, bmi1, bmi2, adx, sha, fma, clflush, clflushopt

Memory: 4k page, system-wide physical 6091M (270M free)
TotalPageFile size 14091M (AvailPageFile size 4M)
current process WorkingSet (physical memory assigned to process): 438M, peak: 441M
current process commit charge ("private bytes"): 493M, peak: 536M

vm_info: OpenJDK 64-Bit Server VM (15.0.9+5-MTS) for windows-amd64 JRE (15.0.9+5-MTS) (Zulu15.44+13-CA), built on Oct  7 2022 09:58:48 by "zulu_re" with MS VC++ 15.9 (VS2017)

END.
