#
# There is insufficient memory for the Java Runtime Environment to continue.
# Native memory allocation (malloc) failed to allocate 1226976 bytes for Chunk::new
# Possible reasons:
#   The system is out of physical RAM or swap space
#   The process is running with CompressedOops enabled, and the Java Heap may be blocking the growth of the native heap
# Possible solutions:
#   Reduce memory load on the system
#   Increase physical memory or swap space
#   Check if swap backing store is full
#   Decrease Java heap size (-Xmx/-Xms)
#   Decrease number of Java threads
#   Decrease Java thread stack sizes (-Xss)
#   Set larger code cache with -XX:ReservedCodeCacheSize=
#   JVM is running with Unscaled Compressed Oops mode in which the Java heap is
#     placed in the first 4GB address space. The Java Heap base address is the
#     maximum limit for the native heap growth. Please use -XX:HeapBaseMinAddress
#     to set the Java Heap base and to place the Java Heap above 4GB virtual address.
# This output file may be truncated or incomplete.
#
#  Out of Memory Error (./src/hotspot/share/memory/arena.cpp:195), pid=14380, tid=11540
#
# JRE version: OpenJDK Runtime Environment Zulu15.44+13-CA (15.0.9+5) (build 15.0.9+5-MTS)
# Java VM: OpenJDK 64-Bit Server VM Zulu15.44+13-CA (15.0.9+5-MTS, mixed mode, sharing, tiered, compressed oops, g1 gc, windows-amd64)
# No core dump will be written. Minidumps are not enabled by default on client versions of Windows
#

---------------  S U M M A R Y ------------

Command Line: --add-opens=java.base/java.util=ALL-UNNAMED --add-opens=java.base/java.lang=ALL-UNNAMED --add-opens=java.base/java.lang.invoke=ALL-UNNAMED --add-opens=java.base/java.util=ALL-UNNAMED --add-opens=java.prefs/java.util.prefs=ALL-UNNAMED --add-opens=java.prefs/java.util.prefs=ALL-UNNAMED --add-opens=java.base/java.nio.charset=ALL-UNNAMED --add-opens=java.base/java.net=ALL-UNNAMED --add-opens=java.base/java.util.concurrent.atomic=ALL-UNNAMED -Xmx2048m -Dfile.encoding=UTF-8 -Duser.country=US -Duser.language=en -Duser.variant org.gradle.launcher.daemon.bootstrap.GradleDaemon 7.0.2

Host: AMD Ryzen 5 3500U with Radeon Vega Mobile Gfx  , 8 cores, 5G,  Windows 11 , 64 bit Build 22000 (10.0.22000.708)
Time: Mon Nov  7 13:41:11 2022 SE Asia Standard Time elapsed time: 2.801328 seconds (0d 0h 0m 2s)

---------------  T H R E A D  ---------------

Current thread (0x000001f845adfa00):  JavaThread "C2 CompilerThread1" daemon [_thread_in_native, id=11540, stack(0x0000004ba6a00000,0x0000004ba6b00000)]


Current CompileTask:
C2:   2801 2047   !   4       java.lang.ClassLoader::loadClass (122 bytes)

Stack: [0x0000004ba6a00000,0x0000004ba6b00000]
Native frames: (J=compiled Java code, j=interpreted, Vv=VM code, C=native code)
V  [jvm.dll+0x60036a]
V  [jvm.dll+0x79fd79]
V  [jvm.dll+0x7a14d3]
V  [jvm.dll+0x7a1b23]
V  [jvm.dll+0x1fc658]
V  [jvm.dll+0x996ca]
V  [jvm.dll+0x99dbc]
V  [jvm.dll+0x261e24]
V  [jvm.dll+0x512bea]
V  [jvm.dll+0x1da57a]
V  [jvm.dll+0x1d418b]
V  [jvm.dll+0x1d1627]
V  [jvm.dll+0x1646e7]
V  [jvm.dll+0x1e05b4]
V  [jvm.dll+0x1de6fb]
V  [jvm.dll+0x7648fd]
V  [jvm.dll+0x75d7fa]
V  [jvm.dll+0x5ff116]
C  [ucrtbase.dll+0x26c0c]
C  [KERNEL32.DLL+0x154e0]
C  [ntdll.dll+0x485b]


---------------  P R O C E S S  ---------------

Threads class SMR info:
_java_thread_list=0x000001f84841db80, length=25, elements={
0x000001f826c202c0, 0x000001f845abd640, 0x000001f845ac1010, 0x000001f845ad5210,
0x000001f845ad5ad0, 0x000001f845ad6480, 0x000001f845ada9a0, 0x000001f845ae1d70,
0x000001f845af4120, 0x000001f8465168f0, 0x000001f84652cff0, 0x000001f845adfa00,
0x000001f84800da70, 0x000001f8477cab80, 0x000001f84758fc70, 0x000001f8472bfa80,
0x000001f847a115e0, 0x000001f84752a000, 0x000001f848622360, 0x000001f8475ef790,
0x000001f8485d1fb0, 0x000001f8477b9770, 0x000001f8477b9c40, 0x000001f8477baf80,
0x000001f8477bc2c0
}

Java Threads: ( => current thread )
  0x000001f826c202c0 JavaThread "main" [_thread_blocked, id=13104, stack(0x0000004ba5800000,0x0000004ba5900000)]
  0x000001f845abd640 JavaThread "Reference Handler" daemon [_thread_blocked, id=8240, stack(0x0000004ba5f00000,0x0000004ba6000000)]
  0x000001f845ac1010 JavaThread "Finalizer" daemon [_thread_blocked, id=8068, stack(0x0000004ba6000000,0x0000004ba6100000)]
  0x000001f845ad5210 JavaThread "Signal Dispatcher" daemon [_thread_blocked, id=18664, stack(0x0000004ba6100000,0x0000004ba6200000)]
  0x000001f845ad5ad0 JavaThread "Attach Listener" daemon [_thread_blocked, id=12296, stack(0x0000004ba6200000,0x0000004ba6300000)]
  0x000001f845ad6480 JavaThread "Service Thread" daemon [_thread_blocked, id=476, stack(0x0000004ba6300000,0x0000004ba6400000)]
  0x000001f845ada9a0 JavaThread "C2 CompilerThread0" daemon [_thread_in_native, id=16192, stack(0x0000004ba6400000,0x0000004ba6500000)]
  0x000001f845ae1d70 JavaThread "C1 CompilerThread0" daemon [_thread_blocked, id=2072, stack(0x0000004ba6500000,0x0000004ba6600000)]
  0x000001f845af4120 JavaThread "Sweeper thread" daemon [_thread_blocked, id=10416, stack(0x0000004ba6600000,0x0000004ba6700000)]
  0x000001f8465168f0 JavaThread "Common-Cleaner" daemon [_thread_blocked, id=9268, stack(0x0000004ba6700000,0x0000004ba6800000)]
  0x000001f84652cff0 JavaThread "Notification Thread" daemon [_thread_blocked, id=9552, stack(0x0000004ba6800000,0x0000004ba6900000)]
=>0x000001f845adfa00 JavaThread "C2 CompilerThread1" daemon [_thread_in_native, id=11540, stack(0x0000004ba6a00000,0x0000004ba6b00000)]
  0x000001f84800da70 JavaThread "Daemon health stats" [_thread_blocked, id=17024, stack(0x0000004ba6c00000,0x0000004ba6d00000)]
  0x000001f8477cab80 JavaThread "Incoming local TCP Connector on port 59457" [_thread_in_native, id=11704, stack(0x0000004ba6d00000,0x0000004ba6e00000)]
  0x000001f84758fc70 JavaThread "Daemon periodic checks" [_thread_blocked, id=17436, stack(0x0000004ba6e00000,0x0000004ba6f00000)]
  0x000001f8472bfa80 JavaThread "Daemon" [_thread_blocked, id=12340, stack(0x0000004ba6f00000,0x0000004ba7000000)]
  0x000001f847a115e0 JavaThread "Handler for socket connection from /127.0.0.1:59457 to /127.0.0.1:59458" [_thread_in_native, id=10864, stack(0x0000004ba7000000,0x0000004ba7100000)]
  0x000001f84752a000 JavaThread "Cancel handler" [_thread_blocked, id=18240, stack(0x0000004ba7100000,0x0000004ba7200000)]
  0x000001f848622360 JavaThread "Daemon worker" [_thread_in_native, id=7088, stack(0x0000004ba7200000,0x0000004ba7300000)]
  0x000001f8475ef790 JavaThread "Asynchronous log dispatcher for DefaultDaemonConnection: socket connection from /127.0.0.1:59457 to /127.0.0.1:59458" [_thread_blocked, id=9900, stack(0x0000004ba7300000,0x0000004ba7400000)]
  0x000001f8485d1fb0 JavaThread "Stdin handler" [_thread_blocked, id=17612, stack(0x0000004ba7400000,0x0000004ba7500000)]
  0x000001f8477b9770 JavaThread "Daemon client event forwarder" [_thread_blocked, id=19396, stack(0x0000004ba7500000,0x0000004ba7600000)]
  0x000001f8477b9c40 JavaThread "Cache worker for file hash cache (C:\Users\ha phun\.gradle\caches\7.0.2\fileHashes)" [_thread_blocked, id=19996, stack(0x0000004ba7600000,0x0000004ba7700000)]
  0x000001f8477baf80 JavaThread "File lock request listener" [_thread_in_native, id=20168, stack(0x0000004ba7700000,0x0000004ba7800000)]
  0x000001f8477bc2c0 JavaThread "Cache worker for journal cache (C:\Users\ha phun\.gradle\caches\journal-1)" [_thread_blocked, id=19368, stack(0x0000004ba7800000,0x0000004ba7900000)]

Other Threads:
  0x000001f845ab7210 VMThread "VM Thread" [stack: 0x0000004ba5e00000,0x0000004ba5f00000] [id=8272]
  0x000001f84652dd90 WatcherThread [stack: 0x0000004ba6900000,0x0000004ba6a00000] [id=10024]
  0x000001f826c5ff30 GCTaskThread "GC Thread#0" [stack: 0x0000004ba5900000,0x0000004ba5a00000] [id=8876]
  0x000001f8472df660 GCTaskThread "GC Thread#1" [stack: 0x0000004ba6b00000,0x0000004ba6c00000] [id=14148]
  0x000001f8472dc9c0 GCTaskThread "GC Thread#2" [stack: 0x0000004ba7900000,0x0000004ba7a00000] [id=8752]
  0x000001f8472dd020 GCTaskThread "GC Thread#3" [stack: 0x0000004ba7a00000,0x0000004ba7b00000] [id=11008]
  0x000001f8472dd9b0 GCTaskThread "GC Thread#4" [stack: 0x0000004ba7b00000,0x0000004ba7c00000] [id=19564]
  0x000001f8472dc690 GCTaskThread "GC Thread#5" [stack: 0x0000004ba7c00000,0x0000004ba7d00000] [id=1292]
  0x000001f8472ddce0 GCTaskThread "GC Thread#6" [stack: 0x0000004ba7d00000,0x0000004ba7e00000] [id=17020]
  0x000001f8472dd680 GCTaskThread "GC Thread#7" [stack: 0x0000004ba7e00000,0x0000004ba7f00000] [id=14604]
  0x000001f826c710e0 ConcurrentGCThread "G1 Main Marker" [stack: 0x0000004ba5a00000,0x0000004ba5b00000] [id=14356]
  0x000001f826c73130 ConcurrentGCThread "G1 Conc#0" [stack: 0x0000004ba5b00000,0x0000004ba5c00000] [id=14400]
  0x000001f826ce8630 ConcurrentGCThread "G1 Refine#0" [stack: 0x0000004ba5c00000,0x0000004ba5d00000] [id=15744]
  0x000001f826ce8e70 ConcurrentGCThread "G1 Young RemSet Sampling" [stack: 0x0000004ba5d00000,0x0000004ba5e00000] [id=10124]

Threads with active compile tasks:
C2 CompilerThread0     2821 2086       4       java.util.HashMap::getNode (150 bytes)
C1 CompilerThread0     2821 2089       3       org.gradle.internal.service.DefaultServiceRegistry::access$1500 (6 bytes)
C2 CompilerThread1     2821 2047   !   4       java.lang.ClassLoader::loadClass (122 bytes)

VM state: not at safepoint (normal execution)

VM Mutex/Monitor currently owned by a thread: None

Heap address: 0x0000000080000000, size: 2048 MB, Compressed Oops mode: 32-bit
CDS archive(s) mapped at: [0x0000000800000000-0x0000000800b50000-0x0000000800b50000), size 11862016, SharedBaseAddress: 0x0000000800000000, ArchiveRelocationMode: 0.
Compressed class space mapped at: 0x0000000800b50000-0x0000000840b50000, size: 1073741824
Narrow klass base: 0x0000000800000000, Narrow klass shift: 3, Narrow klass range: 0x100000000

GC Precious Log:
 CPUs: 8 total, 8 available
 Memory: 6091M
 Large Page Support: Disabled
 NUMA Support: Disabled
 Compressed Oops: Enabled (32-bit)
 Heap Region Size: 1M
 Heap Min Capacity: 8M
 Heap Initial Capacity: 96M
 Heap Max Capacity: 2G
 Pre-touch: Disabled
 Parallel Workers: 8
 Concurrent Workers: 2
 Concurrent Refinement Workers: 8
 Periodic GC: Disabled

Heap:
 garbage-first heap   total 98304K, used 18987K [0x0000000080000000, 0x0000000100000000)
  region size 1024K, 10 young (10240K), 7 survivors (7168K)
 Metaspace       used 14535K, capacity 14970K, committed 15104K, reserved 1062912K
  class space    used 2073K, capacity 2222K, committed 2304K, reserved 1048576K

Heap Regions: E=young(eden), S=young(survivor), O=old, HS=humongous(starts), HC=humongous(continues), CS=collection set, F=free, OA=open archive, CA=closed archive, TAMS=top-at-mark-start (previous, next)
|   0|0x0000000080000000, 0x000000008008ae00, 0x0000000080100000| 54%| O|  |TAMS 0x0000000080000000, 0x0000000080000000| Untracked 
|   1|0x0000000080100000, 0x0000000080200000, 0x0000000080200000|100%| O|  |TAMS 0x0000000080100000, 0x0000000080100000| Untracked 
|   2|0x0000000080200000, 0x0000000080300000, 0x0000000080300000|100%| O|  |TAMS 0x0000000080200000, 0x0000000080200000| Untracked 
|   3|0x0000000080300000, 0x0000000080400000, 0x0000000080400000|100%|HS|  |TAMS 0x0000000080300000, 0x0000000080300000| Complete 
|   4|0x0000000080400000, 0x0000000080500000, 0x0000000080500000|100%|HC|  |TAMS 0x0000000080400000, 0x0000000080400000| Complete 
|   5|0x0000000080500000, 0x0000000080600000, 0x0000000080600000|100%|HC|  |TAMS 0x0000000080500000, 0x0000000080500000| Complete 
|   6|0x0000000080600000, 0x0000000080700000, 0x0000000080700000|100%| O|  |TAMS 0x0000000080600000, 0x0000000080600000| Untracked 
|   7|0x0000000080700000, 0x0000000080800000, 0x0000000080800000|100%| O|  |TAMS 0x0000000080700000, 0x0000000080700000| Untracked 
|   8|0x0000000080800000, 0x0000000080900000, 0x0000000080900000|100%| O|  |TAMS 0x0000000080800000, 0x0000000080800000| Untracked 
|   9|0x0000000080900000, 0x0000000080a00000, 0x0000000080a00000|100%| O|  |TAMS 0x0000000080900000, 0x0000000080900000| Untracked 
|  10|0x0000000080a00000, 0x0000000080a00000, 0x0000000080b00000|  0%| F|  |TAMS 0x0000000080a00000, 0x0000000080a00000| Untracked 
|  11|0x0000000080b00000, 0x0000000080b00000, 0x0000000080c00000|  0%| F|  |TAMS 0x0000000080b00000, 0x0000000080b00000| Untracked 
|  12|0x0000000080c00000, 0x0000000080c00000, 0x0000000080d00000|  0%| F|  |TAMS 0x0000000080c00000, 0x0000000080c00000| Untracked 
|  13|0x0000000080d00000, 0x0000000080d00000, 0x0000000080e00000|  0%| F|  |TAMS 0x0000000080d00000, 0x0000000080d00000| Untracked 
|  14|0x0000000080e00000, 0x0000000080e00000, 0x0000000080f00000|  0%| F|  |TAMS 0x0000000080e00000, 0x0000000080e00000| Untracked 
|  15|0x0000000080f00000, 0x0000000080f00000, 0x0000000081000000|  0%| F|  |TAMS 0x0000000080f00000, 0x0000000080f00000| Untracked 
|  16|0x0000000081000000, 0x0000000081000000, 0x0000000081100000|  0%| F|  |TAMS 0x0000000081000000, 0x0000000081000000| Untracked 
|  17|0x0000000081100000, 0x0000000081100000, 0x0000000081200000|  0%| F|  |TAMS 0x0000000081100000, 0x0000000081100000| Untracked 
|  18|0x0000000081200000, 0x0000000081200000, 0x0000000081300000|  0%| F|  |TAMS 0x0000000081200000, 0x0000000081200000| Untracked 
|  19|0x0000000081300000, 0x0000000081300000, 0x0000000081400000|  0%| F|  |TAMS 0x0000000081300000, 0x0000000081300000| Untracked 
|  20|0x0000000081400000, 0x0000000081400000, 0x0000000081500000|  0%| F|  |TAMS 0x0000000081400000, 0x0000000081400000| Untracked 
|  21|0x0000000081500000, 0x0000000081500000, 0x0000000081600000|  0%| F|  |TAMS 0x0000000081500000, 0x0000000081500000| Untracked 
|  22|0x0000000081600000, 0x0000000081600000, 0x0000000081700000|  0%| F|  |TAMS 0x0000000081600000, 0x0000000081600000| Untracked 
|  23|0x0000000081700000, 0x0000000081700000, 0x0000000081800000|  0%| F|  |TAMS 0x0000000081700000, 0x0000000081700000| Untracked 
|  24|0x0000000081800000, 0x0000000081800000, 0x0000000081900000|  0%| F|  |TAMS 0x0000000081800000, 0x0000000081800000| Untracked 
|  25|0x0000000081900000, 0x0000000081900000, 0x0000000081a00000|  0%| F|  |TAMS 0x0000000081900000, 0x0000000081900000| Untracked 
|  26|0x0000000081a00000, 0x0000000081a00000, 0x0000000081b00000|  0%| F|  |TAMS 0x0000000081a00000, 0x0000000081a00000| Untracked 
|  27|0x0000000081b00000, 0x0000000081b00000, 0x0000000081c00000|  0%| F|  |TAMS 0x0000000081b00000, 0x0000000081b00000| Untracked 
|  28|0x0000000081c00000, 0x0000000081c00000, 0x0000000081d00000|  0%| F|  |TAMS 0x0000000081c00000, 0x0000000081c00000| Untracked 
|  29|0x0000000081d00000, 0x0000000081d00000, 0x0000000081e00000|  0%| F|  |TAMS 0x0000000081d00000, 0x0000000081d00000| Untracked 
|  30|0x0000000081e00000, 0x0000000081e00000, 0x0000000081f00000|  0%| F|  |TAMS 0x0000000081e00000, 0x0000000081e00000| Untracked 
|  31|0x0000000081f00000, 0x0000000081f00000, 0x0000000082000000|  0%| F|  |TAMS 0x0000000081f00000, 0x0000000081f00000| Untracked 
|  32|0x0000000082000000, 0x0000000082000000, 0x0000000082100000|  0%| F|  |TAMS 0x0000000082000000, 0x0000000082000000| Untracked 
|  33|0x0000000082100000, 0x0000000082200000, 0x0000000082200000|100%| S|CS|TAMS 0x0000000082100000, 0x0000000082100000| Complete 
|  34|0x0000000082200000, 0x0000000082300000, 0x0000000082300000|100%| S|CS|TAMS 0x0000000082200000, 0x0000000082200000| Complete 
|  35|0x0000000082300000, 0x0000000082400000, 0x0000000082400000|100%| S|CS|TAMS 0x0000000082300000, 0x0000000082300000| Complete 
|  36|0x0000000082400000, 0x0000000082500000, 0x0000000082500000|100%| S|CS|TAMS 0x0000000082400000, 0x0000000082400000| Complete 
|  37|0x0000000082500000, 0x0000000082600000, 0x0000000082600000|100%| S|CS|TAMS 0x0000000082500000, 0x0000000082500000| Complete 
|  38|0x0000000082600000, 0x0000000082700000, 0x0000000082700000|100%| S|CS|TAMS 0x0000000082600000, 0x0000000082600000| Complete 
|  39|0x0000000082700000, 0x0000000082800000, 0x0000000082800000|100%| S|CS|TAMS 0x0000000082700000, 0x0000000082700000| Complete 
|  40|0x0000000082800000, 0x0000000082800000, 0x0000000082900000|  0%| F|  |TAMS 0x0000000082800000, 0x0000000082800000| Untracked 
|  41|0x0000000082900000, 0x0000000082900000, 0x0000000082a00000|  0%| F|  |TAMS 0x0000000082900000, 0x0000000082900000| Untracked 
|  42|0x0000000082a00000, 0x0000000082a00000, 0x0000000082b00000|  0%| F|  |TAMS 0x0000000082a00000, 0x0000000082a00000| Untracked 
|  43|0x0000000082b00000, 0x0000000082b00000, 0x0000000082c00000|  0%| F|  |TAMS 0x0000000082b00000, 0x0000000082b00000| Untracked 
|  44|0x0000000082c00000, 0x0000000082c00000, 0x0000000082d00000|  0%| F|  |TAMS 0x0000000082c00000, 0x0000000082c00000| Untracked 
|  45|0x0000000082d00000, 0x0000000082d00000, 0x0000000082e00000|  0%| F|  |TAMS 0x0000000082d00000, 0x0000000082d00000| Untracked 
|  46|0x0000000082e00000, 0x0000000082e00000, 0x0000000082f00000|  0%| F|  |TAMS 0x0000000082e00000, 0x0000000082e00000| Untracked 
|  47|0x0000000082f00000, 0x0000000082f00000, 0x0000000083000000|  0%| F|  |TAMS 0x0000000082f00000, 0x0000000082f00000| Untracked 
|  48|0x0000000083000000, 0x0000000083000000, 0x0000000083100000|  0%| F|  |TAMS 0x0000000083000000, 0x0000000083000000| Untracked 
|  49|0x0000000083100000, 0x0000000083100000, 0x0000000083200000|  0%| F|  |TAMS 0x0000000083100000, 0x0000000083100000| Untracked 
|  50|0x0000000083200000, 0x0000000083200000, 0x0000000083300000|  0%| F|  |TAMS 0x0000000083200000, 0x0000000083200000| Untracked 
|  51|0x0000000083300000, 0x0000000083300000, 0x0000000083400000|  0%| F|  |TAMS 0x0000000083300000, 0x0000000083300000| Untracked 
|  52|0x0000000083400000, 0x0000000083400000, 0x0000000083500000|  0%| F|  |TAMS 0x0000000083400000, 0x0000000083400000| Untracked 
|  53|0x0000000083500000, 0x0000000083500000, 0x0000000083600000|  0%| F|  |TAMS 0x0000000083500000, 0x0000000083500000| Untracked 
|  54|0x0000000083600000, 0x0000000083600000, 0x0000000083700000|  0%| F|  |TAMS 0x0000000083600000, 0x0000000083600000| Untracked 
|  55|0x0000000083700000, 0x0000000083700000, 0x0000000083800000|  0%| F|  |TAMS 0x0000000083700000, 0x0000000083700000| Untracked 
|  56|0x0000000083800000, 0x0000000083800000, 0x0000000083900000|  0%| F|  |TAMS 0x0000000083800000, 0x0000000083800000| Untracked 
|  57|0x0000000083900000, 0x0000000083900000, 0x0000000083a00000|  0%| F|  |TAMS 0x0000000083900000, 0x0000000083900000| Untracked 
|  58|0x0000000083a00000, 0x0000000083a00000, 0x0000000083b00000|  0%| F|  |TAMS 0x0000000083a00000, 0x0000000083a00000| Untracked 
|  59|0x0000000083b00000, 0x0000000083b00000, 0x0000000083c00000|  0%| F|  |TAMS 0x0000000083b00000, 0x0000000083b00000| Untracked 
|  60|0x0000000083c00000, 0x0000000083c00000, 0x0000000083d00000|  0%| F|  |TAMS 0x0000000083c00000, 0x0000000083c00000| Untracked 
|  61|0x0000000083d00000, 0x0000000083d00000, 0x0000000083e00000|  0%| F|  |TAMS 0x0000000083d00000, 0x0000000083d00000| Untracked 
|  62|0x0000000083e00000, 0x0000000083e00000, 0x0000000083f00000|  0%| F|  |TAMS 0x0000000083e00000, 0x0000000083e00000| Untracked 
|  63|0x0000000083f00000, 0x0000000083f00000, 0x0000000084000000|  0%| F|  |TAMS 0x0000000083f00000, 0x0000000083f00000| Untracked 
|  64|0x0000000084000000, 0x0000000084000000, 0x0000000084100000|  0%| F|  |TAMS 0x0000000084000000, 0x0000000084000000| Untracked 
|  65|0x0000000084100000, 0x0000000084100000, 0x0000000084200000|  0%| F|  |TAMS 0x0000000084100000, 0x0000000084100000| Untracked 
|  66|0x0000000084200000, 0x0000000084200000, 0x0000000084300000|  0%| F|  |TAMS 0x0000000084200000, 0x0000000084200000| Untracked 
|  67|0x0000000084300000, 0x0000000084300000, 0x0000000084400000|  0%| F|  |TAMS 0x0000000084300000, 0x0000000084300000| Untracked 
|  68|0x0000000084400000, 0x0000000084400000, 0x0000000084500000|  0%| F|  |TAMS 0x0000000084400000, 0x0000000084400000| Untracked 
|  69|0x0000000084500000, 0x0000000084500000, 0x0000000084600000|  0%| F|  |TAMS 0x0000000084500000, 0x0000000084500000| Untracked 
|  70|0x0000000084600000, 0x0000000084600000, 0x0000000084700000|  0%| F|  |TAMS 0x0000000084600000, 0x0000000084600000| Untracked 
|  71|0x0000000084700000, 0x0000000084700000, 0x0000000084800000|  0%| F|  |TAMS 0x0000000084700000, 0x0000000084700000| Untracked 
|  72|0x0000000084800000, 0x0000000084800000, 0x0000000084900000|  0%| F|  |TAMS 0x0000000084800000, 0x0000000084800000| Untracked 
|  73|0x0000000084900000, 0x0000000084900000, 0x0000000084a00000|  0%| F|  |TAMS 0x0000000084900000, 0x0000000084900000| Untracked 
|  74|0x0000000084a00000, 0x0000000084a00000, 0x0000000084b00000|  0%| F|  |TAMS 0x0000000084a00000, 0x0000000084a00000| Untracked 
|  75|0x0000000084b00000, 0x0000000084b00000, 0x0000000084c00000|  0%| F|  |TAMS 0x0000000084b00000, 0x0000000084b00000| Untracked 
|  76|0x0000000084c00000, 0x0000000084c00000, 0x0000000084d00000|  0%| F|  |TAMS 0x0000000084c00000, 0x0000000084c00000| Untracked 
|  77|0x0000000084d00000, 0x0000000084d00000, 0x0000000084e00000|  0%| F|  |TAMS 0x0000000084d00000, 0x0000000084d00000| Untracked 
|  78|0x0000000084e00000, 0x0000000084e00000, 0x0000000084f00000|  0%| F|  |TAMS 0x0000000084e00000, 0x0000000084e00000| Untracked 
|  79|0x0000000084f00000, 0x0000000084f00000, 0x0000000085000000|  0%| F|  |TAMS 0x0000000084f00000, 0x0000000084f00000| Untracked 
|  80|0x0000000085000000, 0x0000000085000000, 0x0000000085100000|  0%| F|  |TAMS 0x0000000085000000, 0x0000000085000000| Untracked 
|  81|0x0000000085100000, 0x0000000085100000, 0x0000000085200000|  0%| F|  |TAMS 0x0000000085100000, 0x0000000085100000| Untracked 
|  82|0x0000000085200000, 0x0000000085200000, 0x0000000085300000|  0%| F|  |TAMS 0x0000000085200000, 0x0000000085200000| Untracked 
|  83|0x0000000085300000, 0x0000000085300000, 0x0000000085400000|  0%| F|  |TAMS 0x0000000085300000, 0x0000000085300000| Untracked 
|  84|0x0000000085400000, 0x0000000085400000, 0x0000000085500000|  0%| F|  |TAMS 0x0000000085400000, 0x0000000085400000| Untracked 
|  85|0x0000000085500000, 0x0000000085500000, 0x0000000085600000|  0%| F|  |TAMS 0x0000000085500000, 0x0000000085500000| Untracked 
|  86|0x0000000085600000, 0x0000000085600000, 0x0000000085700000|  0%| F|  |TAMS 0x0000000085600000, 0x0000000085600000| Untracked 
|  87|0x0000000085700000, 0x0000000085700000, 0x0000000085800000|  0%| F|  |TAMS 0x0000000085700000, 0x0000000085700000| Untracked 
|  88|0x0000000085800000, 0x0000000085800000, 0x0000000085900000|  0%| F|  |TAMS 0x0000000085800000, 0x0000000085800000| Untracked 
|  89|0x0000000085900000, 0x0000000085900000, 0x0000000085a00000|  0%| F|  |TAMS 0x0000000085900000, 0x0000000085900000| Untracked 
|  90|0x0000000085a00000, 0x0000000085a00000, 0x0000000085b00000|  0%| F|  |TAMS 0x0000000085a00000, 0x0000000085a00000| Untracked 
|  91|0x0000000085b00000, 0x0000000085b00000, 0x0000000085c00000|  0%| F|  |TAMS 0x0000000085b00000, 0x0000000085b00000| Untracked 
|  92|0x0000000085c00000, 0x0000000085c715d8, 0x0000000085d00000| 44%| E|  |TAMS 0x0000000085c00000, 0x0000000085c00000| Complete 
|  93|0x0000000085d00000, 0x0000000085e00000, 0x0000000085e00000|100%| E|CS|TAMS 0x0000000085d00000, 0x0000000085d00000| Complete 
|  94|0x0000000085e00000, 0x0000000085f00000, 0x0000000085f00000|100%| E|CS|TAMS 0x0000000085e00000, 0x0000000085e00000| Complete 
|  95|0x0000000085f00000, 0x0000000086000000, 0x0000000086000000|100%| E|CS|TAMS 0x0000000085f00000, 0x0000000085f00000| Complete 

Card table byte_map: [0x000001f83e8c0000,0x000001f83ecc0000] _byte_map_base: 0x000001f83e4c0000

Marking Bits (Prev, Next): (CMBitMap*) 0x000001f826c60620, (CMBitMap*) 0x000001f826c60660
 Prev Bits: [0x000001f83f0c0000, 0x000001f8410c0000)
 Next Bits: [0x000001f8410c0000, 0x000001f8430c0000)

Polling page: 0x000001f824b60000

Metaspace:

Usage:
  Non-class:     12.45 MB capacity,    12.19 MB ( 98%) used,   242.31 KB (  2%) free+waste,    22.19 KB ( <1%) overhead. 
      Class:      2.17 MB capacity,     2.03 MB ( 93%) used,   134.38 KB (  6%) free+waste,    10.94 KB ( <1%) overhead. 
       Both:     14.62 MB capacity,    14.22 MB ( 97%) used,   376.70 KB (  3%) free+waste,    33.13 KB ( <1%) overhead. 

Virtual space:
  Non-class space:       14.00 MB reserved,      12.50 MB ( 89%) committed 
      Class space:        1.00 GB reserved,       2.25 MB ( <1%) committed 
             Both:        1.01 GB reserved,      14.75 MB (  1%) committed 

Chunk freelists:
   Non-Class:  52.00 KB
       Class:  18.00 KB
        Both:  70.00 KB

MaxMetaspaceSize: 17179869184.00 GB
CompressedClassSpaceSize: 1.00 GB

CodeHeap 'non-profiled nmethods': size=120000Kb used=986Kb max_used=986Kb free=119014Kb
 bounds [0x000001f836c50000, 0x000001f836ec0000, 0x000001f83e180000]
CodeHeap 'profiled nmethods': size=120000Kb used=4111Kb max_used=4111Kb free=115888Kb
 bounds [0x000001f82f720000, 0x000001f82fb30000, 0x000001f836c50000]
CodeHeap 'non-nmethods': size=5760Kb used=1224Kb max_used=1236Kb free=4535Kb
 bounds [0x000001f82f180000, 0x000001f82f3f0000, 0x000001f82f720000]
 total_blobs=2576 nmethods=2086 adapters=402
 compilation: enabled
              stopped_count=0, restarted_count=0
 full_count=0

Compilation events (20 events):
Event: 2.782 Thread 0x000001f845ae1d70 2077       3       java.lang.Package$VersionInfo::<init> (44 bytes)
Event: 2.782 Thread 0x000001f845ae1d70 nmethod 2077 0x000001f82fb1f390 code [0x000001f82fb1f540, 0x000001f82fb1f938]
Event: 2.782 Thread 0x000001f845ae1d70 2073       1       java.util.concurrent.atomic.AtomicInteger::get (5 bytes)
Event: 2.782 Thread 0x000001f845ae1d70 nmethod 2073 0x000001f836d45890 code [0x000001f836d45a20, 0x000001f836d45ad8]
Event: 2.786 Thread 0x000001f845ae1d70 2078       3       sun.reflect.generics.parser.SignatureParser::parseFieldTypeSignature (6 bytes)
Event: 2.786 Thread 0x000001f845ae1d70 nmethod 2078 0x000001f82fb1fa10 code [0x000001f82fb1fbc0, 0x000001f82fb1fce8]
Event: 2.786 Thread 0x000001f845ae1d70 2079       3       sun.reflect.generics.parser.SignatureParser::parseFieldTypeSignature (73 bytes)
Event: 2.787 Thread 0x000001f845ae1d70 nmethod 2079 0x000001f82fb1fd90 code [0x000001f82fb1ffc0, 0x000001f82fb20478]
Event: 2.791 Thread 0x000001f845ada9a0 2080       4       jdk.internal.perf.PerfCounter::addElapsedTimeFrom (10 bytes)
Event: 2.793 Thread 0x000001f845ae1d70 2081       3       java.lang.invoke.DirectMethodHandle$Holder::newInvokeSpecial (21 bytes)
Event: 2.793 Thread 0x000001f845ae1d70 nmethod 2081 0x000001f82fb20690 code [0x000001f82fb20880, 0x000001f82fb21068]
Event: 2.793 Thread 0x000001f845ae1d70 2083       3       java.lang.ref.ReferenceQueue::reallyPoll (65 bytes)
Event: 2.793 Thread 0x000001f845ae1d70 nmethod 2083 0x000001f82fb21210 code [0x000001f82fb213e0, 0x000001f82fb218f8]
Event: 2.793 Thread 0x000001f845ae1d70 2085       3       jdk.internal.org.objectweb.asm.Frame::accept (264 bytes)
Event: 2.794 Thread 0x000001f845ada9a0 nmethod 2080 0x000001f836d45b90 code [0x000001f836d45d20, 0x000001f836d45f98]
Event: 2.794 Thread 0x000001f845ae1d70 nmethod 2085 0x000001f82fb21a10 code [0x000001f82fb21c40, 0x000001f82fb22558]
Event: 2.794 Thread 0x000001f845ae1d70 2084       3       jdk.internal.org.objectweb.asm.Edge::<init> (20 bytes)
Event: 2.794 Thread 0x000001f845ae1d70 nmethod 2084 0x000001f82fb22910 code [0x000001f82fb22ac0, 0x000001f82fb22cd8]
Event: 2.794 Thread 0x000001f845ae1d70 2082       1       java.util.Collections$1::hasNext (5 bytes)
Event: 2.795 Thread 0x000001f845ae1d70 nmethod 2082 0x000001f836d46210 code [0x000001f836d463a0, 0x000001f836d46458]

GC Heap History (6 events):
Event: 1.007 GC heap before
{Heap before GC invocations=0 (full 0):
 garbage-first heap   total 98304K, used 28672K [0x0000000080000000, 0x0000000100000000)
  region size 1024K, 23 young (23552K), 0 survivors (0K)
 Metaspace       used 3334K, capacity 6118K, committed 6400K, reserved 1056768K
  class space    used 409K, capacity 674K, committed 768K, reserved 1048576K
}
Event: 1.014 GC heap after
{Heap after GC invocations=1 (full 0):
 garbage-first heap   total 98304K, used 9075K [0x0000000080000000, 0x0000000100000000)
  region size 1024K, 3 young (3072K), 3 survivors (3072K)
 Metaspace       used 3334K, capacity 6118K, committed 6400K, reserved 1056768K
  class space    used 409K, capacity 674K, committed 768K, reserved 1048576K
}
Event: 1.420 GC heap before
{Heap before GC invocations=1 (full 0):
 garbage-first heap   total 98304K, used 35699K [0x0000000080000000, 0x0000000100000000)
  region size 1024K, 28 young (28672K), 3 survivors (3072K)
 Metaspace       used 4261K, capacity 6633K, committed 6912K, reserved 1056768K
  class space    used 505K, capacity 739K, committed 768K, reserved 1048576K
}
Event: 1.427 GC heap after
{Heap after GC invocations=2 (full 0):
 garbage-first heap   total 98304K, used 11805K [0x0000000080000000, 0x0000000100000000)
  region size 1024K, 3 young (3072K), 3 survivors (3072K)
 Metaspace       used 4261K, capacity 6633K, committed 6912K, reserved 1056768K
  class space    used 505K, capacity 739K, committed 768K, reserved 1048576K
}
Event: 2.770 GC heap before
{Heap before GC invocations=2 (full 0):
 garbage-first heap   total 98304K, used 66077K [0x0000000080000000, 0x0000000100000000)
  region size 1024K, 56 young (57344K), 3 survivors (3072K)
 Metaspace       used 14209K, capacity 14711K, committed 14976K, reserved 1062912K
  class space    used 2005K, capacity 2157K, committed 2176K, reserved 1048576K
}
Event: 2.777 GC heap after
{Heap after GC invocations=3 (full 0):
 garbage-first heap   total 98304K, used 16939K [0x0000000080000000, 0x0000000100000000)
  region size 1024K, 7 young (7168K), 7 survivors (7168K)
 Metaspace       used 14209K, capacity 14711K, committed 14976K, reserved 1062912K
  class space    used 2005K, capacity 2157K, committed 2176K, reserved 1048576K
}

Deoptimization events (20 events):
Event: 2.480 Thread 0x000001f848622360 Uncommon trap: trap_request=0xffffff45 fr.pc=0x000001f836cba210 relative=0x00000000000001f0
Event: 2.480 Thread 0x000001f848622360 Uncommon trap: reason=unstable_if action=reinterpret pc=0x000001f836cba210 method=java.util.regex.Matcher.reset()Ljava/util/regex/Matcher; @ 71 c2
Event: 2.480 Thread 0x000001f848622360 DEOPT PACKING pc=0x000001f836cba210 sp=0x0000004ba72f8870
Event: 2.480 Thread 0x000001f848622360 DEOPT UNPACKING pc=0x000001f82f1ce42f sp=0x0000004ba72f87f8 mode 2
Event: 2.480 Thread 0x000001f848622360 Uncommon trap: trap_request=0xffffff45 fr.pc=0x000001f836c69ee0 relative=0x0000000000000400
Event: 2.480 Thread 0x000001f848622360 Uncommon trap: reason=unstable_if action=reinterpret pc=0x000001f836c69ee0 method=java.util.regex.Matcher.match(II)Z @ 76 c2
Event: 2.480 Thread 0x000001f848622360 DEOPT PACKING pc=0x000001f836c69ee0 sp=0x0000004ba72f88a0
Event: 2.480 Thread 0x000001f848622360 DEOPT UNPACKING pc=0x000001f82f1ce42f sp=0x0000004ba72f8870 mode 2
Event: 2.556 Thread 0x000001f848622360 Uncommon trap: trap_request=0xffffffc6 fr.pc=0x000001f836cc1ba4 relative=0x0000000000000084
Event: 2.556 Thread 0x000001f848622360 Uncommon trap: reason=bimorphic_or_optimized_type_check action=maybe_recompile pc=0x000001f836cc1ba4 method=java.util.AbstractList$Itr.hasNext()Z @ 8 c2
Event: 2.556 Thread 0x000001f848622360 DEOPT PACKING pc=0x000001f836cc1ba4 sp=0x0000004ba72faec0
Event: 2.556 Thread 0x000001f848622360 DEOPT UNPACKING pc=0x000001f82f1ce42f sp=0x0000004ba72fae58 mode 2
Event: 2.556 Thread 0x000001f848622360 Uncommon trap: trap_request=0xffffffc6 fr.pc=0x000001f836cc1f34 relative=0x0000000000000114
Event: 2.556 Thread 0x000001f848622360 Uncommon trap: reason=bimorphic_or_optimized_type_check action=maybe_recompile pc=0x000001f836cc1f34 method=java.util.AbstractList$Itr.next()Ljava/lang/Object; @ 14 c2
Event: 2.556 Thread 0x000001f848622360 DEOPT PACKING pc=0x000001f836cc1f34 sp=0x0000004ba72faeb0
Event: 2.556 Thread 0x000001f848622360 DEOPT UNPACKING pc=0x000001f82f1ce42f sp=0x0000004ba72fae48 mode 2
Event: 2.557 Thread 0x000001f848622360 Uncommon trap: trap_request=0xffffff45 fr.pc=0x000001f836cbea70 relative=0x0000000000000630
Event: 2.557 Thread 0x000001f848622360 Uncommon trap: reason=unstable_if action=reinterpret pc=0x000001f836cbea70 method=java.io.File.getName()Ljava/lang/String; @ 16 c2
Event: 2.557 Thread 0x000001f848622360 DEOPT PACKING pc=0x000001f836cbea70 sp=0x0000004ba72fb980
Event: 2.557 Thread 0x000001f848622360 DEOPT UNPACKING pc=0x000001f82f1ce42f sp=0x0000004ba72fb950 mode 2

Classes unloaded (0 events):
No events

Classes redefined (0 events):
No events

Internal exceptions (20 events):
Event: 2.179 Thread 0x000001f847a115e0 Exception <a 'java/lang/NoSuchMethodError'{0x0000000084886728}: static Lorg/gradle/internal/DefaultTaskExecutionRequest;.<clinit>()V> (0x0000000084886728) 
thrown [./src/hotspot/share/prims/jni.cpp, line 1204]
Event: 2.251 Thread 0x000001f848622360 Exception <a 'java/lang/NoSuchMethodError'{0x000000008455a058}: 'void java.lang.invoke.DirectMethodHandle$Holder.invokeVirtual(java.lang.Object, java.lang.Object, java.lang.Object, java.lang.Object)'> (0x000000008455a058) 
thrown [./src/hotspot/share/interpreter/linkResolver.cpp, line 782]
Event: 2.253 Thread 0x000001f848622360 Exception <a 'java/lang/NoSuchMethodError'{0x00000000845647e0}: 'void java.lang.invoke.DirectMethodHandle$Holder.invokeSpecial(java.lang.Object, java.lang.Object, java.lang.Object, java.lang.Object, java.lang.Object)'> (0x00000000845647e0) 
thrown [./src/hotspot/share/interpreter/linkResolver.cpp, line 782]
Event: 2.254 Thread 0x000001f848622360 Exception <a 'java/lang/NoSuchMethodError'{0x000000008456c268}: 'java.lang.Object java.lang.invoke.Invokers$Holder.invoker(java.lang.Object, java.lang.Object, java.lang.Object, java.lang.Object)'> (0x000000008456c268) 
thrown [./src/hotspot/share/interpreter/linkResolver.cpp, line 782]
Event: 2.260 Thread 0x000001f848622360 Exception <a 'java/lang/NoSuchMethodError'{0x000000008459c5a0}: 'long java.lang.invoke.DirectMethodHandle$Holder.invokeInterface(java.lang.Object, java.lang.Object)'> (0x000000008459c5a0) 
thrown [./src/hotspot/share/interpreter/linkResolver.cpp, line 782]
Event: 2.263 Thread 0x000001f848622360 Exception <a 'java/lang/NoSuchMethodError'{0x00000000845bb1b0}: 'void java.lang.invoke.DelegatingMethodHandle$Holder.reinvoke_L(java.lang.Object, java.lang.Object, java.lang.Object, java.lang.Object, java.lang.Object, java.lang.Object, java.lang.Object)'> (0x00000000845bb1b0) 
thrown [./src/hotspot/share/interpreter/linkResolver.cpp, line 782]
Event: 2.427 Thread 0x000001f848622360 Exception <a 'java/lang/NoSuchMethodError'{0x0000000083835328}: 'java.lang.Object java.lang.invoke.DirectMethodHandle$Holder.invokeVirtual(java.lang.Object, java.lang.Object, java.lang.Object)'> (0x0000000083835328) 
thrown [./src/hotspot/share/interpreter/linkResolver.cpp, line 782]
Event: 2.456 Thread 0x000001f848622360 Exception <a 'java/lang/NoSuchMethodError'{0x00000000837d3ea8}: 'void java.lang.invoke.DirectMethodHandle$Holder.invokeInterface(java.lang.Object, java.lang.Object)'> (0x00000000837d3ea8) 
thrown [./src/hotspot/share/interpreter/linkResolver.cpp, line 782]
Event: 2.456 Thread 0x000001f848622360 Exception <a 'java/lang/IncompatibleClassChangeError'{0x00000000837d78b0}: Found class java.lang.Object, but interface was expected> (0x00000000837d78b0) 
thrown [./src/hotspot/share/interpreter/linkResolver.cpp, line 848]
Event: 2.471 Thread 0x000001f848622360 Exception <a 'java/lang/NoSuchMethodError'{0x00000000836b7bb8}: 'void java.lang.invoke.DirectMethodHandle$Holder.invokeStaticInit(java.lang.Object)'> (0x00000000836b7bb8) 
thrown [./src/hotspot/share/interpreter/linkResolver.cpp, line 782]
Event: 2.516 Thread 0x000001f848622360 Exception <a 'java/lang/NoSuchMethodError'{0x00000000834b26f0}: 'java.lang.Object java.lang.invoke.DirectMethodHandle$Holder.newInvokeSpecial(java.lang.Object, java.lang.Object, java.lang.Object, int)'> (0x00000000834b26f0) 
thrown [./src/hotspot/share/interpreter/linkResolver.cpp, line 782]
Event: 2.516 Thread 0x000001f848622360 Exception <a 'java/lang/NoSuchMethodError'{0x00000000834b7128}: 'java.lang.Object java.lang.invoke.DirectMethodHandle$Holder.invokeSpecial(java.lang.Object, java.lang.Object, java.lang.Object, java.lang.Object, int)'> (0x00000000834b7128) 
thrown [./src/hotspot/share/interpreter/linkResolver.cpp, line 782]
Event: 2.517 Thread 0x000001f848622360 Exception <a 'java/lang/NoSuchMethodError'{0x00000000834bb438}: 'java.lang.Object java.lang.invoke.Invokers$Holder.linkToTargetMethod(java.lang.Object, java.lang.Object, int, java.lang.Object)'> (0x00000000834bb438) 
thrown [./src/hotspot/share/interpreter/linkResolver.cpp, line 782]
Event: 2.582 Thread 0x000001f848622360 Exception <a 'java/lang/NoSuchMethodError'{0x00000000831907e0}: 'java.lang.Object java.lang.invoke.DirectMethodHandle$Holder.newInvokeSpecial(java.lang.Object, java.lang.Object, java.lang.Object, java.lang.Object, java.lang.Object)'> (0x00000000831907e0) 
thrown [./src/hotspot/share/interpreter/linkResolver.cpp, line 782]
Event: 2.603 Thread 0x000001f848622360 Exception <a 'java/lang/NoSuchMethodError'{0x00000000830a6dc0}: 'int java.lang.invoke.DirectMethodHandle$Holder.invokeSpecialIFC(java.lang.Object, java.lang.Object, java.lang.Object, java.lang.Object)'> (0x00000000830a6dc0) 
thrown [./src/hotspot/share/interpreter/linkResolver.cpp, line 782]
Event: 2.606 Thread 0x000001f848622360 Exception <a 'java/lang/NoSuchMethodError'{0x00000000830b6538}: 'java.lang.Object java.lang.invoke.DirectMethodHandle$Holder.invokeInterface(java.lang.Object, java.lang.Object, java.lang.Object)'> (0x00000000830b6538) 
thrown [./src/hotspot/share/interpreter/linkResolver.cpp, line 782]
Event: 2.606 Thread 0x000001f848622360 Exception <a 'java/lang/IncompatibleClassChangeError'{0x00000000830ba320}: Found class java.lang.Object, but interface was expected> (0x00000000830ba320) 
thrown [./src/hotspot/share/interpreter/linkResolver.cpp, line 848]
Event: 2.642 Thread 0x000001f848622360 Exception <a 'java/lang/NoSuchMethodError'{0x0000000082e89290}: 'int java.lang.invoke.DirectMethodHandle$Holder.invokeStatic(java.lang.Object, java.lang.Object, java.lang.Object, java.lang.Object)'> (0x0000000082e89290) 
thrown [./src/hotspot/share/interpreter/linkResolver.cpp, line 782]
Event: 2.642 Thread 0x000001f848622360 Exception <a 'java/lang/NoSuchMethodError'{0x0000000082e8d090}: 'java.lang.Object java.lang.invoke.Invokers$Holder.invokeExact_MT(java.lang.Object, java.lang.Object, java.lang.Object, java.lang.Object, java.lang.Object, java.lang.Object)'> (0x0000000082e8d090) 
thrown [./src/hotspot/share/interpreter/linkResolver.cpp, line 782]
Event: 2.723 Thread 0x000001f848622360 Exception <a 'java/lang/NoSuchMethodError'{0x0000000082a935a8}: 'java.lang.Object java.lang.invoke.DirectMethodHandle$Holder.invokeSpecial(java.lang.Object, java.lang.Object, java.lang.Object, java.lang.Object, java.lang.Object, java.lang.Object, java.lang.Object, java.lang.Object, java.lang.Object)'> (0x0000000082a935a8) 
thrown [./src/hotspot/share/interpreter/linkResolver.cpp, line 782]

Events (20 events):
Event: 2.601 loading class java/nio/file/FileVisitor done
Event: 2.601 loading class java/nio/file/FileVisitOption
Event: 2.602 loading class java/nio/file/FileVisitOption done
Event: 2.606 loading class java/util/stream/ReduceOps$1
Event: 2.606 loading class java/util/stream/ReduceOps$1 done
Event: 2.606 loading class java/util/stream/ReduceOps$1ReducingSink
Event: 2.607 loading class java/util/stream/ReduceOps$1ReducingSink done
Event: 2.654 Thread 0x000001f8477bc2c0 Thread added: 0x000001f8477bc2c0
Event: 2.747 loading class java/lang/management/MemoryType
Event: 2.747 loading class java/lang/management/MemoryType done
Event: 2.748 loading class java/lang/management/MemoryUsage
Event: 2.748 loading class java/lang/management/MemoryUsage done
Event: 2.748 loading class java/util/concurrent/LinkedBlockingDeque$Node
Event: 2.748 loading class java/util/concurrent/LinkedBlockingDeque$Node done
Event: 2.770 Executing VM operation: G1CollectForAllocation
Event: 2.777 Executing VM operation: G1CollectForAllocation done
Event: 2.792 loading class java/lang/annotation/Target
Event: 2.792 loading class java/lang/annotation/Target done
Event: 2.792 loading class java/lang/annotation/Documented
Event: 2.792 loading class java/lang/annotation/Documented done


Dynamic libraries:
0x00007ff727820000 - 0x00007ff72782d000 	C:\Users\ha phun\.jdks\azul-15.0.9\bin\java.exe
0x00007ffbf88a0000 - 0x00007ffbf8aa9000 	C:\WINDOWS\SYSTEM32\ntdll.dll
0x00007ffbf7080000 - 0x00007ffbf713d000 	C:\WINDOWS\System32\KERNEL32.DLL
0x00007ffbf5d70000 - 0x00007ffbf60eb000 	C:\WINDOWS\System32\KERNELBASE.dll
0x00007ffbf60f0000 - 0x00007ffbf6201000 	C:\WINDOWS\System32\ucrtbase.dll
0x00007ffbd3cd0000 - 0x00007ffbd3ce8000 	C:\Users\ha phun\.jdks\azul-15.0.9\bin\jli.dll
0x00007ffbd3c40000 - 0x00007ffbd3c55000 	C:\Users\ha phun\.jdks\azul-15.0.9\bin\VCRUNTIME140.dll
0x00007ffbf7690000 - 0x00007ffbf783d000 	C:\WINDOWS\System32\USER32.dll
0x00007ffbe4b60000 - 0x00007ffbe4e05000 	C:\WINDOWS\WinSxS\amd64_microsoft.windows.common-controls_6595b64144ccf1df_6.0.22000.120_none_9d947278b86cc467\COMCTL32.dll
0x00007ffbf6630000 - 0x00007ffbf6656000 	C:\WINDOWS\System32\win32u.dll
0x00007ffbf7840000 - 0x00007ffbf78e3000 	C:\WINDOWS\System32\msvcrt.dll
0x00007ffbf74b0000 - 0x00007ffbf74d9000 	C:\WINDOWS\System32\GDI32.dll
0x00007ffbf6510000 - 0x00007ffbf6628000 	C:\WINDOWS\System32\gdi32full.dll
0x00007ffbf6290000 - 0x00007ffbf632d000 	C:\WINDOWS\System32\msvcp_win.dll
0x00007ffbf7a40000 - 0x00007ffbf7a71000 	C:\WINDOWS\System32\IMM32.DLL
0x00007ffbab170000 - 0x00007ffbab20b000 	C:\Users\ha phun\.jdks\azul-15.0.9\bin\msvcp140.dll
0x00007ffb83fd0000 - 0x00007ffb84b6a000 	C:\Users\ha phun\.jdks\azul-15.0.9\bin\server\jvm.dll
0x00007ffbf6fc0000 - 0x00007ffbf706e000 	C:\WINDOWS\System32\ADVAPI32.dll
0x00007ffbf7410000 - 0x00007ffbf74ae000 	C:\WINDOWS\System32\sechost.dll
0x00007ffbf82d0000 - 0x00007ffbf83f0000 	C:\WINDOWS\System32\RPCRT4.dll
0x00007ffbf6720000 - 0x00007ffbf6728000 	C:\WINDOWS\System32\PSAPI.DLL
0x00007ffbef290000 - 0x00007ffbef2c3000 	C:\WINDOWS\SYSTEM32\WINMM.dll
0x00007ffbec4b0000 - 0x00007ffbec4ba000 	C:\WINDOWS\SYSTEM32\VERSION.dll
0x00007ffbf2c90000 - 0x00007ffbf2c99000 	C:\WINDOWS\SYSTEM32\WSOCK32.dll
0x00007ffbf7e80000 - 0x00007ffbf7eef000 	C:\WINDOWS\System32\WS2_32.dll
0x00007ffbf4df0000 - 0x00007ffbf4e08000 	C:\WINDOWS\SYSTEM32\kernel.appcore.dll
0x00007ffbe9f50000 - 0x00007ffbe9f5a000 	C:\Users\ha phun\.jdks\azul-15.0.9\bin\jimage.dll
0x00007ffbf3700000 - 0x00007ffbf3921000 	C:\WINDOWS\SYSTEM32\DBGHELP.DLL
0x00007ffbdc170000 - 0x00007ffbdc1a1000 	C:\WINDOWS\SYSTEM32\dbgcore.DLL
0x00007ffbf6210000 - 0x00007ffbf628f000 	C:\WINDOWS\System32\bcryptPrimitives.dll
0x00007ffbcf1c0000 - 0x00007ffbcf1e5000 	C:\Users\ha phun\.jdks\azul-15.0.9\bin\java.dll
0x00007ffbf6730000 - 0x00007ffbf6ee8000 	C:\WINDOWS\System32\SHELL32.dll
0x00007ffbf3e60000 - 0x00007ffbf46c5000 	C:\WINDOWS\SYSTEM32\windows.storage.dll
0x00007ffbf7f50000 - 0x00007ffbf82c7000 	C:\WINDOWS\System32\combase.dll
0x00007ffbf3cf0000 - 0x00007ffbf3e56000 	C:\WINDOWS\SYSTEM32\wintypes.dll
0x00007ffbf7320000 - 0x00007ffbf740a000 	C:\WINDOWS\System32\SHCORE.dll
0x00007ffbf6ef0000 - 0x00007ffbf6f4d000 	C:\WINDOWS\System32\shlwapi.dll
0x00007ffbf5ca0000 - 0x00007ffbf5cc1000 	C:\WINDOWS\SYSTEM32\profapi.dll
0x00007ffbcf4d0000 - 0x00007ffbcf4e9000 	C:\Users\ha phun\.jdks\azul-15.0.9\bin\net.dll
0x00007ffbeef90000 - 0x00007ffbef09c000 	C:\WINDOWS\SYSTEM32\WINHTTP.dll
0x00007ffbf5290000 - 0x00007ffbf52f7000 	C:\WINDOWS\system32\mswsock.dll
0x00007ffbcf350000 - 0x00007ffbcf362000 	C:\Users\ha phun\.jdks\azul-15.0.9\bin\nio.dll
0x00007ffbcf1a0000 - 0x00007ffbcf1b8000 	C:\Users\ha phun\.jdks\azul-15.0.9\bin\zip.dll
0x00007ffbe9e30000 - 0x00007ffbe9e40000 	C:\Users\ha phun\.jdks\azul-15.0.9\bin\verify.dll
0x00007ffbcf4f0000 - 0x00007ffbcf517000 	C:\Users\ha phun\.gradle\native\8bec1ad78214c89d9ad589b4d07fe93259594b29d510b10fafb7a158f7737e5d\windows-amd64\native-platform.dll
0x00007ffba9110000 - 0x00007ffba924d000 	C:\Users\ha phun\.gradle\native\53dbd7edfb1c66fb8903c78663c9afc45aea4f116125fa6feffd364cf09443e8\windows-amd64\native-platform-file-events.dll
0x00007ffbe7b20000 - 0x00007ffbe7b29000 	C:\Users\ha phun\.jdks\azul-15.0.9\bin\management.dll
0x00007ffbe4ad0000 - 0x00007ffbe4adb000 	C:\Users\ha phun\.jdks\azul-15.0.9\bin\management_ext.dll
0x00007ffbf54d0000 - 0x00007ffbf54e8000 	C:\WINDOWS\SYSTEM32\CRYPTSP.dll
0x00007ffbf4d50000 - 0x00007ffbf4d85000 	C:\WINDOWS\system32\rsaenh.dll
0x00007ffbf5380000 - 0x00007ffbf53a9000 	C:\WINDOWS\SYSTEM32\USERENV.dll
0x00007ffbf5660000 - 0x00007ffbf5687000 	C:\WINDOWS\SYSTEM32\bcrypt.dll
0x00007ffbf54f0000 - 0x00007ffbf54fc000 	C:\WINDOWS\SYSTEM32\CRYPTBASE.dll
0x00007ffbf4920000 - 0x00007ffbf494d000 	C:\WINDOWS\SYSTEM32\IPHLPAPI.DLL
0x00007ffbf78f0000 - 0x00007ffbf78f9000 	C:\WINDOWS\System32\NSI.dll
0x00007ffbeec20000 - 0x00007ffbeec39000 	C:\WINDOWS\SYSTEM32\dhcpcsvc6.DLL
0x00007ffbef650000 - 0x00007ffbef66e000 	C:\WINDOWS\SYSTEM32\dhcpcsvc.DLL
0x00007ffbf4950000 - 0x00007ffbf4a38000 	C:\WINDOWS\SYSTEM32\DNSAPI.dll

dbghelp: loaded successfully - version: 4.0.5 - missing functions: none
symbol engine: initialized successfully - sym options: 0x614 - pdb path: .;C:\Users\ha phun\.jdks\azul-15.0.9\bin;C:\WINDOWS\SYSTEM32;C:\WINDOWS\WinSxS\amd64_microsoft.windows.common-controls_6595b64144ccf1df_6.0.22000.120_none_9d947278b86cc467;C:\Users\ha phun\.jdks\azul-15.0.9\bin\server;C:\Users\ha phun\.gradle\native\8bec1ad78214c89d9ad589b4d07fe93259594b29d510b10fafb7a158f7737e5d\windows-amd64;C:\Users\ha phun\.gradle\native\53dbd7edfb1c66fb8903c78663c9afc45aea4f116125fa6feffd364cf09443e8\windows-amd64

VM Arguments:
jvm_args: --add-opens=java.base/java.util=ALL-UNNAMED --add-opens=java.base/java.lang=ALL-UNNAMED --add-opens=java.base/java.lang.invoke=ALL-UNNAMED --add-opens=java.base/java.util=ALL-UNNAMED --add-opens=java.prefs/java.util.prefs=ALL-UNNAMED --add-opens=java.prefs/java.util.prefs=ALL-UNNAMED --add-opens=java.base/java.nio.charset=ALL-UNNAMED --add-opens=java.base/java.net=ALL-UNNAMED --add-opens=java.base/java.util.concurrent.atomic=ALL-UNNAMED -Xmx2048m -Dfile.encoding=UTF-8 -Duser.country=US -Duser.language=en -Duser.variant 
java_command: org.gradle.launcher.daemon.bootstrap.GradleDaemon 7.0.2
java_class_path (initial): C:\Users\ha phun\.gradle\wrapper\dists\gradle-7.0.2-bin\857tjihv64xamwrf0h14cai3r\gradle-7.0.2\lib\gradle-launcher-7.0.2.jar
Launcher Type: SUN_STANDARD

[Global flags]
     intx CICompilerCount                          = 4                                         {product} {ergonomic}
     uint ConcGCThreads                            = 2                                         {product} {ergonomic}
     uint G1ConcRefinementThreads                  = 8                                         {product} {ergonomic}
   size_t G1HeapRegionSize                         = 1048576                                   {product} {ergonomic}
    uintx GCDrainStackTargetSize                   = 64                                        {product} {ergonomic}
   size_t InitialHeapSize                          = 100663296                                 {product} {ergonomic}
   size_t MarkStackSize                            = 4194304                                   {product} {ergonomic}
   size_t MaxHeapSize                              = 2147483648                                {product} {command line}
   size_t MaxNewSize                               = 1287651328                                {product} {ergonomic}
   size_t MinHeapDeltaBytes                        = 1048576                                   {product} {ergonomic}
   size_t MinHeapSize                              = 8388608                                   {product} {ergonomic}
    uintx NonNMethodCodeHeapSize                   = 5839372                                {pd product} {ergonomic}
    uintx NonProfiledCodeHeapSize                  = 122909434                              {pd product} {ergonomic}
    uintx ProfiledCodeHeapSize                     = 122909434                              {pd product} {ergonomic}
    uintx ReservedCodeCacheSize                    = 251658240                              {pd product} {ergonomic}
     bool SegmentedCodeCache                       = true                                      {product} {ergonomic}
   size_t SoftMaxHeapSize                          = 2147483648                             {manageable} {ergonomic}
     bool UseCompressedClassPointers               = true                                 {lp64_product} {ergonomic}
     bool UseCompressedOops                        = true                                 {lp64_product} {ergonomic}
     bool UseG1GC                                  = true                                      {product} {ergonomic}
     bool UseLargePagesIndividualAllocation        = false                                  {pd product} {ergonomic}

Logging:
Log output configuration:
 #0: stdout all=warning uptime,level,tags
 #1: stderr all=off uptime,level,tags

Environment Variables:
PATH=C:\Windows\system32;C:\Windows;C:\Windows\System32\Wbem;C:\Windows\System32\WindowsPowerShell\v1.0\;C:\Windows\System32\OpenSSH\;C:\Program Files\dotnet\;C:\WINDOWS\system32;C:\WINDOWS;C:\WINDOWS\System32\Wbem;C:\WINDOWS\System32\WindowsPowerShell\v1.0\;C:\WINDOWS\System32\OpenSSH\;C:\Program Files\Microsoft SQL Server\Client SDK\ODBC\170\Tools\Binn\;C:\Program Files (x86)\Microsoft SQL Server\150\Tools\Binn\;C:\Program Files\Microsoft SQL Server\150\Tools\Binn\;C:\Program Files\Microsoft SQL Server\150\DTS\Binn\;C:\Program Files (x86)\Microsoft SQL Server\150\DTS\Binn\;C:\Program Files\Azure Data Studio\bin;C:\Program Files\Git\cmd;C:\Users\ha phun\AppData\Local\Microsoft\WindowsApps;C:\Users\ha phun\.dotnet\tools;;C:\Users\ha phun\AppData\Local\Programs\Microsoft VS Code\bin;C:\Program Files\Azure Data Studio\bin
USERNAME=ha phun
OS=Windows_NT
PROCESSOR_IDENTIFIER=AMD64 Family 23 Model 24 Stepping 1, AuthenticAMD



---------------  S Y S T E M  ---------------

OS:
 Windows 11 , 64 bit Build 22000 (10.0.22000.708)
OS uptime: 4 days 21:47 hours

CPU: total 8 (initial active 8) (8 cores per cpu, 2 threads per core) family 23 model 24 stepping 1 microcode 0x0, cmov, cx8, fxsr, mmx, sse, sse2, sse3, ssse3, sse4.1, sse4.2, popcnt, vzeroupper, avx, avx2, aes, clmul, 3dnowpref, lzcnt, sse4a, ht, tsc, tscinvbit, tscinv, bmi1, bmi2, adx, sha, fma, clflush, clflushopt

Memory: 4k page, system-wide physical 6091M (376M free)
TotalPageFile size 14091M (AvailPageFile size 5M)
current process WorkingSet (physical memory assigned to process): 162M, peak: 162M
current process commit charge ("private bytes"): 233M, peak: 233M

vm_info: OpenJDK 64-Bit Server VM (15.0.9+5-MTS) for windows-amd64 JRE (15.0.9+5-MTS) (Zulu15.44+13-CA), built on Oct  7 2022 09:58:48 by "zulu_re" with MS VC++ 15.9 (VS2017)

END.
